Log file open, 01/06/24 23:54:45
LogWindows: Failed to load 'aqProf.dll' (GetLastError=126)
LogWindows: File 'aqProf.dll' does not exist
LogWindows: Failed to load 'VtuneApi.dll' (GetLastError=126)
LogWindows: File 'VtuneApi.dll' does not exist
LogWindows: Failed to load 'VtuneApi32e.dll' (GetLastError=126)
LogWindows: File 'VtuneApi32e.dll' does not exist
LogConsoleResponse: Display: Failed to find resolution value strings in scalability ini. Falling back to default.
LogConsoleResponse: Display: Failed to find resolution value strings in scalability ini. Falling back to default.
LogInit: Display: Running engine for game: Tech_Demo_4
LogPlatformFile: Not using cached read wrapper
LogTaskGraph: Started task graph with 5 named threads and 35 total threads with 3 sets of task threads.
LogStats: Stats thread started at 0.215649
LogICUInternationalization: ICU TimeZone Detection - Raw Offset: +0:00, Platform Override: ''
LogInit: Display: Loading text-based GConfig....
LogPluginManager: Mounting plugin MeshPainting
LogPluginManager: Mounting plugin XGEController
LogPluginManager: Mounting plugin AISupport
LogPluginManager: Mounting plugin Paper2D
LogPluginManager: Mounting plugin EnvironmentQueryEditor
LogPluginManager: Mounting plugin LightPropagationVolume
LogPluginManager: Mounting plugin DatasmithContent
LogPluginManager: Mounting plugin VariantManagerContent
LogPluginManager: Mounting plugin OodleNetwork
LogPluginManager: Mounting plugin OodleData
LogPluginManager: Mounting plugin AlembicImporter
LogPluginManager: Mounting plugin AutomationUtils
LogPluginManager: Mounting plugin BackChannel
LogPluginManager: Mounting plugin ChaosCloth
LogPluginManager: Mounting plugin ChaosEditor
LogPluginManager: Mounting plugin ChaosClothEditor
LogPluginManager: Mounting plugin ChaosNiagara
LogPluginManager: Mounting plugin CharacterAI
LogPluginManager: Mounting plugin ChaosSolverPlugin
LogPluginManager: Mounting plugin Niagara
LogPluginManager: Mounting plugin NiagaraExtras
LogPluginManager: Mounting plugin GeometryCache
LogPluginManager: Mounting plugin AnimationSharing
LogPluginManager: Mounting plugin CodeLiteSourceCodeAccess
LogPluginManager: Mounting plugin CLionSourceCodeAccess
LogPluginManager: Mounting plugin GitSourceControl
LogPluginManager: Mounting plugin KDevelopSourceCodeAccess
LogPluginManager: Mounting plugin GeometryProcessing
LogPluginManager: Mounting plugin PerforceSourceControl
LogPluginManager: Mounting plugin PixWinPlugin
LogPluginManager: Mounting plugin GeometryCollectionPlugin
LogPluginManager: Mounting plugin PlasticSourceControl
LogPluginManager: Mounting plugin PluginUtils
LogPluginManager: Mounting plugin PropertyAccessNode
LogPluginManager: Mounting plugin RiderSourceCodeAccess
LogPluginManager: Mounting plugin SubversionSourceControl
LogPluginManager: Mounting plugin NullSourceCodeAccess
LogPluginManager: Mounting plugin MotoSynth
LogPluginManager: Mounting plugin TextureFormatOodle
LogPluginManager: Mounting plugin OpenImageDenoise
LogPluginManager: Mounting plugin UObjectPlugin
LogPluginManager: Mounting plugin PlanarCut
LogPluginManager: Mounting plugin VisualStudioCodeSourceCodeAccess
LogPluginManager: Mounting plugin VisualStudioSourceCodeAccess
LogPluginManager: Mounting plugin XCodeSourceCodeAccess
LogPluginManager: Mounting plugin ProxyLODPlugin
LogPluginManager: Mounting plugin PythonScriptPlugin
LogPluginManager: Mounting plugin PlatformCrypto
LogPluginManager: Mounting plugin SkeletalReduction
LogPluginManager: Mounting plugin AssetManagerEditor
LogPluginManager: Mounting plugin CurveEditorTools
LogPluginManager: Mounting plugin CryptoKeys
LogPluginManager: Mounting plugin DataValidation
LogPluginManager: Mounting plugin GameplayTagsEditor
LogPluginManager: Mounting plugin FacialAnimation
LogPluginManager: Mounting plugin GeometryMode
LogPluginManager: Mounting plugin MacGraphicsSwitching
LogPluginManager: Mounting plugin MaterialAnalyzer
LogPluginManager: Mounting plugin MobileLauncherProfileWizard
LogPluginManager: Mounting plugin PluginBrowser
LogPluginManager: Mounting plugin SpeedTreeImporter
LogPluginManager: Mounting plugin AndroidMedia
LogPluginManager: Mounting plugin LuminPlatformFeatures
LogPluginManager: Mounting plugin AvfMedia
LogPluginManager: Mounting plugin MagicLeap
LogPluginManager: Mounting plugin MagicLeapLightEstimation
LogPluginManager: Mounting plugin MagicLeapMedia
LogPluginManager: Mounting plugin ImgMedia
LogPluginManager: Mounting plugin MediaCompositing
LogPluginManager: Mounting plugin MLSDK
LogPluginManager: Mounting plugin MagicLeapPassableWorld
LogPluginManager: Mounting plugin MediaPlayerEditor
LogPluginManager: Mounting plugin TcpMessaging
LogPluginManager: Mounting plugin WebMMedia
LogPluginManager: Mounting plugin WmfMedia
LogPluginManager: Mounting plugin UdpMessaging
LogPluginManager: Mounting plugin OnlineSubsystem
LogPluginManager: Mounting plugin OnlineSubsystemNull
LogPluginManager: Mounting plugin OnlineSubsystemUtils
LogPluginManager: Mounting plugin ActorSequence
LogPluginManager: Mounting plugin LevelSequenceEditor
LogPluginManager: Mounting plugin MatineeToLevelSequence
LogPluginManager: Mounting plugin TemplateSequence
LogPluginManager: Mounting plugin LauncherChunkInstaller
LogPluginManager: Mounting plugin AndroidDeviceProfileSelector
LogPluginManager: Mounting plugin ActorLayerUtilities
LogPluginManager: Mounting plugin AndroidMoviePlayer
LogPluginManager: Mounting plugin AndroidPermission
LogPluginManager: Mounting plugin AppleImageUtils
LogPluginManager: Mounting plugin AppleMoviePlayer
LogPluginManager: Mounting plugin AssetTags
LogPluginManager: Mounting plugin ArchVisCharacter
LogPluginManager: Mounting plugin AudioSynesthesia
LogPluginManager: Mounting plugin AudioCapture
LogPluginManager: Mounting plugin CableComponent
LogPluginManager: Mounting plugin ChunkDownloader
LogPluginManager: Mounting plugin CustomMeshComponent
LogPluginManager: Mounting plugin ExampleDeviceProfileSelector
LogPluginManager: Mounting plugin GoogleCloudMessaging
LogPluginManager: Mounting plugin GooglePAD
LogPluginManager: Mounting plugin EditableMesh
LogPluginManager: Mounting plugin ScreenshotTools
LogPluginManager: Mounting plugin LinuxDeviceProfileSelector
LogPluginManager: Mounting plugin LocationServicesBPLibrary
LogPluginManager: Mounting plugin MobilePatchingUtils
LogPluginManager: Mounting plugin IOSDeviceProfileSelector
LogPluginManager: Mounting plugin PhysXVehicles
LogPluginManager: Mounting plugin PostSplashScreen
LogPluginManager: Mounting plugin ProceduralMeshComponent
LogPluginManager: Mounting plugin PropertyAccessEditor
LogPluginManager: Mounting plugin RuntimePhysXCooking
LogPluginManager: Mounting plugin SignificanceManager
LogPluginManager: Mounting plugin SoundFields
LogPluginManager: Mounting plugin Synthesis
LogPluginManager: Mounting plugin WebMMoviePlayer
LogPluginManager: Mounting plugin WindowsMoviePlayer
LogPluginManager: Mounting plugin CameraShakePreviewer
LogPluginManager: Mounting plugin GameplayCameras
LogPluginManager: Mounting plugin ContentBrowserAssetDataSource
LogPluginManager: Mounting plugin ContentBrowserFileDataSource
LogPluginManager: Mounting plugin ContentBrowserClassDataSource
LogPluginManager: Mounting plugin OnlineSubsystemGooglePlay
LogPluginManager: Mounting plugin OnlineSubsystemIOS
PixWinPlugin: PIX capture plugin failed to initialize! Check that the process is launched from PIX.
LogInit: Using libcurl 7.55.1-DEV
LogInit:  - built for x86_64-pc-win32
LogInit:  - supports SSL with OpenSSL/1.1.1
LogInit:  - supports HTTP deflate (compression) using libz 1.2.8
LogInit:  - other features:
LogInit:      CURL_VERSION_SSL
LogInit:      CURL_VERSION_LIBZ
LogInit:      CURL_VERSION_IPV6
LogInit:      CURL_VERSION_ASYNCHDNS
LogInit:      CURL_VERSION_LARGEFILE
LogInit:      CURL_VERSION_IDN
LogInit:  CurlRequestOptions (configurable via config and command line):
LogInit:  - bVerifyPeer = true  - Libcurl will verify peer certificate
LogInit:  - bUseHttpProxy = false  - Libcurl will NOT use HTTP proxy
LogInit:  - bDontReuseConnections = false  - Libcurl will reuse connections
LogInit:  - MaxHostConnections = 16  - Libcurl will limit the number of connections to a host
LogInit:  - LocalHostAddr = Default
LogInit:  - BufferSize = 65536
LogOnline: OSS: Creating online subsystem instance for: NULL
LogInit: WinSock: version 1.1 (2.2), MaxSocks=32767, MaxUdp=65467
LogOnline: OSS: TryLoadSubsystemAndSetDefault: Loaded subsystem for module [NULL]
LogInit: Build: ++UE4+Release-4.27-CL-18319896
LogInit: Engine Version: 4.27.2-18319896+++UE4+Release-4.27
LogInit: Compatible Engine Version: 4.27.0-17155196+++UE4+Release-4.27
LogInit: Net CL: 17155196
LogInit: OS: Windows 10 (Release 2009) (), CPU: 11th Gen Intel(R) Core(TM) i7-11600H @ 2.90GHz, GPU: NVIDIA GeForce RTX 3060 Laptop GPU
LogInit: Compiled (64-bit): Nov 30 2021 07:12:08
LogInit: Compiled with Visual C++: 19.24.28315.00
LogInit: Build Configuration: Development
LogInit: Branch Name: ++UE4+Release-4.27
LogInit: Command Line: 
LogInit: Base Directory: C:/Program Files/Epic Games/UE_4.27/Engine/Binaries/Win64/
LogInit: Allocator: TBB
LogInit: Installed Engine Build: 1
LogDevObjectVersion: Number of dev versions registered: 29
LogDevObjectVersion:   Dev-Blueprints (B0D832E4-1F89-4F0D-ACCF-7EB736FD4AA2): 10
LogDevObjectVersion:   Dev-Build (E1C64328-A22C-4D53-A36C-8E866417BD8C): 0
LogDevObjectVersion:   Dev-Core (375EC13C-06E4-48FB-B500-84F0262A717E): 4
LogDevObjectVersion:   Dev-Editor (E4B068ED-F494-42E9-A231-DA0B2E46BB41): 40
LogDevObjectVersion:   Dev-Framework (CFFC743F-43B0-4480-9391-14DF171D2073): 37
LogDevObjectVersion:   Dev-Mobile (B02B49B5-BB20-44E9-A304-32B752E40360): 3
LogDevObjectVersion:   Dev-Networking (A4E4105C-59A1-49B5-A7C5-40C4547EDFEE): 0
LogDevObjectVersion:   Dev-Online (39C831C9-5AE6-47DC-9A44-9C173E1C8E7C): 0
LogDevObjectVersion:   Dev-Physics (78F01B33-EBEA-4F98-B9B4-84EACCB95AA2): 14
LogDevObjectVersion:   Dev-Platform (6631380F-2D4D-43E0-8009-CF276956A95A): 0
LogDevObjectVersion:   Dev-Rendering (12F88B9F-8875-4AFC-A67C-D90C383ABD29): 45
LogDevObjectVersion:   Dev-Sequencer (7B5AE74C-D270-4C10-A958-57980B212A5A): 13
LogDevObjectVersion:   Dev-VR (D7296918-1DD6-4BDD-9DE2-64A83CC13884): 3
LogDevObjectVersion:   Dev-LoadTimes (C2A15278-BFE7-4AFE-6C17-90FF531DF755): 1
LogDevObjectVersion:   Private-Geometry (6EACA3D4-40EC-4CC1-B786-8BED09428FC5): 3
LogDevObjectVersion:   Dev-AnimPhys (29E575DD-E0A3-4627-9D10-D276232CDCEA): 17
LogDevObjectVersion:   Dev-Anim (AF43A65D-7FD3-4947-9873-3E8ED9C1BB05): 15
LogDevObjectVersion:   Dev-ReflectionCapture (6B266CEC-1EC7-4B8F-A30B-E4D90942FC07): 1
LogDevObjectVersion:   Dev-Automation (0DF73D61-A23F-47EA-B727-89E90C41499A): 1
LogDevObjectVersion:   FortniteMain (601D1886-AC64-4F84-AA16-D3DE0DEAC7D6): 47
LogDevObjectVersion:   FortniteRelease (E7086368-6B23-4C58-8439-1B7016265E91): 1
LogDevObjectVersion:   Dev-Enterprise (9DFFBCD6-494F-0158-E221-12823C92A888): 10
LogDevObjectVersion:   Dev-Niagara (F2AED0AC-9AFE-416F-8664-AA7FFA26D6FC): 1
LogDevObjectVersion:   Dev-Destruction (174F1F0B-B4C6-45A5-B13F-2EE8D0FB917D): 10
LogDevObjectVersion:   Dev-Physics-Ext (35F94A83-E258-406C-A318-09F59610247C): 41
LogDevObjectVersion:   Dev-PhysicsMaterial-Chaos (B68FC16E-8B1B-42E2-B453-215C058844FE): 1
LogDevObjectVersion:   Dev-CineCamera (B2E18506-4273-CFC2-A54E-F4BB758BBA07): 1
LogDevObjectVersion:   Dev-VirtualProduction (64F58936-FD1B-42BA-BA96-7289D5D0FA4E): 1
LogDevObjectVersion:   Dev-MediaFramework (6F0ED827-A609-4895-9C91-998D90180EA4): 2
LogInit: Presizing for max 25165824 objects, including 0 objects not considered by GC, pre-allocating 0 bytes for permanent pool.
LogConfig: Applying CVar settings from Section [/Script/Engine.StreamingSettings] File [C:/Users/jowet/OneDrive/Documents/UNI Year 2/TechDemo4-UnrealShooter/Tech_Demo_4/Saved/Config/Windows/Engine.ini]
LogConfig: Setting CVar [[s.MinBulkDataSizeForAsyncLoading:131072]]
LogConfig: Setting CVar [[s.AsyncLoadingThreadEnabled:0]]
LogConfig: Setting CVar [[s.EventDrivenLoaderEnabled:1]]
LogConfig: Setting CVar [[s.WarnIfTimeLimitExceeded:0]]
LogConfig: Setting CVar [[s.TimeLimitExceededMultiplier:1.5]]
LogConfig: Setting CVar [[s.TimeLimitExceededMinTime:0.005]]
LogConfig: Setting CVar [[s.UseBackgroundLevelStreaming:1]]
LogConfig: Setting CVar [[s.PriorityAsyncLoadingExtraTime:15.0]]
LogConfig: Setting CVar [[s.LevelStreamingActorsUpdateTimeLimit:5.0]]
LogConfig: Setting CVar [[s.PriorityLevelStreamingActorsUpdateExtraTime:5.0]]
LogConfig: Setting CVar [[s.LevelStreamingComponentsRegistrationGranularity:10]]
LogConfig: Setting CVar [[s.UnregisterComponentsTimeLimit:1.0]]
LogConfig: Setting CVar [[s.LevelStreamingComponentsUnregistrationGranularity:5]]
LogConfig: Setting CVar [[s.FlushStreamingOnExit:1]]
LogInit: Object subsystem initialized
LogConfig: Setting CVar [[con.DebugEarlyDefault:1]]
LogConfig: Setting CVar [[r.setres:1280x720]]
[2024.01.06-23.54.45:668][  0]LogConfig: Setting CVar [[r.VSync:0]]
[2024.01.06-23.54.45:668][  0]LogConfig: Setting CVar [[r.RHICmdBypass:0]]
[2024.01.06-23.54.45:668][  0]LogConfig: Applying CVar settings from Section [/Script/Engine.RendererSettings] File [C:/Users/jowet/OneDrive/Documents/UNI Year 2/TechDemo4-UnrealShooter/Tech_Demo_4/Saved/Config/Windows/Engine.ini]
[2024.01.06-23.54.45:668][  0]LogConfig: Setting CVar [[r.GPUCrashDebugging:0]]
[2024.01.06-23.54.45:668][  0]LogConfig: Applying CVar settings from Section [/Script/Engine.RendererOverrideSettings] File [C:/Users/jowet/OneDrive/Documents/UNI Year 2/TechDemo4-UnrealShooter/Tech_Demo_4/Saved/Config/Windows/Engine.ini]
[2024.01.06-23.54.45:668][  0]LogConfig: Applying CVar settings from Section [/Script/Engine.StreamingSettings] File [C:/Users/jowet/OneDrive/Documents/UNI Year 2/TechDemo4-UnrealShooter/Tech_Demo_4/Saved/Config/Windows/Engine.ini]
[2024.01.06-23.54.45:668][  0]LogConfig: Setting CVar [[s.MinBulkDataSizeForAsyncLoading:131072]]
[2024.01.06-23.54.45:668][  0]LogConfig: Setting CVar [[s.AsyncLoadingThreadEnabled:0]]
[2024.01.06-23.54.45:668][  0]LogConfig: Setting CVar [[s.EventDrivenLoaderEnabled:1]]
[2024.01.06-23.54.45:669][  0]LogConfig: Setting CVar [[s.WarnIfTimeLimitExceeded:0]]
[2024.01.06-23.54.45:669][  0]LogConfig: Setting CVar [[s.TimeLimitExceededMultiplier:1.5]]
[2024.01.06-23.54.45:669][  0]LogConfig: Setting CVar [[s.TimeLimitExceededMinTime:0.005]]
[2024.01.06-23.54.45:669][  0]LogConfig: Setting CVar [[s.UseBackgroundLevelStreaming:1]]
[2024.01.06-23.54.45:669][  0]LogConfig: Setting CVar [[s.PriorityAsyncLoadingExtraTime:15.0]]
[2024.01.06-23.54.45:669][  0]LogConfig: Setting CVar [[s.LevelStreamingActorsUpdateTimeLimit:5.0]]
[2024.01.06-23.54.45:669][  0]LogConfig: Setting CVar [[s.PriorityLevelStreamingActorsUpdateExtraTime:5.0]]
[2024.01.06-23.54.45:669][  0]LogConfig: Setting CVar [[s.LevelStreamingComponentsRegistrationGranularity:10]]
[2024.01.06-23.54.45:669][  0]LogConfig: Setting CVar [[s.UnregisterComponentsTimeLimit:1.0]]
[2024.01.06-23.54.45:669][  0]LogConfig: Setting CVar [[s.LevelStreamingComponentsUnregistrationGranularity:5]]
[2024.01.06-23.54.45:669][  0]LogConfig: Setting CVar [[s.FlushStreamingOnExit:1]]
[2024.01.06-23.54.45:669][  0]LogConfig: Applying CVar settings from Section [/Script/Engine.GarbageCollectionSettings] File [C:/Users/jowet/OneDrive/Documents/UNI Year 2/TechDemo4-UnrealShooter/Tech_Demo_4/Saved/Config/Windows/Engine.ini]
[2024.01.06-23.54.45:669][  0]LogConfig: Setting CVar [[gc.MaxObjectsNotConsideredByGC:1]]
[2024.01.06-23.54.45:669][  0]LogConfig: Setting CVar [[gc.SizeOfPermanentObjectPool:0]]
[2024.01.06-23.54.45:669][  0]LogConfig: Setting CVar [[gc.FlushStreamingOnGC:0]]
[2024.01.06-23.54.45:669][  0]LogConfig: Setting CVar [[gc.NumRetriesBeforeForcingGC:10]]
[2024.01.06-23.54.45:669][  0]LogConfig: Setting CVar [[gc.AllowParallelGC:1]]
[2024.01.06-23.54.45:669][  0]LogConfig: Setting CVar [[gc.TimeBetweenPurgingPendingKillObjects:61.1]]
[2024.01.06-23.54.45:669][  0]LogConfig: Setting CVar [[gc.MaxObjectsInEditor:25165824]]
[2024.01.06-23.54.45:669][  0]LogConfig: Setting CVar [[gc.IncrementalBeginDestroyEnabled:1]]
[2024.01.06-23.54.45:669][  0]LogConfig: Setting CVar [[gc.CreateGCClusters:1]]
[2024.01.06-23.54.45:669][  0]LogConfig: Setting CVar [[gc.MinGCClusterSize:5]]
[2024.01.06-23.54.45:669][  0]LogConfig: Setting CVar [[gc.ActorClusteringEnabled:0]]
[2024.01.06-23.54.45:669][  0]LogConfig: Setting CVar [[gc.BlueprintClusteringEnabled:0]]
[2024.01.06-23.54.45:669][  0]LogConfig: Setting CVar [[gc.UseDisregardForGCOnDedicatedServers:0]]
[2024.01.06-23.54.45:669][  0]LogConfig: Setting CVar [[gc.MultithreadedDestructionEnabled:1]]
[2024.01.06-23.54.45:669][  0]LogConfig: Applying CVar settings from Section [/Script/Engine.NetworkSettings] File [C:/Users/jowet/OneDrive/Documents/UNI Year 2/TechDemo4-UnrealShooter/Tech_Demo_4/Saved/Config/Windows/Engine.ini]
[2024.01.06-23.54.45:669][  0]LogConfig: Applying CVar settings from Section [/Script/UnrealEd.CookerSettings] File [C:/Users/jowet/OneDrive/Documents/UNI Year 2/TechDemo4-UnrealShooter/Tech_Demo_4/Saved/Config/Windows/Engine.ini]
[2024.01.06-23.54.45:683][  0]LogConfig: Applying CVar settings from Section [ViewDistanceQuality@3] File [C:/Users/jowet/OneDrive/Documents/UNI Year 2/TechDemo4-UnrealShooter/Tech_Demo_4/Saved/Config/Windows/Scalability.ini]
[2024.01.06-23.54.45:683][  0]LogConfig: Setting CVar [[r.SkeletalMeshLODBias:0]]
[2024.01.06-23.54.45:683][  0]LogConfig: Setting CVar [[r.ViewDistanceScale:1.0]]
[2024.01.06-23.54.45:683][  0]LogConfig: Applying CVar settings from Section [AntiAliasingQuality@3] File [C:/Users/jowet/OneDrive/Documents/UNI Year 2/TechDemo4-UnrealShooter/Tech_Demo_4/Saved/Config/Windows/Scalability.ini]
[2024.01.06-23.54.45:683][  0]LogConfig: Setting CVar [[r.PostProcessAAQuality:4]]
[2024.01.06-23.54.45:683][  0]LogConfig: Applying CVar settings from Section [ShadowQuality@3] File [C:/Users/jowet/OneDrive/Documents/UNI Year 2/TechDemo4-UnrealShooter/Tech_Demo_4/Saved/Config/Windows/Scalability.ini]
[2024.01.06-23.54.45:683][  0]LogConfig: Setting CVar [[r.LightFunctionQuality:1]]
[2024.01.06-23.54.45:683][  0]LogConfig: Setting CVar [[r.ShadowQuality:5]]
[2024.01.06-23.54.45:683][  0]LogConfig: Setting CVar [[r.Shadow.CSM.MaxCascades:10]]
[2024.01.06-23.54.45:683][  0]LogConfig: Setting CVar [[r.Shadow.MaxResolution:2048]]
[2024.01.06-23.54.45:683][  0]LogConfig: Setting CVar [[r.Shadow.MaxCSMResolution:2048]]
[2024.01.06-23.54.45:683][  0]LogConfig: Setting CVar [[r.Shadow.RadiusThreshold:0.01]]
[2024.01.06-23.54.45:683][  0]LogConfig: Setting CVar [[r.Shadow.DistanceScale:1.0]]
[2024.01.06-23.54.45:683][  0]LogConfig: Setting CVar [[r.Shadow.CSM.TransitionScale:1.0]]
[2024.01.06-23.54.45:683][  0]LogConfig: Setting CVar [[r.Shadow.PreShadowResolutionFactor:1.0]]
[2024.01.06-23.54.45:683][  0]LogConfig: Setting CVar [[r.DistanceFieldShadowing:1]]
[2024.01.06-23.54.45:683][  0]LogConfig: Setting CVar [[r.DistanceFieldAO:1]]
[2024.01.06-23.54.45:683][  0]LogConfig: Setting CVar [[r.AOQuality:2]]
[2024.01.06-23.54.45:683][  0]LogConfig: Setting CVar [[r.VolumetricFog:1]]
[2024.01.06-23.54.45:683][  0]LogConfig: Setting CVar [[r.VolumetricFog.GridPixelSize:8]]
[2024.01.06-23.54.45:683][  0]LogConfig: Setting CVar [[r.VolumetricFog.GridSizeZ:128]]
[2024.01.06-23.54.45:683][  0]LogConfig: Setting CVar [[r.VolumetricFog.HistoryMissSupersampleCount:4]]
[2024.01.06-23.54.45:683][  0]LogConfig: Setting CVar [[r.LightMaxDrawDistanceScale:1]]
[2024.01.06-23.54.45:683][  0]LogConfig: Setting CVar [[r.CapsuleShadows:1]]
[2024.01.06-23.54.45:683][  0]LogConfig: Applying CVar settings from Section [PostProcessQuality@3] File [C:/Users/jowet/OneDrive/Documents/UNI Year 2/TechDemo4-UnrealShooter/Tech_Demo_4/Saved/Config/Windows/Scalability.ini]
[2024.01.06-23.54.45:683][  0]LogConfig: Setting CVar [[r.MotionBlurQuality:4]]
[2024.01.06-23.54.45:683][  0]LogConfig: Setting CVar [[r.AmbientOcclusionMipLevelFactor:0.4]]
[2024.01.06-23.54.45:683][  0]LogConfig: Setting CVar [[r.AmbientOcclusionMaxQuality:100]]
[2024.01.06-23.54.45:683][  0]LogConfig: Setting CVar [[r.AmbientOcclusionLevels:-1]]
[2024.01.06-23.54.45:683][  0]LogConfig: Setting CVar [[r.AmbientOcclusionRadiusScale:1.0]]
[2024.01.06-23.54.45:683][  0]LogConfig: Setting CVar [[r.DepthOfFieldQuality:2]]
[2024.01.06-23.54.45:683][  0]LogConfig: Setting CVar [[r.RenderTargetPoolMin:400]]
[2024.01.06-23.54.45:683][  0]LogConfig: Setting CVar [[r.LensFlareQuality:2]]
[2024.01.06-23.54.45:683][  0]LogConfig: Setting CVar [[r.SceneColorFringeQuality:1]]
[2024.01.06-23.54.45:683][  0]LogConfig: Setting CVar [[r.EyeAdaptationQuality:2]]
[2024.01.06-23.54.45:683][  0]LogConfig: Setting CVar [[r.BloomQuality:5]]
[2024.01.06-23.54.45:683][  0]LogConfig: Setting CVar [[r.FastBlurThreshold:100]]
[2024.01.06-23.54.45:683][  0]LogConfig: Setting CVar [[r.Upscale.Quality:3]]
[2024.01.06-23.54.45:683][  0]LogConfig: Setting CVar [[r.Tonemapper.GrainQuantization:1]]
[2024.01.06-23.54.45:683][  0]LogConfig: Setting CVar [[r.LightShaftQuality:1]]
[2024.01.06-23.54.45:683][  0]LogConfig: Setting CVar [[r.Filter.SizeScale:1]]
[2024.01.06-23.54.45:683][  0]LogConfig: Setting CVar [[r.Tonemapper.Quality:5]]
[2024.01.06-23.54.45:683][  0]LogConfig: Setting CVar [[r.DOF.Gather.AccumulatorQuality:1        ; higher gathering accumulator quality]]
[2024.01.06-23.54.45:683][  0]LogConfig: Setting CVar [[r.DOF.Gather.PostfilterMethod:1          ; Median3x3 postfilering method]]
[2024.01.06-23.54.45:683][  0]LogConfig: Setting CVar [[r.DOF.Gather.EnableBokehSettings:0       ; no bokeh simulation when gathering]]
[2024.01.06-23.54.45:683][  0]LogConfig: Setting CVar [[r.DOF.Gather.RingCount:4                 ; medium number of samples when gathering]]
[2024.01.06-23.54.45:683][  0]LogConfig: Setting CVar [[r.DOF.Scatter.ForegroundCompositing:1    ; additive foreground scattering]]
[2024.01.06-23.54.45:683][  0]LogConfig: Setting CVar [[r.DOF.Scatter.BackgroundCompositing:2    ; additive background scattering]]
[2024.01.06-23.54.45:683][  0]LogConfig: Setting CVar [[r.DOF.Scatter.EnableBokehSettings:1      ; bokeh simulation when scattering]]
[2024.01.06-23.54.45:683][  0]LogConfig: Setting CVar [[r.DOF.Scatter.MaxSpriteRatio:0.1         ; only a maximum of 10% of scattered bokeh]]
[2024.01.06-23.54.45:683][  0]LogConfig: Setting CVar [[r.DOF.Recombine.Quality:1                ; cheap slight out of focus]]
[2024.01.06-23.54.45:683][  0]LogConfig: Setting CVar [[r.DOF.Recombine.EnableBokehSettings:0    ; no bokeh simulation on slight out of focus]]
[2024.01.06-23.54.45:683][  0]LogConfig: Setting CVar [[r.DOF.TemporalAAQuality:1                ; more stable temporal accumulation]]
[2024.01.06-23.54.45:683][  0]LogConfig: Setting CVar [[r.DOF.Kernel.MaxForegroundRadius:0.025]]
[2024.01.06-23.54.45:683][  0]LogConfig: Setting CVar [[r.DOF.Kernel.MaxBackgroundRadius:0.025]]
[2024.01.06-23.54.45:683][  0]LogConfig: Applying CVar settings from Section [TextureQuality@3] File [C:/Users/jowet/OneDrive/Documents/UNI Year 2/TechDemo4-UnrealShooter/Tech_Demo_4/Saved/Config/Windows/Scalability.ini]
[2024.01.06-23.54.45:683][  0]LogConfig: Setting CVar [[r.Streaming.MipBias:0]]
[2024.01.06-23.54.45:683][  0]LogConfig: Setting CVar [[r.Streaming.AmortizeCPUToGPUCopy:0]]
[2024.01.06-23.54.45:683][  0]LogConfig: Setting CVar [[r.Streaming.MaxNumTexturesToStreamPerFrame:0]]
[2024.01.06-23.54.45:683][  0]LogConfig: Setting CVar [[r.Streaming.Boost:1]]
[2024.01.06-23.54.45:683][  0]LogConfig: Setting CVar [[r.MaxAnisotropy:8]]
[2024.01.06-23.54.45:683][  0]LogConfig: Setting CVar [[r.VT.MaxAnisotropy:8]]
[2024.01.06-23.54.45:683][  0]LogConfig: Setting CVar [[r.Streaming.LimitPoolSizeToVRAM:0]]
[2024.01.06-23.54.45:683][  0]LogConfig: Setting CVar [[r.Streaming.PoolSize:1000]]
[2024.01.06-23.54.45:683][  0]LogConfig: Setting CVar [[r.Streaming.MaxEffectiveScreenSize:0]]
[2024.01.06-23.54.45:683][  0]LogConfig: Applying CVar settings from Section [EffectsQuality@3] File [C:/Users/jowet/OneDrive/Documents/UNI Year 2/TechDemo4-UnrealShooter/Tech_Demo_4/Saved/Config/Windows/Scalability.ini]
[2024.01.06-23.54.45:683][  0]LogConfig: Setting CVar [[r.TranslucencyLightingVolumeDim:64]]
[2024.01.06-23.54.45:683][  0]LogConfig: Setting CVar [[r.RefractionQuality:2]]
[2024.01.06-23.54.45:683][  0]LogConfig: Setting CVar [[r.SSR.Quality:3]]
[2024.01.06-23.54.45:684][  0]LogConfig: Setting CVar [[r.SSR.HalfResSceneColor:0]]
[2024.01.06-23.54.45:684][  0]LogConfig: Setting CVar [[r.SceneColorFormat:4]]
[2024.01.06-23.54.45:684][  0]LogConfig: Setting CVar [[r.DetailMode:2]]
[2024.01.06-23.54.45:684][  0]LogConfig: Setting CVar [[r.TranslucencyVolumeBlur:1]]
[2024.01.06-23.54.45:684][  0]LogConfig: Setting CVar [[r.MaterialQualityLevel:1 ; High quality]]
[2024.01.06-23.54.45:684][  0]LogConfig: Setting CVar [[r.AnisotropicMaterials:1]]
[2024.01.06-23.54.45:684][  0]LogConfig: Setting CVar [[r.SSS.Scale:1]]
[2024.01.06-23.54.45:684][  0]LogConfig: Setting CVar [[r.SSS.SampleSet:2]]
[2024.01.06-23.54.45:684][  0]LogConfig: Setting CVar [[r.SSS.Quality:1]]
[2024.01.06-23.54.45:684][  0]LogConfig: Setting CVar [[r.SSS.HalfRes:0]]
[2024.01.06-23.54.45:684][  0]LogConfig: Setting CVar [[r.SSGI.Quality:3]]
[2024.01.06-23.54.45:684][  0]LogConfig: Setting CVar [[r.EmitterSpawnRateScale:1.0]]
[2024.01.06-23.54.45:684][  0]LogConfig: Setting CVar [[r.ParticleLightQuality:2]]
[2024.01.06-23.54.45:684][  0]LogConfig: Setting CVar [[r.SkyAtmosphere.AerialPerspectiveLUT.FastApplyOnOpaque:1 ; Always have FastSkyLUT 1 in this case to avoid wrong sky]]
[2024.01.06-23.54.45:684][  0]LogConfig: Setting CVar [[r.SkyAtmosphere.AerialPerspectiveLUT.SampleCountMaxPerSlice:4]]
[2024.01.06-23.54.45:684][  0]LogConfig: Setting CVar [[r.SkyAtmosphere.AerialPerspectiveLUT.DepthResolution:16.0]]
[2024.01.06-23.54.45:684][  0]LogConfig: Setting CVar [[r.SkyAtmosphere.FastSkyLUT:1]]
[2024.01.06-23.54.45:684][  0]LogConfig: Setting CVar [[r.SkyAtmosphere.FastSkyLUT.SampleCountMin:4.0]]
[2024.01.06-23.54.45:684][  0]LogConfig: Setting CVar [[r.SkyAtmosphere.FastSkyLUT.SampleCountMax:128.0]]
[2024.01.06-23.54.45:684][  0]LogConfig: Setting CVar [[r.SkyAtmosphere.SampleCountMin:4.0]]
[2024.01.06-23.54.45:684][  0]LogConfig: Setting CVar [[r.SkyAtmosphere.SampleCountMax:128.0]]
[2024.01.06-23.54.45:684][  0]LogConfig: Setting CVar [[r.SkyAtmosphere.TransmittanceLUT.UseSmallFormat:0]]
[2024.01.06-23.54.45:684][  0]LogConfig: Setting CVar [[r.SkyAtmosphere.TransmittanceLUT.SampleCount:10.0]]
[2024.01.06-23.54.45:684][  0]LogConfig: Setting CVar [[r.SkyAtmosphere.MultiScatteringLUT.SampleCount:15.0]]
[2024.01.06-23.54.45:684][  0]LogConfig: Setting CVar [[r.SkyLight.RealTimeReflectionCapture:1]]
[2024.01.06-23.54.45:684][  0]LogConfig: Applying CVar settings from Section [FoliageQuality@3] File [C:/Users/jowet/OneDrive/Documents/UNI Year 2/TechDemo4-UnrealShooter/Tech_Demo_4/Saved/Config/Windows/Scalability.ini]
[2024.01.06-23.54.45:684][  0]LogConfig: Setting CVar [[foliage.DensityScale:1.0]]
[2024.01.06-23.54.45:684][  0]LogConfig: Setting CVar [[grass.DensityScale:1.0]]
[2024.01.06-23.54.45:684][  0]LogConfig: Applying CVar settings from Section [ShadingQuality@3] File [C:/Users/jowet/OneDrive/Documents/UNI Year 2/TechDemo4-UnrealShooter/Tech_Demo_4/Saved/Config/Windows/Scalability.ini]
[2024.01.06-23.54.45:684][  0]LogConfig: Setting CVar [[r.HairStrands.SkyLighting.IntegrationType:2]]
[2024.01.06-23.54.45:684][  0]LogConfig: Setting CVar [[r.HairStrands.SkyAO.SampleCount:4]]
[2024.01.06-23.54.45:684][  0]LogConfig: Setting CVar [[r.HairStrands.Visibility.MSAA.SamplePerPixel:4]]
[2024.01.06-23.54.45:684][  0]LogInit: Selected Device Profile: [Windows]
[2024.01.06-23.54.45:684][  0]LogInit: Applying CVar settings loaded from the selected device profile: [Windows]
[2024.01.06-23.54.45:684][  0]LogHAL: Display: Platform has ~ 8 GB [8417239040 / 8589934592 / 8], which maps to Default [LargestMinGB=32, LargerMinGB=12, DefaultMinGB=8, SmallerMinGB=6, SmallestMinGB=0)
[2024.01.06-23.54.45:684][  0]LogInit: Going up to parent DeviceProfile []
[2024.01.06-23.54.45:684][  0]LogConfig: Applying CVar settings from Section [ViewDistanceQuality@3] File [C:/Users/jowet/OneDrive/Documents/UNI Year 2/TechDemo4-UnrealShooter/Tech_Demo_4/Saved/Config/Windows/Scalability.ini]
[2024.01.06-23.54.45:684][  0]LogConfig: Setting CVar [[r.SkeletalMeshLODBias:0]]
[2024.01.06-23.54.45:684][  0]LogConfig: Setting CVar [[r.ViewDistanceScale:1.0]]
[2024.01.06-23.54.45:684][  0]LogConfig: Applying CVar settings from Section [AntiAliasingQuality@3] File [C:/Users/jowet/OneDrive/Documents/UNI Year 2/TechDemo4-UnrealShooter/Tech_Demo_4/Saved/Config/Windows/Scalability.ini]
[2024.01.06-23.54.45:684][  0]LogConfig: Setting CVar [[r.PostProcessAAQuality:4]]
[2024.01.06-23.54.45:684][  0]LogConfig: Applying CVar settings from Section [ShadowQuality@3] File [C:/Users/jowet/OneDrive/Documents/UNI Year 2/TechDemo4-UnrealShooter/Tech_Demo_4/Saved/Config/Windows/Scalability.ini]
[2024.01.06-23.54.45:684][  0]LogConfig: Setting CVar [[r.LightFunctionQuality:1]]
[2024.01.06-23.54.45:684][  0]LogConfig: Setting CVar [[r.ShadowQuality:5]]
[2024.01.06-23.54.45:684][  0]LogConfig: Setting CVar [[r.Shadow.CSM.MaxCascades:10]]
[2024.01.06-23.54.45:684][  0]LogConfig: Setting CVar [[r.Shadow.MaxResolution:2048]]
[2024.01.06-23.54.45:684][  0]LogConfig: Setting CVar [[r.Shadow.MaxCSMResolution:2048]]
[2024.01.06-23.54.45:684][  0]LogConfig: Setting CVar [[r.Shadow.RadiusThreshold:0.01]]
[2024.01.06-23.54.45:684][  0]LogConfig: Setting CVar [[r.Shadow.DistanceScale:1.0]]
[2024.01.06-23.54.45:684][  0]LogConfig: Setting CVar [[r.Shadow.CSM.TransitionScale:1.0]]
[2024.01.06-23.54.45:684][  0]LogConfig: Setting CVar [[r.Shadow.PreShadowResolutionFactor:1.0]]
[2024.01.06-23.54.45:684][  0]LogConfig: Setting CVar [[r.DistanceFieldShadowing:1]]
[2024.01.06-23.54.45:684][  0]LogConfig: Setting CVar [[r.DistanceFieldAO:1]]
[2024.01.06-23.54.45:684][  0]LogConfig: Setting CVar [[r.AOQuality:2]]
[2024.01.06-23.54.45:684][  0]LogConfig: Setting CVar [[r.VolumetricFog:1]]
[2024.01.06-23.54.45:684][  0]LogConfig: Setting CVar [[r.VolumetricFog.GridPixelSize:8]]
[2024.01.06-23.54.45:684][  0]LogConfig: Setting CVar [[r.VolumetricFog.GridSizeZ:128]]
[2024.01.06-23.54.45:684][  0]LogConfig: Setting CVar [[r.VolumetricFog.HistoryMissSupersampleCount:4]]
[2024.01.06-23.54.45:684][  0]LogConfig: Setting CVar [[r.LightMaxDrawDistanceScale:1]]
[2024.01.06-23.54.45:684][  0]LogConfig: Setting CVar [[r.CapsuleShadows:1]]
[2024.01.06-23.54.45:684][  0]LogConfig: Applying CVar settings from Section [PostProcessQuality@3] File [C:/Users/jowet/OneDrive/Documents/UNI Year 2/TechDemo4-UnrealShooter/Tech_Demo_4/Saved/Config/Windows/Scalability.ini]
[2024.01.06-23.54.45:684][  0]LogConfig: Setting CVar [[r.MotionBlurQuality:4]]
[2024.01.06-23.54.45:684][  0]LogConfig: Setting CVar [[r.AmbientOcclusionMipLevelFactor:0.4]]
[2024.01.06-23.54.45:684][  0]LogConfig: Setting CVar [[r.AmbientOcclusionMaxQuality:100]]
[2024.01.06-23.54.45:684][  0]LogConfig: Setting CVar [[r.AmbientOcclusionLevels:-1]]
[2024.01.06-23.54.45:684][  0]LogConfig: Setting CVar [[r.AmbientOcclusionRadiusScale:1.0]]
[2024.01.06-23.54.45:684][  0]LogConfig: Setting CVar [[r.DepthOfFieldQuality:2]]
[2024.01.06-23.54.45:684][  0]LogConfig: Setting CVar [[r.RenderTargetPoolMin:400]]
[2024.01.06-23.54.45:684][  0]LogConfig: Setting CVar [[r.LensFlareQuality:2]]
[2024.01.06-23.54.45:684][  0]LogConfig: Setting CVar [[r.SceneColorFringeQuality:1]]
[2024.01.06-23.54.45:684][  0]LogConfig: Setting CVar [[r.EyeAdaptationQuality:2]]
[2024.01.06-23.54.45:684][  0]LogConfig: Setting CVar [[r.BloomQuality:5]]
[2024.01.06-23.54.45:684][  0]LogConfig: Setting CVar [[r.FastBlurThreshold:100]]
[2024.01.06-23.54.45:684][  0]LogConfig: Setting CVar [[r.Upscale.Quality:3]]
[2024.01.06-23.54.45:684][  0]LogConfig: Setting CVar [[r.Tonemapper.GrainQuantization:1]]
[2024.01.06-23.54.45:684][  0]LogConfig: Setting CVar [[r.LightShaftQuality:1]]
[2024.01.06-23.54.45:684][  0]LogConfig: Setting CVar [[r.Filter.SizeScale:1]]
[2024.01.06-23.54.45:684][  0]LogConfig: Setting CVar [[r.Tonemapper.Quality:5]]
[2024.01.06-23.54.45:684][  0]LogConfig: Setting CVar [[r.DOF.Gather.AccumulatorQuality:1        ; higher gathering accumulator quality]]
[2024.01.06-23.54.45:684][  0]LogConfig: Setting CVar [[r.DOF.Gather.PostfilterMethod:1          ; Median3x3 postfilering method]]
[2024.01.06-23.54.45:684][  0]LogConfig: Setting CVar [[r.DOF.Gather.EnableBokehSettings:0       ; no bokeh simulation when gathering]]
[2024.01.06-23.54.45:684][  0]LogConfig: Setting CVar [[r.DOF.Gather.RingCount:4                 ; medium number of samples when gathering]]
[2024.01.06-23.54.45:684][  0]LogConfig: Setting CVar [[r.DOF.Scatter.ForegroundCompositing:1    ; additive foreground scattering]]
[2024.01.06-23.54.45:684][  0]LogConfig: Setting CVar [[r.DOF.Scatter.BackgroundCompositing:2    ; additive background scattering]]
[2024.01.06-23.54.45:684][  0]LogConfig: Setting CVar [[r.DOF.Scatter.EnableBokehSettings:1      ; bokeh simulation when scattering]]
[2024.01.06-23.54.45:684][  0]LogConfig: Setting CVar [[r.DOF.Scatter.MaxSpriteRatio:0.1         ; only a maximum of 10% of scattered bokeh]]
[2024.01.06-23.54.45:684][  0]LogConfig: Setting CVar [[r.DOF.Recombine.Quality:1                ; cheap slight out of focus]]
[2024.01.06-23.54.45:684][  0]LogConfig: Setting CVar [[r.DOF.Recombine.EnableBokehSettings:0    ; no bokeh simulation on slight out of focus]]
[2024.01.06-23.54.45:684][  0]LogConfig: Setting CVar [[r.DOF.TemporalAAQuality:1                ; more stable temporal accumulation]]
[2024.01.06-23.54.45:684][  0]LogConfig: Setting CVar [[r.DOF.Kernel.MaxForegroundRadius:0.025]]
[2024.01.06-23.54.45:684][  0]LogConfig: Setting CVar [[r.DOF.Kernel.MaxBackgroundRadius:0.025]]
[2024.01.06-23.54.45:684][  0]LogConfig: Applying CVar settings from Section [TextureQuality@3] File [C:/Users/jowet/OneDrive/Documents/UNI Year 2/TechDemo4-UnrealShooter/Tech_Demo_4/Saved/Config/Windows/Scalability.ini]
[2024.01.06-23.54.45:684][  0]LogConfig: Setting CVar [[r.Streaming.MipBias:0]]
[2024.01.06-23.54.45:684][  0]LogConfig: Setting CVar [[r.Streaming.AmortizeCPUToGPUCopy:0]]
[2024.01.06-23.54.45:684][  0]LogConfig: Setting CVar [[r.Streaming.MaxNumTexturesToStreamPerFrame:0]]
[2024.01.06-23.54.45:684][  0]LogConfig: Setting CVar [[r.Streaming.Boost:1]]
[2024.01.06-23.54.45:684][  0]LogConfig: Setting CVar [[r.MaxAnisotropy:8]]
[2024.01.06-23.54.45:684][  0]LogConfig: Setting CVar [[r.VT.MaxAnisotropy:8]]
[2024.01.06-23.54.45:684][  0]LogConfig: Setting CVar [[r.Streaming.LimitPoolSizeToVRAM:0]]
[2024.01.06-23.54.45:684][  0]LogConfig: Setting CVar [[r.Streaming.PoolSize:1000]]
[2024.01.06-23.54.45:684][  0]LogConfig: Setting CVar [[r.Streaming.MaxEffectiveScreenSize:0]]
[2024.01.06-23.54.45:685][  0]LogConfig: Applying CVar settings from Section [EffectsQuality@3] File [C:/Users/jowet/OneDrive/Documents/UNI Year 2/TechDemo4-UnrealShooter/Tech_Demo_4/Saved/Config/Windows/Scalability.ini]
[2024.01.06-23.54.45:685][  0]LogConfig: Setting CVar [[r.TranslucencyLightingVolumeDim:64]]
[2024.01.06-23.54.45:685][  0]LogConfig: Setting CVar [[r.RefractionQuality:2]]
[2024.01.06-23.54.45:685][  0]LogConfig: Setting CVar [[r.SSR.Quality:3]]
[2024.01.06-23.54.45:685][  0]LogConfig: Setting CVar [[r.SSR.HalfResSceneColor:0]]
[2024.01.06-23.54.45:685][  0]LogConfig: Setting CVar [[r.SceneColorFormat:4]]
[2024.01.06-23.54.45:685][  0]LogConfig: Setting CVar [[r.DetailMode:2]]
[2024.01.06-23.54.45:685][  0]LogConfig: Setting CVar [[r.TranslucencyVolumeBlur:1]]
[2024.01.06-23.54.45:685][  0]LogConfig: Setting CVar [[r.MaterialQualityLevel:1 ; High quality]]
[2024.01.06-23.54.45:685][  0]LogConfig: Setting CVar [[r.AnisotropicMaterials:1]]
[2024.01.06-23.54.45:685][  0]LogConfig: Setting CVar [[r.SSS.Scale:1]]
[2024.01.06-23.54.45:685][  0]LogConfig: Setting CVar [[r.SSS.SampleSet:2]]
[2024.01.06-23.54.45:685][  0]LogConfig: Setting CVar [[r.SSS.Quality:1]]
[2024.01.06-23.54.45:685][  0]LogConfig: Setting CVar [[r.SSS.HalfRes:0]]
[2024.01.06-23.54.45:685][  0]LogConfig: Setting CVar [[r.SSGI.Quality:3]]
[2024.01.06-23.54.45:685][  0]LogConfig: Setting CVar [[r.EmitterSpawnRateScale:1.0]]
[2024.01.06-23.54.45:685][  0]LogConfig: Setting CVar [[r.ParticleLightQuality:2]]
[2024.01.06-23.54.45:685][  0]LogConfig: Setting CVar [[r.SkyAtmosphere.AerialPerspectiveLUT.FastApplyOnOpaque:1 ; Always have FastSkyLUT 1 in this case to avoid wrong sky]]
[2024.01.06-23.54.45:685][  0]LogConfig: Setting CVar [[r.SkyAtmosphere.AerialPerspectiveLUT.SampleCountMaxPerSlice:4]]
[2024.01.06-23.54.45:685][  0]LogConfig: Setting CVar [[r.SkyAtmosphere.AerialPerspectiveLUT.DepthResolution:16.0]]
[2024.01.06-23.54.45:685][  0]LogConfig: Setting CVar [[r.SkyAtmosphere.FastSkyLUT:1]]
[2024.01.06-23.54.45:685][  0]LogConfig: Setting CVar [[r.SkyAtmosphere.FastSkyLUT.SampleCountMin:4.0]]
[2024.01.06-23.54.45:685][  0]LogConfig: Setting CVar [[r.SkyAtmosphere.FastSkyLUT.SampleCountMax:128.0]]
[2024.01.06-23.54.45:685][  0]LogConfig: Setting CVar [[r.SkyAtmosphere.SampleCountMin:4.0]]
[2024.01.06-23.54.45:685][  0]LogConfig: Setting CVar [[r.SkyAtmosphere.SampleCountMax:128.0]]
[2024.01.06-23.54.45:685][  0]LogConfig: Setting CVar [[r.SkyAtmosphere.TransmittanceLUT.UseSmallFormat:0]]
[2024.01.06-23.54.45:685][  0]LogConfig: Setting CVar [[r.SkyAtmosphere.TransmittanceLUT.SampleCount:10.0]]
[2024.01.06-23.54.45:685][  0]LogConfig: Setting CVar [[r.SkyAtmosphere.MultiScatteringLUT.SampleCount:15.0]]
[2024.01.06-23.54.45:685][  0]LogConfig: Setting CVar [[r.SkyLight.RealTimeReflectionCapture:1]]
[2024.01.06-23.54.45:685][  0]LogConfig: Applying CVar settings from Section [FoliageQuality@3] File [C:/Users/jowet/OneDrive/Documents/UNI Year 2/TechDemo4-UnrealShooter/Tech_Demo_4/Saved/Config/Windows/Scalability.ini]
[2024.01.06-23.54.45:685][  0]LogConfig: Setting CVar [[foliage.DensityScale:1.0]]
[2024.01.06-23.54.45:685][  0]LogConfig: Setting CVar [[grass.DensityScale:1.0]]
[2024.01.06-23.54.45:685][  0]LogConfig: Applying CVar settings from Section [ShadingQuality@3] File [C:/Users/jowet/OneDrive/Documents/UNI Year 2/TechDemo4-UnrealShooter/Tech_Demo_4/Saved/Config/Windows/Scalability.ini]
[2024.01.06-23.54.45:685][  0]LogConfig: Setting CVar [[r.HairStrands.SkyLighting.IntegrationType:2]]
[2024.01.06-23.54.45:685][  0]LogConfig: Setting CVar [[r.HairStrands.SkyAO.SampleCount:4]]
[2024.01.06-23.54.45:685][  0]LogConfig: Setting CVar [[r.HairStrands.Visibility.MSAA.SamplePerPixel:4]]
[2024.01.06-23.54.45:685][  0]LogConfig: Applying CVar settings from Section [Startup] File [../../../Engine/Config/ConsoleVariables.ini]
[2024.01.06-23.54.45:685][  0]LogConfig: Setting CVar [[net.UseAdaptiveNetUpdateFrequency:0]]
[2024.01.06-23.54.45:685][  0]LogConfig: Setting CVar [[p.chaos.AllowCreatePhysxBodies:1]]
[2024.01.06-23.54.45:685][  0]LogConfig: Setting CVar [[fx.SkipVectorVMBackendOptimizations:1]]
[2024.01.06-23.54.45:685][  0]LogConfig: Applying CVar settings from Section [ConsoleVariables] File [C:/Users/jowet/OneDrive/Documents/UNI Year 2/TechDemo4-UnrealShooter/Tech_Demo_4/Saved/Config/Windows/Engine.ini]
[2024.01.06-23.54.45:685][  0]LogConfig: Applying CVar settings from Section [ConsoleVariables] File [C:/Users/jowet/OneDrive/Documents/UNI Year 2/TechDemo4-UnrealShooter/Tech_Demo_4/Saved/Config/Windows/Editor.ini]
[2024.01.06-23.54.45:685][  0]LogInit: Computer: LAPTOP-8T9BADUD
[2024.01.06-23.54.45:685][  0]LogInit: User: jowet
[2024.01.06-23.54.45:685][  0]LogInit: CPU Page size=4096, Cores=6
[2024.01.06-23.54.45:685][  0]LogInit: High frequency timer resolution =10.000000 MHz
[2024.01.06-23.54.45:685][  0]LogMemory: Memory total: Physical=7.8GB (8GB approx)
[2024.01.06-23.54.45:685][  0]LogMemory: Platform Memory Stats for Windows
[2024.01.06-23.54.45:685][  0]LogMemory: Process Physical Memory: 142.36 MB used, 142.36 MB peak
[2024.01.06-23.54.45:685][  0]LogMemory: Process Virtual Memory: 123.27 MB used, 123.27 MB peak
[2024.01.06-23.54.45:685][  0]LogMemory: Physical Memory: 5404.01 MB used,  2623.30 MB free, 8027.30 MB total
[2024.01.06-23.54.45:685][  0]LogMemory: Virtual Memory: 134206216.00 MB used,  11510.36 MB free, 134217728.00 MB total
[2024.01.06-23.54.45:712][  0]LogWindows: WindowsPlatformFeatures enabled
[2024.01.06-23.54.45:746][  0]LogInit: Physics initialised using underlying interface: PhysX
[2024.01.06-23.54.45:747][  0]LogInit: Using OS detected language (en-US).
[2024.01.06-23.54.45:747][  0]LogInit: Using OS detected locale (en-GB).
[2024.01.06-23.54.45:752][  0]LogTextLocalizationManager: No specific localization for 'en-US' exists, so the 'en' localization will be used.
[2024.01.06-23.54.45:987][  0]LogInit: Setting process to per monitor DPI aware
[2024.01.06-23.54.46:001][  0]LogWindowsTextInputMethodSystem: Display: IME system deactivated.
[2024.01.06-23.54.46:028][  0]LogSlate: New Slate User Created.  User Index 0, Is Virtual User: 0
[2024.01.06-23.54.46:028][  0]LogSlate: Slate User Registered.  User Index 0, Is Virtual User: 0
[2024.01.06-23.54.46:164][  0]LogD3D11RHI: Loaded GFSDK_Aftermath_Lib.x64.dll
[2024.01.06-23.54.46:167][  0]LogD3D11RHI: D3D11 min allowed feature level: 11_0
[2024.01.06-23.54.46:167][  0]LogD3D11RHI: D3D11 max allowed feature level: 11_0
[2024.01.06-23.54.46:167][  0]LogD3D11RHI: D3D11 adapters:
[2024.01.06-23.54.46:314][  0]LogD3D11RHI:    0. 'NVIDIA GeForce RTX 3060 Laptop GPU' (Feature Level 11_0)
[2024.01.06-23.54.46:314][  0]LogD3D11RHI:       6009/0/4013 MB DedicatedVideo/DedicatedSystem/SharedSystem, Outputs:2, VendorId:0x10de
[2024.01.06-23.54.46:317][  0]LogD3D11RHI:    1. 'Microsoft Basic Render Driver' (Feature Level 11_0)
[2024.01.06-23.54.46:317][  0]LogD3D11RHI:       0/0/4013 MB DedicatedVideo/DedicatedSystem/SharedSystem, Outputs:0, VendorId:0x1414
[2024.01.06-23.54.46:317][  0]LogD3D11RHI: Chosen D3D11 Adapter:
[2024.01.06-23.54.46:317][  0]LogD3D11RHI:     Description : NVIDIA GeForce RTX 3060 Laptop GPU
[2024.01.06-23.54.46:317][  0]LogD3D11RHI:     VendorId    : 10de
[2024.01.06-23.54.46:317][  0]LogD3D11RHI:     DeviceId    : 2560
[2024.01.06-23.54.46:317][  0]LogD3D11RHI:     SubSysId    : 3f8217aa
[2024.01.06-23.54.46:317][  0]LogD3D11RHI:     Revision    : 00a1
[2024.01.06-23.54.46:317][  0]LogD3D11RHI:     DedicatedVideoMemory : 6300893184 bytes
[2024.01.06-23.54.46:317][  0]LogD3D11RHI:     DedicatedSystemMemory : 0 bytes
[2024.01.06-23.54.46:317][  0]LogD3D11RHI:     SharedSystemMemory : 4208619520 bytes
[2024.01.06-23.54.46:317][  0]LogD3D11RHI:     AdapterLuid : 0 67163
[2024.01.06-23.54.46:328][  0]LogD3D11RHI: Creating new Direct3DDevice
[2024.01.06-23.54.46:328][  0]LogD3D11RHI:     GPU DeviceId: 0x2560 (for the marketing name, search the web for "GPU Device Id")
[2024.01.06-23.54.46:328][  0]LogWindows: EnumDisplayDevices:
[2024.01.06-23.54.46:328][  0]LogWindows:    0. 'NVIDIA GeForce RTX 3060 Laptop GPU' (P:1 D:1)
[2024.01.06-23.54.46:328][  0]LogWindows:    1. 'NVIDIA GeForce RTX 3060 Laptop GPU' (P:0 D:1)
[2024.01.06-23.54.46:328][  0]LogWindows:    2. 'NVIDIA GeForce RTX 3060 Laptop GPU' (P:0 D:0)
[2024.01.06-23.54.46:328][  0]LogWindows:    3. 'NVIDIA GeForce RTX 3060 Laptop GPU' (P:0 D:0)
[2024.01.06-23.54.46:328][  0]LogWindows: DebugString: FoundDriverCount:4 
[2024.01.06-23.54.46:328][  0]LogD3D11RHI:     Adapter Name: NVIDIA GeForce RTX 3060 Laptop GPU
[2024.01.06-23.54.46:328][  0]LogD3D11RHI:   Driver Version: 528.92 (internal:31.0.15.2892, unified:528.92)
[2024.01.06-23.54.46:328][  0]LogD3D11RHI:      Driver Date: 4-6-2023
[2024.01.06-23.54.46:328][  0]LogRHI: Texture pool is 4206 MB (70% of 6009 MB)
[2024.01.06-23.54.46:328][  0]LogD3D11RHI: Creating D3DDevice using adapter:
[2024.01.06-23.54.46:328][  0]LogD3D11RHI:     Description : NVIDIA GeForce RTX 3060 Laptop GPU
[2024.01.06-23.54.46:328][  0]LogD3D11RHI:     VendorId    : 10de
[2024.01.06-23.54.46:328][  0]LogD3D11RHI:     DeviceId    : 2560
[2024.01.06-23.54.46:328][  0]LogD3D11RHI:     SubSysId    : 3f8217aa
[2024.01.06-23.54.46:328][  0]LogD3D11RHI:     Revision    : 00a1
[2024.01.06-23.54.46:328][  0]LogD3D11RHI:     DedicatedVideoMemory : 6300893184 bytes
[2024.01.06-23.54.46:328][  0]LogD3D11RHI:     DedicatedSystemMemory : 0 bytes
[2024.01.06-23.54.46:328][  0]LogD3D11RHI:     SharedSystemMemory : 4208619520 bytes
[2024.01.06-23.54.46:328][  0]LogD3D11RHI:     AdapterLuid : 0 67163
[2024.01.06-23.54.46:411][  0]LogD3D11RHI: RHI has support for 64 bit atomics
[2024.01.06-23.54.46:411][  0]LogD3D11RHI: Async texture creation enabled
[2024.01.06-23.54.46:411][  0]LogD3D11RHI: Array index from any shader is supported
[2024.01.06-23.54.46:414][  0]LogD3D11RHI: HDR output is supported on display 1 (NvId: 0x80061087).
[2024.01.06-23.54.46:449][  0]LogD3D11RHI: GPU Timing Frequency: 1000.000000 (Debug: 2 2)
[2024.01.06-23.54.46:469][  0]LogRHI: GeForceNow SDK initialized: 1
[2024.01.06-23.54.46:725][  0]LogTargetPlatformManager: Display: Loaded TargetPlatform 'AllDesktop'
[2024.01.06-23.54.46:744][  0]LogTargetPlatformManager: Display: Loaded TargetPlatform 'Android'
[2024.01.06-23.54.46:744][  0]LogTargetPlatformManager: Display: Loaded TargetPlatform 'Android_ASTC'
[2024.01.06-23.54.46:744][  0]LogTargetPlatformManager: Display: Loaded TargetPlatform 'Android_DXT'
[2024.01.06-23.54.46:744][  0]LogTargetPlatformManager: Display: Loaded TargetPlatform 'Android_ETC2'
[2024.01.06-23.54.46:744][  0]LogTargetPlatformManager: Display: Loaded TargetPlatform 'AndroidClient'
[2024.01.06-23.54.46:744][  0]LogTargetPlatformManager: Display: Loaded TargetPlatform 'Android_ASTCClient'
[2024.01.06-23.54.46:744][  0]LogTargetPlatformManager: Display: Loaded TargetPlatform 'Android_DXTClient'
[2024.01.06-23.54.46:744][  0]LogTargetPlatformManager: Display: Loaded TargetPlatform 'Android_ETC2Client'
[2024.01.06-23.54.46:744][  0]LogTargetPlatformManager: Display: Loaded TargetPlatform 'Android_Multi'
[2024.01.06-23.54.46:744][  0]LogTargetPlatformManager: Display: Loaded TargetPlatform 'Android_MultiClient'
[2024.01.06-23.54.46:758][  0]LogTargetPlatformManager: Display: Loaded TargetPlatform 'IOSClient'
[2024.01.06-23.54.46:758][  0]LogTargetPlatformManager: Display: Loaded TargetPlatform 'IOS'
[2024.01.06-23.54.46:766][  0]LogTargetPlatformManager: Display: Loaded TargetPlatform 'Linux'
[2024.01.06-23.54.46:770][  0]LogTargetPlatformManager: Display: Loaded TargetPlatform 'LinuxNoEditor'
[2024.01.06-23.54.46:773][  0]LogTargetPlatformManager: Display: Loaded TargetPlatform 'LinuxClient'
[2024.01.06-23.54.46:777][  0]LogTargetPlatformManager: Display: Loaded TargetPlatform 'LinuxServer'
[2024.01.06-23.54.46:784][  0]LogTargetPlatformManager: Display: Loaded TargetPlatform 'LinuxAArch64NoEditor'
[2024.01.06-23.54.46:789][  0]LogTargetPlatformManager: Display: Loaded TargetPlatform 'LinuxAArch64Client'
[2024.01.06-23.54.46:793][  0]LogTargetPlatformManager: Display: Loaded TargetPlatform 'LinuxAArch64Server'
[2024.01.06-23.54.46:813][  0]LogTargetPlatformManager: Display: Loaded TargetPlatform 'Lumin'
[2024.01.06-23.54.46:813][  0]LogTargetPlatformManager: Display: Loaded TargetPlatform 'LuminClient'
[2024.01.06-23.54.46:823][  0]LogTargetPlatformManager: Display: Loaded TargetPlatform 'MacNoEditor'
[2024.01.06-23.54.46:827][  0]LogTargetPlatformManager: Display: Loaded TargetPlatform 'Mac'
[2024.01.06-23.54.46:831][  0]LogTargetPlatformManager: Display: Loaded TargetPlatform 'MacClient'
[2024.01.06-23.54.46:834][  0]LogTargetPlatformManager: Display: Loaded TargetPlatform 'MacServer'
[2024.01.06-23.54.46:843][  0]LogTargetPlatformManager: Display: Loaded TargetPlatform 'TVOSClient'
[2024.01.06-23.54.46:843][  0]LogTargetPlatformManager: Display: Loaded TargetPlatform 'TVOS'
[2024.01.06-23.54.46:851][  0]LogTargetPlatformManager: Display: Loaded TargetPlatform 'WindowsNoEditor'
[2024.01.06-23.54.46:854][  0]LogTargetPlatformManager: Display: Loaded TargetPlatform 'Windows'
[2024.01.06-23.54.46:858][  0]LogTargetPlatformManager: Display: Loaded TargetPlatform 'WindowsClient'
[2024.01.06-23.54.46:862][  0]LogTargetPlatformManager: Display: Loaded TargetPlatform 'WindowsServer'
[2024.01.06-23.54.46:862][  0]LogTargetPlatformManager: Display: Building Assets For Windows
[2024.01.06-23.54.46:868][  0]LogAudioDebug: Display: Lib vorbis DLL was dynamically loaded.
[2024.01.06-23.54.46:891][  0]LogTextureFormatOodle: Display: Oodle Texture 2.9.0 init RDO Off
[2024.01.06-23.54.46:918][  0]LogRendererCore: Ray tracing is disabled. Reason: r.RayTracing=0.
[2024.01.06-23.54.46:918][  0]LogShaderCompilers: Guid format shader working directory is -49 characters bigger than the processId version (../../../../../../Users/jowet/OneDrive/Documents/UNI Year 2/TechDemo4-UnrealShooter/Tech_Demo_4/Intermediate/Shaders/WorkingDirectory/5552/).
[2024.01.06-23.54.46:918][  0]LogShaderCompilers: Cleaned the shader compiler working directory 'C:/Users/jowet/AppData/Local/Temp/UnrealShaderWorkingDir/7C152840473C8BE801C8728EAA3F2861/'.
[2024.01.06-23.54.46:918][  0]LogXGEController: Cannot use XGE Controller as Incredibuild is not installed on this machine.
[2024.01.06-23.54.46:918][  0]LogShaderCompilers: Cannot use XGE Shader Compiler as Incredibuild is not installed on this machine.
[2024.01.06-23.54.46:918][  0]LogShaderCompilers: Display: Using Local Shader Compiler.
[2024.01.06-23.54.47:584][  0]LogDerivedDataCache: Display: Max Cache Size: 512 MB
[2024.01.06-23.54.47:662][  0]LogDerivedDataCache: Loaded boot cache 0.08s 80MB C:/Users/jowet/AppData/Local/UnrealEngine/4.27/DerivedDataCache/Boot.ddc.
[2024.01.06-23.54.47:662][  0]LogDerivedDataCache: Display: Loaded Boot cache: C:/Users/jowet/AppData/Local/UnrealEngine/4.27/DerivedDataCache/Boot.ddc
[2024.01.06-23.54.47:662][  0]LogDerivedDataCache: FDerivedDataBackendGraph:  Pak pak cache file ../../../../../../Users/jowet/OneDrive/Documents/UNI Year 2/TechDemo4-UnrealShooter/Tech_Demo_4/DerivedDataCache/DDC.ddp not found, will not use a pak cache.
[2024.01.06-23.54.47:662][  0]LogDerivedDataCache: Unable to find inner node Pak for hierarchical cache Hierarchy.
[2024.01.06-23.54.47:663][  0]LogDerivedDataCache: FDerivedDataBackendGraph:  CompressedPak pak cache file ../../../../../../Users/jowet/OneDrive/Documents/UNI Year 2/TechDemo4-UnrealShooter/Tech_Demo_4/DerivedDataCache/Compressed.ddp not found, will not use a pak cache.
[2024.01.06-23.54.47:663][  0]LogDerivedDataCache: Unable to find inner node CompressedPak for hierarchical cache Hierarchy.
[2024.01.06-23.54.47:678][  0]LogDerivedDataCache: Display: Pak cache opened for reading ../../../Engine/DerivedDataCache/Compressed.ddp.
[2024.01.06-23.54.47:678][  0]LogDerivedDataCache: FDerivedDataBackendGraph:  EnterprisePak pak cache file ../../../Enterprise/DerivedDataCache/Compressed.ddp not found, will not use a pak cache.
[2024.01.06-23.54.47:678][  0]LogDerivedDataCache: Unable to find inner node EnterprisePak for hierarchical cache Hierarchy.
[2024.01.06-23.54.47:684][  0]LogDerivedDataCache: Speed tests for C:/Users/jowet/AppData/Local/UnrealEngine/Common/DerivedDataCache took 0.01 seconds
[2024.01.06-23.54.47:684][  0]LogDerivedDataCache: Display: Performance to C:/Users/jowet/AppData/Local/UnrealEngine/Common/DerivedDataCache: Latency=0.03ms. RandomReadSpeed=1896.93MBs, RandomWriteSpeed=203.54MBs. Assigned SpeedClass 'Local'
[2024.01.06-23.54.47:686][  0]LogDerivedDataCache: Using Local data cache path C:/Users/jowet/AppData/Local/UnrealEngine/Common/DerivedDataCache: Writable
[2024.01.06-23.54.47:686][  0]LogDerivedDataCache: Shared data cache path not found in *engine.ini, will not use an Shared cache.
[2024.01.06-23.54.47:686][  0]LogDerivedDataCache: Unable to find inner node Shared for hierarchical cache Hierarchy.
[2024.01.06-23.54.47:726][  0]LogSlate: Using FreeType 2.10.0
[2024.01.06-23.54.47:727][  0]LogSlate: SlateFontServices - WITH_FREETYPE: 1, WITH_HARFBUZZ: 1
[2024.01.06-23.54.47:758][  0]LogAssetRegistry: FAssetRegistry took 0.0025 seconds to start up
[2024.01.06-23.54.47:959][  0]LogInit: Selected Device Profile: [Windows]
[2024.01.06-23.54.47:959][  0]LogInit: Active device profile: [00000113A4F92500][00000113A210F540 49] Windows
[2024.01.06-23.54.47:959][  0]LogInit: Profiles: [00000113A4F92500][00000113A210F540 49] Windows, [00000113A4F2DE00][00000113A211B800 49] WindowsNoEditor, [00000113A4F91D00][00000113A2127AC0 49] WindowsServer, [00000113A4F2E500][00000113A212E200 49] WindowsClient, [00000113A4F93F00][00000113A21324C0 49] IOS, [00000113A4F2DF00][00000113A2136780 49] iPadAir, [00000113A4F91E00][00000113A213AA40 49] iPadAir2, [00000113A4DB3400][00000113A1EF6F00 49] IPadPro, [00000113A4DB3500][00000113A2112F40 49] iPadAir3, [00000113A4F92200][00000113A1EF3200 49] iPadAir4, [00000113A4DB2100][00000113A1EEF4C0 49] iPadMini2, [00000113A4F92000][00000113A1EFB780 49] iPadMini3, [00000113A4DB0500][00000113A1EFFA40 49] iPadMini4, [00000113A4F90400][00000113A1F02180 49] iPadMini5, [00000113A4ECA900][00000113A1F166C0 49] iPhone6, [00000113A4ECAA00][00000113A1F06700 49] iPodTouch6, [00000113A4DB1000][00000113A1F1EC40 49] iPhone7, [00000113A4DB0F00][00000113A1F0EC80 49] iPodTouch7, [00000113A4ECA000][00000113A1EEAF00 49] iPhone5S, [00000113A4DB0800][00000113A1F13180 49] iPhone6Plus, [00000113A4EC8200][00000113A1F1B440 49] iPhone6S, [00000113A4DB1E00][00000113A1F23700 49] iPhone6SPlus, [00000113A4ECAD00][00000113A1F279C0 49] iPhone7Plus, [00000113A4DB0B00][00000113A1F2A100 49] iPhoneSE, [00000113A4EC9800][00000113A1F2E3C0 49] iPhone8, [00000113A4DB1900][00000113A1F32680 49] iPhone8Plus, [00000113A4EC9F00][00000113A1F36940 49] iPhoneX, [00000113A4DB3600][00000113A1F3AC00 49] iPhoneXS, [00000113A4EC8A00][00000113A1F3EEC0 49] iPhoneXSMax, [00000113A4DB1500][00000113A1F0B140 49] iPhoneXR, [00000113A4ECB700][00000113A1F433C0 49] iPhone11, [00000113A4DB0100][00000113A1F4B680 49] iPhone11Pro, [00000113A4EC8F00][00000113A1F4F940 49] iPhone11ProMax, [00000113A4DB3000][00000113A1F53C00 49] iPhoneSE2, [00000113A4ECAB00][0000011398B2C340 49] iPhone12Mini, [00000113A4DB2400][0000011398B30600 49] iPhone12, [00000113A4EC8300][0000011398B348C0 49] iPhone12Pro, [00000113A4DB3D00][0000011398B38B80 49] iPhone12ProMax, [00000113A4ECB500][0000011398B3CE40 49] iPadPro105, [00000113A4DB2200][0000011398B41100 49] iPadPro129, [00000113A4EC9400][00000113A1F47380 49] iPadPro97, [00000113A4DB0E00][0000011398B49640 49] iPadPro2_129, [00000113A4EC8500][0000011398B4D900 49] iPad5, [00000113A4DB0600][0000011398B51BC0 49] iPad6, [00000113A4ECA400][0000011398B54300 49] iPad7, [00000113A4DB2B00][0000011398B585C0 49] iPad8, [00000113A416C200][0000011398B5C880 49] iPadPro11, [00000113A4F2EF00][0000011398B60B40 49] iPadPro2_11, [00000113A416C900][0000011398B64E00 49] iPadPro3_129, [00000113A4F2D600][0000011398B690C0 49] iPadPro4_129, [00000113A4EC9B00][0000011398B45340 49] AppleTV, [00000113A4F2E900][0000011398B6D5C0 49] AppleTV4K, [00000113A4EC9600][0000011398B75880 49] TVOS, [00000113A4F2C900][0000011398B79B40 49] Mac, [00000113A4EC9C00][0000011398B7C280 49] MacClient, [00000113A4F2C300][0000011398B80540 49] MacNoEditor, [00000113A4EC9200][0000011398B84800 49] MacServer, [00000113A4F2FE00][0000011398B88AC0 49] Linux, [00000113A4EC8800][0000011398B8CD80 49] LinuxAArch64, [00000113A4F2ED00][0000011398B91040 49] LinuxNoEditor, [00000113A4EC8400][0000011398B95300 49] LinuxAArch64NoEditor, [00000113A4F2E200][0000011398B71580 49] LinuxClient, [00000113A4EC8C00][0000011398B99800 49] LinuxAArch64Client, [00000113A4F2FF00][0000011398BA1AC0 49] LinuxServer, [00000113A4EC8600][0000011398BA4200 49] LinuxAArch64Server, [00000113A4F2E800][00000113A05864C0 49] Android, [00000113A4ECBB00][00000113A058A780 49] Android_Low, [00000113A4F2F700][00000113A058EA40 49] Android_Mid, [00000113A4ECB900][00000113A0592D00 49] Android_High, [00000113A4F2CC00][00000113A0596FC0 49] Android_Default, [00000113A4ECBA00][00000113A059B280 49] Android_Adreno4xx, [00000113A4F2D400][00000113A059F540 49] Android_Adreno5xx_Low, [00000113A4EC9500][0000011398B9D7C0 49] Android_Adreno5xx, [00000113A4F2EB00][00000113A05A3A40 49] Android_Adreno6xx, [00000113A4ECA800][00000113A05AA180 49] Android_Adreno6xx_Vulkan, [00000113A4F2C600][00000113A05AE440 49] Android_Mali_T6xx, [00000113A4ECAE00][00000113A05B2700 49] Android_Mali_T7xx, [00000113A4F2FC00][00000113A05B69C0 49] Android_Mali_T8xx, [00000113A4EC9700][00000113A05BAC80 49] Android_Mali_G71, [00000113A4F2DD00][00000113A05BEF40 49] Android_Mali_G72, [00000113A4EC8700][00000113A05C3200 49] Android_Mali_G72_Vulkan, [00000113A4F2D100][00000113A05C74C0 49] Android_Mali_G76, [00000113A4EC9100][00000113A05CB780 49] Android_Mali_G76_Vulkan, [00000113A4F2E600][00000113A05A7A00 49] Android_Mali_G77, [00000113A4EC8100][00000113A05CE100 49] Android_Mali_G77_Vulkan, [00000113A4F2E100][00000113A05D63C0 49] Android_Mali_G78, [00000113A4ECA700][00000113A05DA680 49] Android_Mali_G78_Vulkan, [00000113A4F2CD00][00000113A05DE940 49] Android_Mali_G710, [00000113A4ECA600][00000113A05E2C00 49] Android_Mali_G710_Vulkan, [00000113A4F91A00][00000113A05E6EC0 49] Android_Vulkan_SM5, [00000113A4DB0300][00000113A05EB180 49] Android_PowerVR_G6xxx, [00000113A4F93D00][00000113A05EF440 49] Android_PowerVR_GT7xxx, [00000113A4DB2000][00000113A05F3700 49] Android_PowerVR_GE8xxx, [00000113A4F90100][00000113A05F79C0 49] Android_PowerVR_GM9xxx, [00000113A4DB3B00][00000113A05D20C0 49] Android_PowerVR_GM9xxx_Vulkan, [00000113A4F91800][00000113A05FA340 49] Android_TegraK1, [00000113A4DB0700][00000113A0602600 49] Android_Unknown_Vulkan, [00000113A4F93A00][00000113A06068C0 49] Lumin, [00000113A4DB2800][00000113A060AB80 49] Lumin_Desktop, [00000113A4F91300][00000113A060EE40 49] HoloLens, 
[2024.01.06-23.54.48:070][  0]LogMeshReduction: Using QuadricMeshReduction for automatic static mesh reduction
[2024.01.06-23.54.48:070][  0]LogMeshReduction: Using SimplygonMeshReduction for automatic skeletal mesh reduction
[2024.01.06-23.54.48:070][  0]LogMeshReduction: Using ProxyLODMeshReduction for automatic mesh merging
[2024.01.06-23.54.48:070][  0]LogMeshReduction: No distributed automatic mesh merging module available
[2024.01.06-23.54.48:070][  0]LogMeshMerging: No distributed automatic mesh merging module available
[2024.01.06-23.54.48:086][  0]LogNetVersion: Tech_Demo_4 1.0.0, NetCL: 17155196, EngineNetVer: 17, GameNetVer: 0 (Checksum: 4260629819)
[2024.01.06-23.54.48:424][  0]LogTexture: Default maximum texture size for cubemaps generated from long-lat sources has been changed from 512 to unlimited. In order to preserve old behaiour for '/Engine/MapTemplates/Sky/DaylightAmbientCubemap.DaylightAmbientCubemap', its maximum texture size has been explicitly set to 512.
[2024.01.06-23.54.48:486][  0]LogUObjectArray: 16878 objects as part of root set at end of initial load.
[2024.01.06-23.54.48:486][  0]LogUObjectAllocator: 4218224 out of 0 bytes used by permanent object pool.
[2024.01.06-23.54.48:486][  0]LogUObjectArray: CloseDisregardForGC: 0/0 objects in disregard for GC pool
[2024.01.06-23.54.48:613][  0]LogNiagaraDebuggerClient: Niagara Debugger Client Initialized | Session: D875A0B4422001AE5F53C5BF618F9D45 | Instance: 08B303CD4B643B36F8668B96446B21FB (LAPTOP-8T9BADUD-5552).
[2024.01.06-23.54.48:656][  0]LogPython: Using Python 3.7.7
[2024.01.06-23.54.49:273][  0]LogTcpMessaging: Initializing TcpMessaging bridge
[2024.01.06-23.54.49:278][  0]LogUdpMessaging: Initializing bridge on interface 0.0.0.0:0 to multicast group 230.0.0.1:6666.
[2024.01.06-23.54.49:508][  0]SourceControl: Source control is disabled
[2024.01.06-23.54.49:508][  0]SourceControl: Source control is disabled
[2024.01.06-23.54.49:512][  0]SourceControl: Source control is disabled
[2024.01.06-23.54.49:523][  0]SourceControl: Source control is disabled
[2024.01.06-23.54.49:531][  0]SourceControl: Source control is disabled
[2024.01.06-23.54.49:543][  0]LogOpenImageDenoise: OIDN starting up
[2024.01.06-23.54.49:548][  0]LogUProjectInfo: Found projects:
[2024.01.06-23.54.49:650][  0]LogAndroidPermission: UAndroidPermissionCallbackProxy::GetInstance
[2024.01.06-23.54.49:670][  0]LogAudioCaptureCore: Display: No Audio Capture implementations found. Audio input will be silent.
[2024.01.06-23.54.49:670][  0]LogAudioCaptureCore: Display: No Audio Capture implementations found. Audio input will be silent.
[2024.01.06-23.54.49:744][  0]LogCollectionManager: Loaded 0 collections in 0.001543 seconds
[2024.01.06-23.54.49:805][  0]LogFileCache: Scanning file cache for directory 'C:/Users/jowet/OneDrive/Documents/UNI Year 2/TechDemo4-UnrealShooter/Tech_Demo_4/Saved/Collections/' took 0.00s
[2024.01.06-23.54.49:806][  0]LogFileCache: Scanning file cache for directory 'C:/Users/jowet/OneDrive/Documents/UNI Year 2/TechDemo4-UnrealShooter/Tech_Demo_4/Content/Developers/jowet/Collections/' took 0.00s
[2024.01.06-23.54.49:806][  0]LogFileCache: Scanning file cache for directory 'C:/Users/jowet/OneDrive/Documents/UNI Year 2/TechDemo4-UnrealShooter/Tech_Demo_4/Content/Collections/' took 0.00s
[2024.01.06-23.54.49:806][  0]LogEngine: Initializing Engine...
[2024.01.06-23.54.49:806][  0]LogMagicLeap: Warning: VR disabled because ZI is not enabled.  To enable, in the editor, Edit -> Project Settings -> Plugins -> Magic Leap Plugin -> Enable Zero Iteration
[2024.01.06-23.54.49:807][  0]LogStats: UGameplayTagsManager::InitializeManager -  0.000 s
[2024.01.06-23.54.49:938][  0]LogInit: Initializing FReadOnlyCVARCache
[2024.01.06-23.54.49:949][  0]LogAIModule: Creating AISystem for world Untitled
[2024.01.06-23.54.49:958][  0]LogAudio: Display: Initializing Audio Device Manager...
[2024.01.06-23.54.49:962][  0]LogAudio: Display: Loading Default Audio Settings Objects...
[2024.01.06-23.54.49:962][  0]LogAudio: Display: No default SoundConcurrencyObject specified (or failed to load).
[2024.01.06-23.54.49:963][  0]LogAudio: Display: Audio Device Manager Initialized
[2024.01.06-23.54.49:963][  0]LogAudio: Display: Creating Audio Device:                 Id: 1, Scope: Shared, Realtime: True
[2024.01.06-23.54.49:963][  0]LogAudioMixer: Display: Audio Mixer Platform Settings:
[2024.01.06-23.54.49:963][  0]LogAudioMixer: Display: 	Sample Rate:						  48000
[2024.01.06-23.54.49:963][  0]LogAudioMixer: Display: 	Callback Buffer Frame Size Requested: 1024
[2024.01.06-23.54.49:963][  0]LogAudioMixer: Display: 	Callback Buffer Frame Size To Use:	  1024
[2024.01.06-23.54.49:963][  0]LogAudioMixer: Display: 	Number of buffers to queue:			  2
[2024.01.06-23.54.49:963][  0]LogAudioMixer: Display: 	Max Channels (voices):				  32
[2024.01.06-23.54.49:963][  0]LogAudioMixer: Display: 	Number of Async Source Workers:		  0
[2024.01.06-23.54.49:963][  0]LogAudio: Display: AudioDevice MaxSources: 32
[2024.01.06-23.54.49:963][  0]LogAudio: Display: Audio Spatialization Plugin: None (built-in).
[2024.01.06-23.54.49:963][  0]LogAudio: Display: Audio Reverb Plugin: None (built-in).
[2024.01.06-23.54.49:963][  0]LogAudio: Display: Audio Occlusion Plugin: None (built-in).
[2024.01.06-23.54.49:963][  0]LogAudioMixer: Display: Initializing audio mixer.
[2024.01.06-23.54.50:008][  0]LogAudioMixer: Display: 0: FrontLeft
[2024.01.06-23.54.50:008][  0]LogAudioMixer: Display: 1: FrontRight
[2024.01.06-23.54.50:446][  0]LogAudioMixer: Display: Using Audio Device Speakers (Realtek(R) Audio)
[2024.01.06-23.54.50:449][  0]LogAudioMixer: Display: Initializing Sound Submixes...
[2024.01.06-23.54.50:452][  0]LogAudioMixer: Display: Creating Master Submix 'MasterSubmixDefault'
[2024.01.06-23.54.50:452][  0]LogAudioMixer: Display: Creating Master Submix 'MasterReverbSubmixDefault'
[2024.01.06-23.54.50:453][  0]LogAudioMixer: Display: Creating Master Submix 'MasterEQSubmixDefault'
[2024.01.06-23.54.50:453][  0]LogAudioMixer: FMixerPlatformXAudio2::StartAudioStream() called
[2024.01.06-23.54.50:453][  0]LogAudioMixer: Display: Output buffers initialized: Frames=1024, Channels=2, Samples=2048
[2024.01.06-23.54.50:454][  0]LogAudioMixer: Display: Starting AudioMixerPlatformInterface::RunInternal()
[2024.01.06-23.54.50:454][  0]LogAudioMixer: Display: FMixerPlatformXAudio2::SubmitBuffer() called for the first time
[2024.01.06-23.54.50:454][  0]LogInit: FAudioDevice initialized.
[2024.01.06-23.54.50:454][  0]LogAudio: Display: Audio Device (ID: 1) registered with world 'Untitled'.
[2024.01.06-23.54.50:454][  0]LogNetVersion: Set ProjectVersion to 1.0.0.0. Version Checksum will be recalculated on next use.
[2024.01.06-23.54.50:517][  0]LogDerivedDataCache: Saved boot cache 0.06s 80MB C:/Users/jowet/AppData/Local/UnrealEngine/4.27/DerivedDataCache/Boot.ddc.
[2024.01.06-23.54.50:517][  0]LogInit: Texture streaming: Enabled
[2024.01.06-23.54.50:535][  0]LogAnalytics: Display: [UEEditor.Rocket.Release] APIServer = https://datarouter.ol.epicgames.com/. AppVersion = 4.27.2-18319896+++UE4+Release-4.27
[2024.01.06-23.54.50:538][  0]LogEngineSessionManager: EngineSessionManager initialized
[2024.01.06-23.54.50:538][  0]LogEditorSessionSummary: Verbose: Initializing EditorSessionSummaryWriter for editor session tracking
[2024.01.06-23.54.50:539][  0]LogEditorSessionSummary: EditorSessionSummaryWriter initialized
[2024.01.06-23.54.50:579][  0]LogInit: Transaction tracking system initialized
[2024.01.06-23.54.50:604][  0]BlueprintLog: New page: Editor Load
[2024.01.06-23.54.50:678][  0]LocalizationService: Localization service is disabled
[2024.01.06-23.54.50:703][  0]TimingProfiler: Initialize
[2024.01.06-23.54.50:703][  0]TimingProfiler: OnSessionChanged
[2024.01.06-23.54.50:703][  0]LoadingProfiler: Initialize
[2024.01.06-23.54.50:703][  0]LoadingProfiler: OnSessionChanged
[2024.01.06-23.54.50:703][  0]NetworkingProfiler: Initialize
[2024.01.06-23.54.50:703][  0]NetworkingProfiler: OnSessionChanged
[2024.01.06-23.54.50:703][  0]MemoryProfiler: Initialize
[2024.01.06-23.54.50:704][  0]MemoryProfiler: OnSessionChanged
[2024.01.06-23.54.50:897][  0]LogCook: Display: CookSettings for Memory: MemoryMaxUsedVirtual 0MiB, MemoryMaxUsedPhysical 16384MiB, MemoryMinFreeVirtual 0MiB, MemoryMinFreePhysical 1024MiB
[2024.01.06-23.54.50:897][  0]LogCook: Display: Mobile HDR setting 1
[2024.01.06-23.54.51:097][  0]LogFileCache: Scanning file cache for directory 'C:/Users/jowet/OneDrive/Documents/UNI Year 2/TechDemo4-UnrealShooter/Tech_Demo_4/Content/' took 0.01s
[2024.01.06-23.54.51:098][  0]LogInit: Display: Engine is initialized. Leaving FEngineLoop::Init()
[2024.01.06-23.54.51:103][  0]SourceControl: Source control is disabled
[2024.01.06-23.54.51:103][  0]LogUnrealEdMisc: Loading editor; pre map load, took 6.300
[2024.01.06-23.54.51:103][  0]Cmd: MAP LOAD FILE="../../../../../../Users/jowet/OneDrive/Documents/UNI Year 2/TechDemo4-UnrealShooter/Tech_Demo_4/Content/Maps/MainMenu.umap" TEMPLATE=0 SHOWPROGRESS=1 FEATURELEVEL=3
[2024.01.06-23.54.51:104][  0]LightingResults: New page: Lighting Build
[2024.01.06-23.54.51:106][  0]LogWorld: UWorld::CleanupWorld for Untitled, bSessionEnded=true, bCleanupResources=true
[2024.01.06-23.54.51:106][  0]LogSlate: InvalidateAllWidgets triggered.  All widgets were invalidated
[2024.01.06-23.54.51:106][  0]MapCheck: New page: Map Check
[2024.01.06-23.54.51:106][  0]LightingResults: New page: Lighting Build
[2024.01.06-23.54.51:111][  0]LogAudio: Display: Audio Device unregistered from world 'None'.
[2024.01.06-23.54.51:115][  0]LogUObjectHash: Compacting FUObjectHashTables data took   0.88ms
[2024.01.06-23.54.51:132][  0]LogAudio: Display: Audio Device (ID: 1) registered with world 'MainMenu'.
[2024.01.06-23.54.51:134][  0]LogAIModule: Creating AISystem for world MainMenu
[2024.01.06-23.54.51:137][  0]LogEditorServer: Finished looking for orphan Actors (0.000 secs)
[2024.01.06-23.54.51:144][  0]LogUObjectHash: Compacting FUObjectHashTables data took   0.76ms
[2024.01.06-23.54.51:145][  0]Cmd: MAP CHECKDEP NOCLEARLOG
[2024.01.06-23.54.51:145][  0]MapCheck: Map check complete: 0 Error(s), 0 Warning(s), took 0.158ms to complete.
[2024.01.06-23.54.51:145][  0]LogFileHelpers: Loading map 'MainMenu' took 0.043
[2024.01.06-23.54.51:149][  0]LogUnrealEdMisc: Total Editor Startup Time, took 6.347
[2024.01.06-23.54.51:257][  0]LogSlate: Updating window title bar state: overlay mode, drag disabled, window buttons hidden, title bar hidden
[2024.01.06-23.54.51:265][  0]LogSlate: Updating window title bar state: overlay mode, drag disabled, window buttons hidden, title bar hidden
[2024.01.06-23.54.51:269][  0]LogSlate: Updating window title bar state: overlay mode, drag disabled, window buttons hidden, title bar hidden
[2024.01.06-23.54.51:274][  0]LogSlate: Updating window title bar state: overlay mode, drag disabled, window buttons hidden, title bar hidden
[2024.01.06-23.54.51:286][  0]LogNativeClassHierarchy: Verbose: Native class hierarchy populated in 0.0082 seconds. Added 3724 classes and 870 folders.
[2024.01.06-23.54.51:289][  0]LogNativeClassHierarchy: Verbose: Native class hierarchy updated for 'WidgetCarousel' in 0.0002 seconds. Added 0 classes and 0 folders.
[2024.01.06-23.54.51:290][  0]LogPakFile: PakFile PrimaryIndexSize=187
[2024.01.06-23.54.51:290][  0]LogPakFile: PakFile PathHashIndexSize=101
[2024.01.06-23.54.51:290][  0]LogPakFile: PakFile FullDirectoryIndexSize=148
[2024.01.06-23.54.51:290][  0]LogShaderLibrary: Display: ShaderCodeLibraryPakFileMountedCallback: PakFile 'C:/Program Files/Epic Games/UE_4.27/FeaturePacks/FP_FirstPerson.upack' (chunk index -1, root 'root:/') mounted
[2024.01.06-23.54.51:290][  0]LogShaderLibrary: Display: ShaderCodeLibraryPakFileMountedCallback: pending pak file info (ChunkID:-1 Root:root:/ File:C:/Program Files/Epic Games/UE_4.27/FeaturePacks/FP_FirstPerson.upack)
[2024.01.06-23.54.51:290][  0]LogPakFile: OnPakFileMounted2Time == 0.000052
[2024.01.06-23.54.51:292][  0]LogPakFile: PakFile PrimaryIndexSize=189
[2024.01.06-23.54.51:292][  0]LogPakFile: PakFile PathHashIndexSize=101
[2024.01.06-23.54.51:292][  0]LogPakFile: PakFile FullDirectoryIndexSize=152
[2024.01.06-23.54.51:292][  0]LogShaderLibrary: Display: ShaderCodeLibraryPakFileMountedCallback: PakFile 'C:/Program Files/Epic Games/UE_4.27/FeaturePacks/FP_FirstPersonBP.upack' (chunk index -1, root 'root:/') mounted
[2024.01.06-23.54.51:292][  0]LogShaderLibrary: Display: ShaderCodeLibraryPakFileMountedCallback: pending pak file info (ChunkID:-1 Root:root:/ File:C:/Program Files/Epic Games/UE_4.27/FeaturePacks/FP_FirstPersonBP.upack)
[2024.01.06-23.54.51:292][  0]LogPakFile: OnPakFileMounted2Time == 0.000035
[2024.01.06-23.54.51:293][  0]LogPakFile: PakFile PrimaryIndexSize=191
[2024.01.06-23.54.51:293][  0]LogPakFile: PakFile PathHashIndexSize=101
[2024.01.06-23.54.51:293][  0]LogPakFile: PakFile FullDirectoryIndexSize=160
[2024.01.06-23.54.51:293][  0]LogShaderLibrary: Display: ShaderCodeLibraryPakFileMountedCallback: PakFile 'C:/Program Files/Epic Games/UE_4.27/FeaturePacks/MobileStarterContent.upack' (chunk index -1, root 'root:/') mounted
[2024.01.06-23.54.51:293][  0]LogShaderLibrary: Display: ShaderCodeLibraryPakFileMountedCallback: pending pak file info (ChunkID:-1 Root:root:/ File:C:/Program Files/Epic Games/UE_4.27/FeaturePacks/MobileStarterContent.upack)
[2024.01.06-23.54.51:293][  0]LogPakFile: OnPakFileMounted2Time == 0.000032
[2024.01.06-23.54.51:297][  0]LogPakFile: PakFile PrimaryIndexSize=185
[2024.01.06-23.54.51:297][  0]LogPakFile: PakFile PathHashIndexSize=101
[2024.01.06-23.54.51:297][  0]LogPakFile: PakFile FullDirectoryIndexSize=148
[2024.01.06-23.54.51:297][  0]LogShaderLibrary: Display: ShaderCodeLibraryPakFileMountedCallback: PakFile 'C:/Program Files/Epic Games/UE_4.27/FeaturePacks/StarterContent.upack' (chunk index -1, root 'root:/') mounted
[2024.01.06-23.54.51:297][  0]LogShaderLibrary: Display: ShaderCodeLibraryPakFileMountedCallback: pending pak file info (ChunkID:-1 Root:root:/ File:C:/Program Files/Epic Games/UE_4.27/FeaturePacks/StarterContent.upack)
[2024.01.06-23.54.51:297][  0]LogPakFile: OnPakFileMounted2Time == 0.000032
[2024.01.06-23.54.51:298][  0]LogPakFile: PakFile PrimaryIndexSize=190
[2024.01.06-23.54.51:298][  0]LogPakFile: PakFile PathHashIndexSize=101
[2024.01.06-23.54.51:298][  0]LogPakFile: PakFile FullDirectoryIndexSize=154
[2024.01.06-23.54.51:298][  0]LogShaderLibrary: Display: ShaderCodeLibraryPakFileMountedCallback: PakFile 'C:/Program Files/Epic Games/UE_4.27/FeaturePacks/TP_2DSideScroller.upack' (chunk index -1, root 'root:/') mounted
[2024.01.06-23.54.51:298][  0]LogShaderLibrary: Display: ShaderCodeLibraryPakFileMountedCallback: pending pak file info (ChunkID:-1 Root:root:/ File:C:/Program Files/Epic Games/UE_4.27/FeaturePacks/TP_2DSideScroller.upack)
[2024.01.06-23.54.51:298][  0]LogPakFile: OnPakFileMounted2Time == 0.000030
[2024.01.06-23.54.51:299][  0]LogPakFile: PakFile PrimaryIndexSize=192
[2024.01.06-23.54.51:299][  0]LogPakFile: PakFile PathHashIndexSize=101
[2024.01.06-23.54.51:299][  0]LogPakFile: PakFile FullDirectoryIndexSize=158
[2024.01.06-23.54.51:299][  0]LogShaderLibrary: Display: ShaderCodeLibraryPakFileMountedCallback: PakFile 'C:/Program Files/Epic Games/UE_4.27/FeaturePacks/TP_2DSideScrollerBP.upack' (chunk index -1, root 'root:/') mounted
[2024.01.06-23.54.51:299][  0]LogShaderLibrary: Display: ShaderCodeLibraryPakFileMountedCallback: pending pak file info (ChunkID:-1 Root:root:/ File:C:/Program Files/Epic Games/UE_4.27/FeaturePacks/TP_2DSideScrollerBP.upack)
[2024.01.06-23.54.51:299][  0]LogPakFile: OnPakFileMounted2Time == 0.000033
[2024.01.06-23.54.51:301][  0]LogPakFile: PakFile PrimaryIndexSize=182
[2024.01.06-23.54.51:301][  0]LogPakFile: PakFile PathHashIndexSize=101
[2024.01.06-23.54.51:301][  0]LogPakFile: PakFile FullDirectoryIndexSize=138
[2024.01.06-23.54.51:301][  0]LogShaderLibrary: Display: ShaderCodeLibraryPakFileMountedCallback: PakFile 'C:/Program Files/Epic Games/UE_4.27/FeaturePacks/TP_Flying.upack' (chunk index -1, root 'root:/') mounted
[2024.01.06-23.54.51:301][  0]LogShaderLibrary: Display: ShaderCodeLibraryPakFileMountedCallback: pending pak file info (ChunkID:-1 Root:root:/ File:C:/Program Files/Epic Games/UE_4.27/FeaturePacks/TP_Flying.upack)
[2024.01.06-23.54.51:301][  0]LogPakFile: OnPakFileMounted2Time == 0.000027
[2024.01.06-23.54.51:302][  0]LogPakFile: PakFile PrimaryIndexSize=184
[2024.01.06-23.54.51:302][  0]LogPakFile: PakFile PathHashIndexSize=101
[2024.01.06-23.54.51:302][  0]LogPakFile: PakFile FullDirectoryIndexSize=142
[2024.01.06-23.54.51:302][  0]LogShaderLibrary: Display: ShaderCodeLibraryPakFileMountedCallback: PakFile 'C:/Program Files/Epic Games/UE_4.27/FeaturePacks/TP_FlyingBP.upack' (chunk index -1, root 'root:/') mounted
[2024.01.06-23.54.51:302][  0]LogShaderLibrary: Display: ShaderCodeLibraryPakFileMountedCallback: pending pak file info (ChunkID:-1 Root:root:/ File:C:/Program Files/Epic Games/UE_4.27/FeaturePacks/TP_FlyingBP.upack)
[2024.01.06-23.54.51:302][  0]LogPakFile: OnPakFileMounted2Time == 0.000026
[2024.01.06-23.54.51:303][  0]LogPakFile: PakFile PrimaryIndexSize=188
[2024.01.06-23.54.51:303][  0]LogPakFile: PakFile PathHashIndexSize=101
[2024.01.06-23.54.51:303][  0]LogPakFile: PakFile FullDirectoryIndexSize=150
[2024.01.06-23.54.51:303][  0]LogShaderLibrary: Display: ShaderCodeLibraryPakFileMountedCallback: PakFile 'C:/Program Files/Epic Games/UE_4.27/FeaturePacks/TP_HandheldARBP.upack' (chunk index -1, root 'root:/') mounted
[2024.01.06-23.54.51:303][  0]LogShaderLibrary: Display: ShaderCodeLibraryPakFileMountedCallback: pending pak file info (ChunkID:-1 Root:root:/ File:C:/Program Files/Epic Games/UE_4.27/FeaturePacks/TP_HandheldARBP.upack)
[2024.01.06-23.54.51:303][  0]LogPakFile: OnPakFileMounted2Time == 0.000026
[2024.01.06-23.54.51:305][  0]LogPakFile: PakFile PrimaryIndexSize=182
[2024.01.06-23.54.51:305][  0]LogPakFile: PakFile PathHashIndexSize=101
[2024.01.06-23.54.51:305][  0]LogPakFile: PakFile FullDirectoryIndexSize=138
[2024.01.06-23.54.51:305][  0]LogShaderLibrary: Display: ShaderCodeLibraryPakFileMountedCallback: PakFile 'C:/Program Files/Epic Games/UE_4.27/FeaturePacks/TP_Puzzle.upack' (chunk index -1, root 'root:/') mounted
[2024.01.06-23.54.51:305][  0]LogShaderLibrary: Display: ShaderCodeLibraryPakFileMountedCallback: pending pak file info (ChunkID:-1 Root:root:/ File:C:/Program Files/Epic Games/UE_4.27/FeaturePacks/TP_Puzzle.upack)
[2024.01.06-23.54.51:305][  0]LogPakFile: OnPakFileMounted2Time == 0.000026
[2024.01.06-23.54.51:306][  0]LogPakFile: PakFile PrimaryIndexSize=184
[2024.01.06-23.54.51:306][  0]LogPakFile: PakFile PathHashIndexSize=101
[2024.01.06-23.54.51:306][  0]LogPakFile: PakFile FullDirectoryIndexSize=142
[2024.01.06-23.54.51:306][  0]LogShaderLibrary: Display: ShaderCodeLibraryPakFileMountedCallback: PakFile 'C:/Program Files/Epic Games/UE_4.27/FeaturePacks/TP_PuzzleBP.upack' (chunk index -1, root 'root:/') mounted
[2024.01.06-23.54.51:306][  0]LogShaderLibrary: Display: ShaderCodeLibraryPakFileMountedCallback: pending pak file info (ChunkID:-1 Root:root:/ File:C:/Program Files/Epic Games/UE_4.27/FeaturePacks/TP_PuzzleBP.upack)
[2024.01.06-23.54.51:306][  0]LogPakFile: OnPakFileMounted2Time == 0.000025
[2024.01.06-23.54.51:307][  0]LogPakFile: PakFile PrimaryIndexSize=183
[2024.01.06-23.54.51:307][  0]LogPakFile: PakFile PathHashIndexSize=101
[2024.01.06-23.54.51:307][  0]LogPakFile: PakFile FullDirectoryIndexSize=140
[2024.01.06-23.54.51:307][  0]LogShaderLibrary: Display: ShaderCodeLibraryPakFileMountedCallback: PakFile 'C:/Program Files/Epic Games/UE_4.27/FeaturePacks/TP_Rolling.upack' (chunk index -1, root 'root:/') mounted
[2024.01.06-23.54.51:307][  0]LogShaderLibrary: Display: ShaderCodeLibraryPakFileMountedCallback: pending pak file info (ChunkID:-1 Root:root:/ File:C:/Program Files/Epic Games/UE_4.27/FeaturePacks/TP_Rolling.upack)
[2024.01.06-23.54.51:307][  0]LogPakFile: OnPakFileMounted2Time == 0.000030
[2024.01.06-23.54.51:308][  0]LogPakFile: PakFile PrimaryIndexSize=185
[2024.01.06-23.54.51:308][  0]LogPakFile: PakFile PathHashIndexSize=101
[2024.01.06-23.54.51:308][  0]LogPakFile: PakFile FullDirectoryIndexSize=144
[2024.01.06-23.54.51:308][  0]LogShaderLibrary: Display: ShaderCodeLibraryPakFileMountedCallback: PakFile 'C:/Program Files/Epic Games/UE_4.27/FeaturePacks/TP_RollingBP.upack' (chunk index -1, root 'root:/') mounted
[2024.01.06-23.54.51:308][  0]LogShaderLibrary: Display: ShaderCodeLibraryPakFileMountedCallback: pending pak file info (ChunkID:-1 Root:root:/ File:C:/Program Files/Epic Games/UE_4.27/FeaturePacks/TP_RollingBP.upack)
[2024.01.06-23.54.51:308][  0]LogPakFile: OnPakFileMounted2Time == 0.000029
[2024.01.06-23.54.51:309][  0]LogPakFile: PakFile PrimaryIndexSize=188
[2024.01.06-23.54.51:309][  0]LogPakFile: PakFile PathHashIndexSize=101
[2024.01.06-23.54.51:309][  0]LogPakFile: PakFile FullDirectoryIndexSize=150
[2024.01.06-23.54.51:309][  0]LogShaderLibrary: Display: ShaderCodeLibraryPakFileMountedCallback: PakFile 'C:/Program Files/Epic Games/UE_4.27/FeaturePacks/TP_SideScroller.upack' (chunk index -1, root 'root:/') mounted
[2024.01.06-23.54.51:309][  0]LogShaderLibrary: Display: ShaderCodeLibraryPakFileMountedCallback: pending pak file info (ChunkID:-1 Root:root:/ File:C:/Program Files/Epic Games/UE_4.27/FeaturePacks/TP_SideScroller.upack)
[2024.01.06-23.54.51:309][  0]LogPakFile: OnPakFileMounted2Time == 0.000025
[2024.01.06-23.54.51:310][  0]LogPakFile: PakFile PrimaryIndexSize=190
[2024.01.06-23.54.51:310][  0]LogPakFile: PakFile PathHashIndexSize=101
[2024.01.06-23.54.51:310][  0]LogPakFile: PakFile FullDirectoryIndexSize=154
[2024.01.06-23.54.51:310][  0]LogShaderLibrary: Display: ShaderCodeLibraryPakFileMountedCallback: PakFile 'C:/Program Files/Epic Games/UE_4.27/FeaturePacks/TP_SideScrollerBP.upack' (chunk index -1, root 'root:/') mounted
[2024.01.06-23.54.51:310][  0]LogShaderLibrary: Display: ShaderCodeLibraryPakFileMountedCallback: pending pak file info (ChunkID:-1 Root:root:/ File:C:/Program Files/Epic Games/UE_4.27/FeaturePacks/TP_SideScrollerBP.upack)
[2024.01.06-23.54.51:310][  0]LogPakFile: OnPakFileMounted2Time == 0.000026
[2024.01.06-23.54.51:311][  0]LogPakFile: PakFile PrimaryIndexSize=187
[2024.01.06-23.54.51:311][  0]LogPakFile: PakFile PathHashIndexSize=101
[2024.01.06-23.54.51:311][  0]LogPakFile: PakFile FullDirectoryIndexSize=148
[2024.01.06-23.54.51:311][  0]LogShaderLibrary: Display: ShaderCodeLibraryPakFileMountedCallback: PakFile 'C:/Program Files/Epic Games/UE_4.27/FeaturePacks/TP_ThirdPerson.upack' (chunk index -1, root 'root:/') mounted
[2024.01.06-23.54.51:311][  0]LogShaderLibrary: Display: ShaderCodeLibraryPakFileMountedCallback: pending pak file info (ChunkID:-1 Root:root:/ File:C:/Program Files/Epic Games/UE_4.27/FeaturePacks/TP_ThirdPerson.upack)
[2024.01.06-23.54.51:311][  0]LogPakFile: OnPakFileMounted2Time == 0.000026
[2024.01.06-23.54.51:312][  0]LogPakFile: PakFile PrimaryIndexSize=189
[2024.01.06-23.54.51:312][  0]LogPakFile: PakFile PathHashIndexSize=101
[2024.01.06-23.54.51:312][  0]LogPakFile: PakFile FullDirectoryIndexSize=152
[2024.01.06-23.54.51:312][  0]LogShaderLibrary: Display: ShaderCodeLibraryPakFileMountedCallback: PakFile 'C:/Program Files/Epic Games/UE_4.27/FeaturePacks/TP_ThirdPersonBP.upack' (chunk index -1, root 'root:/') mounted
[2024.01.06-23.54.51:312][  0]LogShaderLibrary: Display: ShaderCodeLibraryPakFileMountedCallback: pending pak file info (ChunkID:-1 Root:root:/ File:C:/Program Files/Epic Games/UE_4.27/FeaturePacks/TP_ThirdPersonBP.upack)
[2024.01.06-23.54.51:312][  0]LogPakFile: OnPakFileMounted2Time == 0.000028
[2024.01.06-23.54.51:313][  0]LogPakFile: PakFile PrimaryIndexSize=183
[2024.01.06-23.54.51:313][  0]LogPakFile: PakFile PathHashIndexSize=101
[2024.01.06-23.54.51:313][  0]LogPakFile: PakFile FullDirectoryIndexSize=140
[2024.01.06-23.54.51:313][  0]LogShaderLibrary: Display: ShaderCodeLibraryPakFileMountedCallback: PakFile 'C:/Program Files/Epic Games/UE_4.27/FeaturePacks/TP_TopDown.upack' (chunk index -1, root 'root:/') mounted
[2024.01.06-23.54.51:313][  0]LogShaderLibrary: Display: ShaderCodeLibraryPakFileMountedCallback: pending pak file info (ChunkID:-1 Root:root:/ File:C:/Program Files/Epic Games/UE_4.27/FeaturePacks/TP_TopDown.upack)
[2024.01.06-23.54.51:313][  0]LogPakFile: OnPakFileMounted2Time == 0.000031
[2024.01.06-23.54.51:314][  0]LogPakFile: PakFile PrimaryIndexSize=185
[2024.01.06-23.54.51:314][  0]LogPakFile: PakFile PathHashIndexSize=101
[2024.01.06-23.54.51:314][  0]LogPakFile: PakFile FullDirectoryIndexSize=144
[2024.01.06-23.54.51:314][  0]LogShaderLibrary: Display: ShaderCodeLibraryPakFileMountedCallback: PakFile 'C:/Program Files/Epic Games/UE_4.27/FeaturePacks/TP_TopDownBP.upack' (chunk index -1, root 'root:/') mounted
[2024.01.06-23.54.51:314][  0]LogShaderLibrary: Display: ShaderCodeLibraryPakFileMountedCallback: pending pak file info (ChunkID:-1 Root:root:/ File:C:/Program Files/Epic Games/UE_4.27/FeaturePacks/TP_TopDownBP.upack)
[2024.01.06-23.54.51:314][  0]LogPakFile: OnPakFileMounted2Time == 0.000023
[2024.01.06-23.54.51:315][  0]LogPakFile: PakFile PrimaryIndexSize=185
[2024.01.06-23.54.51:315][  0]LogPakFile: PakFile PathHashIndexSize=101
[2024.01.06-23.54.51:315][  0]LogPakFile: PakFile FullDirectoryIndexSize=144
[2024.01.06-23.54.51:315][  0]LogShaderLibrary: Display: ShaderCodeLibraryPakFileMountedCallback: PakFile 'C:/Program Files/Epic Games/UE_4.27/FeaturePacks/TP_TwinStick.upack' (chunk index -1, root 'root:/') mounted
[2024.01.06-23.54.51:315][  0]LogShaderLibrary: Display: ShaderCodeLibraryPakFileMountedCallback: pending pak file info (ChunkID:-1 Root:root:/ File:C:/Program Files/Epic Games/UE_4.27/FeaturePacks/TP_TwinStick.upack)
[2024.01.06-23.54.51:315][  0]LogPakFile: OnPakFileMounted2Time == 0.000024
[2024.01.06-23.54.51:316][  0]LogPakFile: PakFile PrimaryIndexSize=187
[2024.01.06-23.54.51:316][  0]LogPakFile: PakFile PathHashIndexSize=101
[2024.01.06-23.54.51:316][  0]LogPakFile: PakFile FullDirectoryIndexSize=148
[2024.01.06-23.54.51:316][  0]LogShaderLibrary: Display: ShaderCodeLibraryPakFileMountedCallback: PakFile 'C:/Program Files/Epic Games/UE_4.27/FeaturePacks/TP_TwinStickBP.upack' (chunk index -1, root 'root:/') mounted
[2024.01.06-23.54.51:316][  0]LogShaderLibrary: Display: ShaderCodeLibraryPakFileMountedCallback: pending pak file info (ChunkID:-1 Root:root:/ File:C:/Program Files/Epic Games/UE_4.27/FeaturePacks/TP_TwinStickBP.upack)
[2024.01.06-23.54.51:316][  0]LogPakFile: OnPakFileMounted2Time == 0.000030
[2024.01.06-23.54.51:317][  0]LogPakFile: PakFile PrimaryIndexSize=183
[2024.01.06-23.54.51:317][  0]LogPakFile: PakFile PathHashIndexSize=101
[2024.01.06-23.54.51:317][  0]LogPakFile: PakFile FullDirectoryIndexSize=140
[2024.01.06-23.54.51:317][  0]LogShaderLibrary: Display: ShaderCodeLibraryPakFileMountedCallback: PakFile 'C:/Program Files/Epic Games/UE_4.27/FeaturePacks/TP_Vehicle.upack' (chunk index -1, root 'root:/') mounted
[2024.01.06-23.54.51:317][  0]LogShaderLibrary: Display: ShaderCodeLibraryPakFileMountedCallback: pending pak file info (ChunkID:-1 Root:root:/ File:C:/Program Files/Epic Games/UE_4.27/FeaturePacks/TP_Vehicle.upack)
[2024.01.06-23.54.51:317][  0]LogPakFile: OnPakFileMounted2Time == 0.000024
[2024.01.06-23.54.51:318][  0]LogPakFile: PakFile PrimaryIndexSize=186
[2024.01.06-23.54.51:318][  0]LogPakFile: PakFile PathHashIndexSize=101
[2024.01.06-23.54.51:318][  0]LogPakFile: PakFile FullDirectoryIndexSize=146
[2024.01.06-23.54.51:318][  0]LogShaderLibrary: Display: ShaderCodeLibraryPakFileMountedCallback: PakFile 'C:/Program Files/Epic Games/UE_4.27/FeaturePacks/TP_VehicleAdv.upack' (chunk index -1, root 'root:/') mounted
[2024.01.06-23.54.51:318][  0]LogShaderLibrary: Display: ShaderCodeLibraryPakFileMountedCallback: pending pak file info (ChunkID:-1 Root:root:/ File:C:/Program Files/Epic Games/UE_4.27/FeaturePacks/TP_VehicleAdv.upack)
[2024.01.06-23.54.51:318][  0]LogPakFile: OnPakFileMounted2Time == 0.000027
[2024.01.06-23.54.51:319][  0]LogPakFile: PakFile PrimaryIndexSize=188
[2024.01.06-23.54.51:319][  0]LogPakFile: PakFile PathHashIndexSize=101
[2024.01.06-23.54.51:319][  0]LogPakFile: PakFile FullDirectoryIndexSize=150
[2024.01.06-23.54.51:319][  0]LogShaderLibrary: Display: ShaderCodeLibraryPakFileMountedCallback: PakFile 'C:/Program Files/Epic Games/UE_4.27/FeaturePacks/TP_VehicleAdvBP.upack' (chunk index -1, root 'root:/') mounted
[2024.01.06-23.54.51:319][  0]LogShaderLibrary: Display: ShaderCodeLibraryPakFileMountedCallback: pending pak file info (ChunkID:-1 Root:root:/ File:C:/Program Files/Epic Games/UE_4.27/FeaturePacks/TP_VehicleAdvBP.upack)
[2024.01.06-23.54.51:319][  0]LogPakFile: OnPakFileMounted2Time == 0.000024
[2024.01.06-23.54.51:320][  0]LogPakFile: PakFile PrimaryIndexSize=185
[2024.01.06-23.54.51:320][  0]LogPakFile: PakFile PathHashIndexSize=101
[2024.01.06-23.54.51:320][  0]LogPakFile: PakFile FullDirectoryIndexSize=144
[2024.01.06-23.54.51:320][  0]LogShaderLibrary: Display: ShaderCodeLibraryPakFileMountedCallback: PakFile 'C:/Program Files/Epic Games/UE_4.27/FeaturePacks/TP_VehicleBP.upack' (chunk index -1, root 'root:/') mounted
[2024.01.06-23.54.51:320][  0]LogShaderLibrary: Display: ShaderCodeLibraryPakFileMountedCallback: pending pak file info (ChunkID:-1 Root:root:/ File:C:/Program Files/Epic Games/UE_4.27/FeaturePacks/TP_VehicleBP.upack)
[2024.01.06-23.54.51:320][  0]LogPakFile: OnPakFileMounted2Time == 0.000026
[2024.01.06-23.54.51:322][  0]LogPakFile: PakFile PrimaryIndexSize=192
[2024.01.06-23.54.51:322][  0]LogPakFile: PakFile PathHashIndexSize=101
[2024.01.06-23.54.51:322][  0]LogPakFile: PakFile FullDirectoryIndexSize=158
[2024.01.06-23.54.51:322][  0]LogShaderLibrary: Display: ShaderCodeLibraryPakFileMountedCallback: PakFile 'C:/Program Files/Epic Games/UE_4.27/FeaturePacks/TP_VirtualRealityBP.upack' (chunk index -1, root 'root:/') mounted
[2024.01.06-23.54.51:322][  0]LogShaderLibrary: Display: ShaderCodeLibraryPakFileMountedCallback: pending pak file info (ChunkID:-1 Root:root:/ File:C:/Program Files/Epic Games/UE_4.27/FeaturePacks/TP_VirtualRealityBP.upack)
[2024.01.06-23.54.51:322][  0]LogPakFile: OnPakFileMounted2Time == 0.000024
[2024.01.06-23.54.51:402][  0]LogNativeClassHierarchy: Verbose: Native class hierarchy updated for 'AddContentDialog' in 0.0003 seconds. Added 0 classes and 0 folders.
[2024.01.06-23.54.51:458][  0]LogSlate: Took 0.000693 seconds to synchronously load lazily loaded font '../../../Engine/Content/Slate/Fonts/Roboto-Regular.ttf' (155K)
[2024.01.06-23.54.51:460][  0]LogSlate: Took 0.000464 seconds to synchronously load lazily loaded font '../../../Engine/Content/Editor/Slate/Fonts/FontAwesome.ttf' (139K)
[2024.01.06-23.54.51:462][  0]LogSlate: Took 0.000584 seconds to synchronously load lazily loaded font '../../../Engine/Content/Slate/Fonts/Roboto-Bold.ttf' (160K)
[2024.01.06-23.54.51:525][  0]LogRenderer: Reallocating scene render targets to support 1616x808 Format 10 NumSamples 1 (Frame:1).
[2024.01.06-23.54.51:562][  0]LogSlate: Took 0.000681 seconds to synchronously load lazily loaded font '../../../Engine/Content/Slate/Fonts/Roboto-Light.ttf' (167K)
[2024.01.06-23.54.51:609][  0]LogNativeClassHierarchy: Verbose: Native class hierarchy updated for 'HierarchicalLODOutliner' in 0.0003 seconds. Added 0 classes and 0 folders.
[2024.01.06-23.54.51:609][  0]LogLoad: (Engine Initialization) Total time: 6.81 seconds
[2024.01.06-23.54.51:609][  0]LogLoad: (Engine Initialization) Total Blueprint compile time: 0.00 seconds
[2024.01.06-23.54.51:659][  0]LogAssetRegistry: Asset discovery search completed in 3.9021 seconds
[2024.01.06-23.54.51:666][  0]LogCollectionManager: Fixed up redirectors for 0 collections in 0.000005 seconds (updated 0 objects)
[2024.01.06-23.54.51:668][  0]LogContentStreaming: Texture pool size now 1000 MB
[2024.01.06-23.55.25:870][ 47]LogTemp: Repeating last play command: Selected Viewport
[2024.01.06-23.55.25:876][ 47]LogPlayLevel: PlayLevel: No blueprints needed recompiling
[2024.01.06-23.55.25:877][ 47]PIE: New page: PIE session: MainMenu (6 Jan 2024, 23:55:25)
[2024.01.06-23.55.25:879][ 47]LogOnline: OSS: Creating online subsystem instance for: NULL
[2024.01.06-23.55.25:881][ 47]LogOnline: OSS: TryLoadSubsystemAndSetDefault: Loaded subsystem for module [NULL]
[2024.01.06-23.55.25:881][ 47]LogPlayLevel: Creating play world package: /Game/Maps/UEDPIE_0_MainMenu
[2024.01.06-23.55.25:883][ 47]LogPlayLevel: PIE: StaticDuplicateObject took: (0.001272s)
[2024.01.06-23.55.25:884][ 47]LogAIModule: Creating AISystem for world MainMenu
[2024.01.06-23.55.25:885][ 47]LogPlayLevel: PIE: World Init took: (0.002395s)
[2024.01.06-23.55.25:885][ 47]LogPlayLevel: PIE: Created PIE world by copying editor world from /Game/Maps/MainMenu.MainMenu to /Game/Maps/UEDPIE_0_MainMenu.MainMenu (0.003886s)
[2024.01.06-23.55.25:893][ 47]LogUObjectHash: Compacting FUObjectHashTables data took   1.13ms
[2024.01.06-23.55.25:896][ 47]LogAudio: Display: Creating Audio Device:                 Id: 2, Scope: Unique, Realtime: True
[2024.01.06-23.55.25:896][ 47]LogAudioMixer: Display: Audio Mixer Platform Settings:
[2024.01.06-23.55.25:896][ 47]LogAudioMixer: Display: 	Sample Rate:						  48000
[2024.01.06-23.55.25:896][ 47]LogAudioMixer: Display: 	Callback Buffer Frame Size Requested: 1024
[2024.01.06-23.55.25:896][ 47]LogAudioMixer: Display: 	Callback Buffer Frame Size To Use:	  1024
[2024.01.06-23.55.25:896][ 47]LogAudioMixer: Display: 	Number of buffers to queue:			  2
[2024.01.06-23.55.25:896][ 47]LogAudioMixer: Display: 	Max Channels (voices):				  32
[2024.01.06-23.55.25:896][ 47]LogAudioMixer: Display: 	Number of Async Source Workers:		  0
[2024.01.06-23.55.25:896][ 47]LogAudio: Display: AudioDevice MaxSources: 32
[2024.01.06-23.55.25:896][ 47]LogAudio: Display: Audio Spatialization Plugin: None (built-in).
[2024.01.06-23.55.25:896][ 47]LogAudio: Display: Audio Reverb Plugin: None (built-in).
[2024.01.06-23.55.25:896][ 47]LogAudio: Display: Audio Occlusion Plugin: None (built-in).
[2024.01.06-23.55.25:896][ 47]LogAudioMixer: Display: Initializing audio mixer.
[2024.01.06-23.55.25:899][ 47]LogAudioMixer: Display: 0: FrontLeft
[2024.01.06-23.55.25:899][ 47]LogAudioMixer: Display: 1: FrontRight
[2024.01.06-23.55.25:930][ 47]LogAudioMixer: Display: Using Audio Device Speakers (Realtek(R) Audio)
[2024.01.06-23.55.25:931][ 47]LogAudioMixer: Display: Initializing Sound Submixes...
[2024.01.06-23.55.25:931][ 47]LogAudioMixer: Display: Creating Master Submix 'MasterSubmixDefault'
[2024.01.06-23.55.25:931][ 47]LogAudioMixer: Display: Creating Master Submix 'MasterReverbSubmixDefault'
[2024.01.06-23.55.25:932][ 47]LogAudioMixer: Display: Creating Master Submix 'MasterEQSubmixDefault'
[2024.01.06-23.55.25:932][ 47]LogAudioMixer: FMixerPlatformXAudio2::StartAudioStream() called
[2024.01.06-23.55.25:932][ 47]LogAudioMixer: Display: Output buffers initialized: Frames=1024, Channels=2, Samples=2048
[2024.01.06-23.55.25:934][ 47]LogAudioMixer: Display: Starting AudioMixerPlatformInterface::RunInternal()
[2024.01.06-23.55.25:934][ 47]LogAudioMixer: Display: FMixerPlatformXAudio2::SubmitBuffer() called for the first time
[2024.01.06-23.55.25:934][ 47]LogInit: FAudioDevice initialized.
[2024.01.06-23.55.25:934][ 47]LogAudio: Display: Audio Device (ID: 2) registered with world 'MainMenu'.
[2024.01.06-23.55.25:942][ 47]LogLoad: Game class is 'MainMenuGM_BP_C'
[2024.01.06-23.55.25:943][ 47]LogWorld: Bringing World /Game/Maps/UEDPIE_0_MainMenu.MainMenu up for play (max tick rate 60) at 2024.01.06-23.55.25
[2024.01.06-23.55.25:943][ 47]LogWorld: Bringing up level for play took: 0.000397
[2024.01.06-23.55.25:944][ 47]LogOnline: OSS: Creating online subsystem instance for: :Context_1
[2024.01.06-23.55.25:947][ 47]LogNativeClassHierarchy: Verbose: Native class hierarchy updated for 'MovieSceneCapture' in 0.0004 seconds. Added 20 classes and 0 folders.
[2024.01.06-23.55.25:948][ 47]PIE: Server logged in
[2024.01.06-23.55.25:951][ 47]PIE: Play in editor total start time 0.075 seconds.
[2024.01.06-23.55.26:906][104]LogNet: Browse: /Game/Maps/Level1
[2024.01.06-23.55.26:906][104]LogLoad: LoadMap: /Game/Maps/Level1
[2024.01.06-23.55.26:906][104]LogWorld: BeginTearingDown for /Game/Maps/UEDPIE_0_MainMenu
[2024.01.06-23.55.26:907][104]LogWorld: UWorld::CleanupWorld for MainMenu, bSessionEnded=true, bCleanupResources=true
[2024.01.06-23.55.26:907][104]LogSlate: InvalidateAllWidgets triggered.  All widgets were invalidated
[2024.01.06-23.55.26:946][104]LogAudio: Display: Audio Device unregistered from world 'None'.
[2024.01.06-23.55.26:947][104]LogUObjectHash: Compacting FUObjectHashTables data took   0.52ms
[2024.01.06-23.55.27:490][104]LogAudio: Display: Audio Device (ID: 2) registered with world 'Level1'.
[2024.01.06-23.55.27:491][104]LogAIModule: Creating AISystem for world Level1
[2024.01.06-23.55.27:670][104]LogLoad: Game class is 'MyMainGM_BP_C'
[2024.01.06-23.55.27:670][104]LogActor: Warning: MyMainGM_BP_C /Game/Maps/UEDPIE_0_Level1.Level1:PersistentLevel.MyMainGM_BP_C_0 has natively added scene component(s), but none of them were set as the actor's RootComponent - picking one arbitrarily
[2024.01.06-23.55.27:676][104]LogWorld: Bringing World /Game/Maps/UEDPIE_0_Level1.Level1 up for play (max tick rate 60) at 2024.01.06-23.55.27
[2024.01.06-23.55.27:677][104]LogWorld: Bringing up level for play took: 0.006558
[2024.01.06-23.55.27:683][104]LogLoad: Took 0.776483 seconds to LoadMap(/Game/Maps/Level1)
[2024.01.06-23.55.27:689][104]LogSlate: New Slate User Created.  User Index 1, Is Virtual User: 0
[2024.01.06-23.55.27:689][104]LogSlate: Slate User Registered.  User Index 1, Is Virtual User: 0
[2024.01.06-23.55.30:292][255]LogSlate: Updating window title bar state: overlay mode, drag disabled, window buttons hidden, title bar hidden
[2024.01.06-23.55.30:292][255]LogWorld: BeginTearingDown for /Game/Maps/UEDPIE_0_Level1
[2024.01.06-23.55.30:292][255]LogWorld: UWorld::CleanupWorld for Level1, bSessionEnded=true, bCleanupResources=true
[2024.01.06-23.55.30:293][255]LogSlate: InvalidateAllWidgets triggered.  All widgets were invalidated
[2024.01.06-23.55.30:304][255]LogPlayLevel: Display: Shutting down PIE online subsystems
[2024.01.06-23.55.30:306][255]LogSlate: InvalidateAllWidgets triggered.  All widgets were invalidated
[2024.01.06-23.55.30:310][255]LogSlate: Updating window title bar state: overlay mode, drag disabled, window buttons hidden, title bar hidden
[2024.01.06-23.55.30:311][255]LogAudioMixer: FMixerPlatformXAudio2::StopAudioStream() called
[2024.01.06-23.55.30:312][255]LogAudioMixer: FMixerPlatformXAudio2::StopAudioStream() called
[2024.01.06-23.55.30:347][255]LogUObjectHash: Compacting FUObjectHashTables data took   0.88ms
[2024.01.06-23.55.30:369][256]LogPlayLevel: Display: Destroying online subsystem :Context_1
[2024.01.06-23.55.44:017][511]LogSlate: Only BGRA pngs, bmps or icos are supported in by External Image Picker
