Log file open, 01/03/24 16:51:22
LogWindows: Failed to load 'aqProf.dll' (GetLastError=126)
LogWindows: File 'aqProf.dll' does not exist
LogWindows: Failed to load 'VtuneApi.dll' (GetLastError=126)
LogWindows: File 'VtuneApi.dll' does not exist
LogWindows: Failed to load 'VtuneApi32e.dll' (GetLastError=126)
LogWindows: File 'VtuneApi32e.dll' does not exist
LogConsoleResponse: Display: Failed to find resolution value strings in scalability ini. Falling back to default.
LogConsoleResponse: Display: Failed to find resolution value strings in scalability ini. Falling back to default.
LogInit: Display: Running engine for game: Tech_Demo_4
LogPlatformFile: Not using cached read wrapper
LogTaskGraph: Started task graph with 5 named threads and 35 total threads with 3 sets of task threads.
LogStats: Stats thread started at 0.617585
LogICUInternationalization: ICU TimeZone Detection - Raw Offset: +0:00, Platform Override: ''
LogInit: Display: Loading text-based GConfig....
LogPluginManager: Mounting plugin MeshPainting
LogPluginManager: Mounting plugin XGEController
LogPluginManager: Mounting plugin AISupport
LogPluginManager: Mounting plugin Paper2D
LogPluginManager: Mounting plugin EnvironmentQueryEditor
LogPluginManager: Mounting plugin CameraShakePreviewer
LogPluginManager: Mounting plugin LightPropagationVolume
LogPluginManager: Mounting plugin AnimationSharing
LogPluginManager: Mounting plugin CLionSourceCodeAccess
LogPluginManager: Mounting plugin CodeLiteSourceCodeAccess
LogPluginManager: Mounting plugin GitSourceControl
LogPluginManager: Mounting plugin KDevelopSourceCodeAccess
LogPluginManager: Mounting plugin PerforceSourceControl
LogPluginManager: Mounting plugin PixWinPlugin
LogPluginManager: Mounting plugin PlasticSourceControl
LogPluginManager: Mounting plugin PluginUtils
LogPluginManager: Mounting plugin PropertyAccessNode
LogPluginManager: Mounting plugin RiderSourceCodeAccess
LogPluginManager: Mounting plugin SubversionSourceControl
LogPluginManager: Mounting plugin TextureFormatOodle
LogPluginManager: Mounting plugin UObjectPlugin
LogPluginManager: Mounting plugin XCodeSourceCodeAccess
LogPluginManager: Mounting plugin VisualStudioCodeSourceCodeAccess
LogPluginManager: Mounting plugin AssetManagerEditor
LogPluginManager: Mounting plugin CryptoKeys
LogPluginManager: Mounting plugin CurveEditorTools
LogPluginManager: Mounting plugin VisualStudioSourceCodeAccess
LogPluginManager: Mounting plugin DataValidation
LogPluginManager: Mounting plugin FacialAnimation
LogPluginManager: Mounting plugin GameplayTagsEditor
LogPluginManager: Mounting plugin GeometryMode
LogPluginManager: Mounting plugin MacGraphicsSwitching
LogPluginManager: Mounting plugin MaterialAnalyzer
LogPluginManager: Mounting plugin PluginBrowser
LogPluginManager: Mounting plugin MobileLauncherProfileWizard
LogPluginManager: Mounting plugin SpeedTreeImporter
LogPluginManager: Mounting plugin Niagara
LogPluginManager: Mounting plugin NiagaraExtras
LogPluginManager: Mounting plugin NullSourceCodeAccess
LogPluginManager: Mounting plugin AlembicImporter
LogPluginManager: Mounting plugin AutomationUtils
LogPluginManager: Mounting plugin BackChannel
LogPluginManager: Mounting plugin ChaosCloth
LogPluginManager: Mounting plugin ChaosClothEditor
LogPluginManager: Mounting plugin ChaosNiagara
LogPluginManager: Mounting plugin ChaosEditor
LogPluginManager: Mounting plugin ChaosSolverPlugin
LogPluginManager: Mounting plugin CharacterAI
LogPluginManager: Mounting plugin LuminPlatformFeatures
LogPluginManager: Mounting plugin MagicLeap
LogPluginManager: Mounting plugin GameplayCameras
LogPluginManager: Mounting plugin GeometryCache
LogPluginManager: Mounting plugin GeometryCollectionPlugin
LogPluginManager: Mounting plugin DatasmithContent
LogPluginManager: Mounting plugin MagicLeapLightEstimation
LogPluginManager: Mounting plugin MagicLeapPassableWorld
LogPluginManager: Mounting plugin MagicLeapMedia
LogPluginManager: Mounting plugin MLSDK
LogPluginManager: Mounting plugin VariantManagerContent
LogPluginManager: Mounting plugin GeometryProcessing
LogPluginManager: Mounting plugin MotoSynth
LogPluginManager: Mounting plugin OpenImageDenoise
LogPluginManager: Mounting plugin PlanarCut
LogPluginManager: Mounting plugin PythonScriptPlugin
LogPluginManager: Mounting plugin ProxyLODPlugin
LogPluginManager: Mounting plugin PlatformCrypto
LogPluginManager: Mounting plugin SkeletalReduction
LogPluginManager: Mounting plugin AndroidMedia
LogPluginManager: Mounting plugin AvfMedia
LogPluginManager: Mounting plugin MediaCompositing
LogPluginManager: Mounting plugin ImgMedia
LogPluginManager: Mounting plugin MediaPlayerEditor
LogPluginManager: Mounting plugin WebMMedia
LogPluginManager: Mounting plugin WmfMedia
LogPluginManager: Mounting plugin ActorSequence
LogPluginManager: Mounting plugin LevelSequenceEditor
LogPluginManager: Mounting plugin MatineeToLevelSequence
LogPluginManager: Mounting plugin TcpMessaging
LogPluginManager: Mounting plugin UdpMessaging
LogPluginManager: Mounting plugin TemplateSequence
LogPluginManager: Mounting plugin OnlineSubsystem
LogPluginManager: Mounting plugin OnlineSubsystemNull
LogPluginManager: Mounting plugin OnlineSubsystemUtils
LogPluginManager: Mounting plugin ActorLayerUtilities
LogPluginManager: Mounting plugin AndroidMoviePlayer
LogPluginManager: Mounting plugin AndroidDeviceProfileSelector
LogPluginManager: Mounting plugin AndroidPermission
LogPluginManager: Mounting plugin AppleImageUtils
LogPluginManager: Mounting plugin AppleMoviePlayer
LogPluginManager: Mounting plugin ArchVisCharacter
LogPluginManager: Mounting plugin AssetTags
LogPluginManager: Mounting plugin AudioCapture
LogPluginManager: Mounting plugin AudioSynesthesia
LogPluginManager: Mounting plugin CableComponent
LogPluginManager: Mounting plugin ChunkDownloader
LogPluginManager: Mounting plugin CustomMeshComponent
LogPluginManager: Mounting plugin EditableMesh
LogPluginManager: Mounting plugin LauncherChunkInstaller
LogPluginManager: Mounting plugin ExampleDeviceProfileSelector
LogPluginManager: Mounting plugin GoogleCloudMessaging
LogPluginManager: Mounting plugin GooglePAD
LogPluginManager: Mounting plugin IOSDeviceProfileSelector
LogPluginManager: Mounting plugin LinuxDeviceProfileSelector
LogPluginManager: Mounting plugin LocationServicesBPLibrary
LogPluginManager: Mounting plugin MobilePatchingUtils
LogPluginManager: Mounting plugin PhysXVehicles
LogPluginManager: Mounting plugin PostSplashScreen
LogPluginManager: Mounting plugin ProceduralMeshComponent
LogPluginManager: Mounting plugin PropertyAccessEditor
LogPluginManager: Mounting plugin RuntimePhysXCooking
LogPluginManager: Mounting plugin SignificanceManager
LogPluginManager: Mounting plugin SoundFields
LogPluginManager: Mounting plugin ScreenshotTools
LogPluginManager: Mounting plugin Synthesis
LogPluginManager: Mounting plugin WebMMoviePlayer
LogPluginManager: Mounting plugin WindowsMoviePlayer
LogPluginManager: Mounting plugin OodleData
LogPluginManager: Mounting plugin OodleNetwork
LogPluginManager: Mounting plugin ContentBrowserAssetDataSource
LogPluginManager: Mounting plugin ContentBrowserClassDataSource
LogPluginManager: Mounting plugin ContentBrowserFileDataSource
LogPluginManager: Mounting plugin OnlineSubsystemGooglePlay
LogPluginManager: Mounting plugin OnlineSubsystemIOS
PixWinPlugin: PIX capture plugin failed to initialize! Check that the process is launched from PIX.
LogInit: Using libcurl 7.55.1-DEV
LogInit:  - built for x86_64-pc-win32
LogInit:  - supports SSL with OpenSSL/1.1.1
LogInit:  - supports HTTP deflate (compression) using libz 1.2.8
LogInit:  - other features:
LogInit:      CURL_VERSION_SSL
LogInit:      CURL_VERSION_LIBZ
LogInit:      CURL_VERSION_IPV6
LogInit:      CURL_VERSION_ASYNCHDNS
LogInit:      CURL_VERSION_LARGEFILE
LogInit:      CURL_VERSION_IDN
LogInit:  CurlRequestOptions (configurable via config and command line):
LogInit:  - bVerifyPeer = true  - Libcurl will verify peer certificate
LogInit:  - bUseHttpProxy = false  - Libcurl will NOT use HTTP proxy
LogInit:  - bDontReuseConnections = false  - Libcurl will reuse connections
LogInit:  - MaxHostConnections = 16  - Libcurl will limit the number of connections to a host
LogInit:  - LocalHostAddr = Default
LogInit:  - BufferSize = 65536
LogOnline: OSS: Creating online subsystem instance for: NULL
LogInit: WinSock: version 1.1 (2.2), MaxSocks=32767, MaxUdp=65467
LogOnline: OSS: TryLoadSubsystemAndSetDefault: Loaded subsystem for module [NULL]
LogInit: Build: ++UE4+Release-4.27-CL-18319896
LogInit: Engine Version: 4.27.2-18319896+++UE4+Release-4.27
LogInit: Compatible Engine Version: 4.27.0-17155196+++UE4+Release-4.27
LogInit: Net CL: 17155196
LogInit: OS: Windows 10 (Release 2009) (), CPU: 11th Gen Intel(R) Core(TM) i7-11600H @ 2.90GHz, GPU: NVIDIA GeForce RTX 3060 Laptop GPU
LogInit: Compiled (64-bit): Nov 30 2021 07:12:08
LogInit: Compiled with Visual C++: 19.24.28315.00
LogInit: Build Configuration: Development
LogInit: Branch Name: ++UE4+Release-4.27
LogInit: Command Line:  "C:\Users\jowet\OneDrive\Documents\UNI Year 2\TechDemo4-UnrealShooter\Tech_Demo_4\Tech_Demo_4.uproject" -run=VisualStudioTools -unattended -noshadercompile -nosound -nullrhi -nocpuprofilertrace -nocrashreports -nosplash -ddc=noshared -output=C:\Users\jowet\AppData\Local\Temp\tmpD7A2.tmp
LogInit: Base Directory: C:/Program Files/Epic Games/UE_4.27/Engine/Binaries/Win64/
LogInit: Allocator: TBB
LogInit: Installed Engine Build: 1
LogDevObjectVersion: Number of dev versions registered: 29
LogDevObjectVersion:   Dev-Blueprints (B0D832E4-1F89-4F0D-ACCF-7EB736FD4AA2): 10
LogDevObjectVersion:   Dev-Build (E1C64328-A22C-4D53-A36C-8E866417BD8C): 0
LogDevObjectVersion:   Dev-Core (375EC13C-06E4-48FB-B500-84F0262A717E): 4
LogDevObjectVersion:   Dev-Editor (E4B068ED-F494-42E9-A231-DA0B2E46BB41): 40
LogDevObjectVersion:   Dev-Framework (CFFC743F-43B0-4480-9391-14DF171D2073): 37
LogDevObjectVersion:   Dev-Mobile (B02B49B5-BB20-44E9-A304-32B752E40360): 3
LogDevObjectVersion:   Dev-Networking (A4E4105C-59A1-49B5-A7C5-40C4547EDFEE): 0
LogDevObjectVersion:   Dev-Online (39C831C9-5AE6-47DC-9A44-9C173E1C8E7C): 0
LogDevObjectVersion:   Dev-Physics (78F01B33-EBEA-4F98-B9B4-84EACCB95AA2): 14
LogDevObjectVersion:   Dev-Platform (6631380F-2D4D-43E0-8009-CF276956A95A): 0
LogDevObjectVersion:   Dev-Rendering (12F88B9F-8875-4AFC-A67C-D90C383ABD29): 45
LogDevObjectVersion:   Dev-Sequencer (7B5AE74C-D270-4C10-A958-57980B212A5A): 13
LogDevObjectVersion:   Dev-VR (D7296918-1DD6-4BDD-9DE2-64A83CC13884): 3
LogDevObjectVersion:   Dev-LoadTimes (C2A15278-BFE7-4AFE-6C17-90FF531DF755): 1
LogDevObjectVersion:   Private-Geometry (6EACA3D4-40EC-4CC1-B786-8BED09428FC5): 3
LogDevObjectVersion:   Dev-AnimPhys (29E575DD-E0A3-4627-9D10-D276232CDCEA): 17
LogDevObjectVersion:   Dev-Anim (AF43A65D-7FD3-4947-9873-3E8ED9C1BB05): 15
LogDevObjectVersion:   Dev-ReflectionCapture (6B266CEC-1EC7-4B8F-A30B-E4D90942FC07): 1
LogDevObjectVersion:   Dev-Automation (0DF73D61-A23F-47EA-B727-89E90C41499A): 1
LogDevObjectVersion:   FortniteMain (601D1886-AC64-4F84-AA16-D3DE0DEAC7D6): 47
LogDevObjectVersion:   FortniteRelease (E7086368-6B23-4C58-8439-1B7016265E91): 1
LogDevObjectVersion:   Dev-Enterprise (9DFFBCD6-494F-0158-E221-12823C92A888): 10
LogDevObjectVersion:   Dev-Niagara (F2AED0AC-9AFE-416F-8664-AA7FFA26D6FC): 1
LogDevObjectVersion:   Dev-Destruction (174F1F0B-B4C6-45A5-B13F-2EE8D0FB917D): 10
LogDevObjectVersion:   Dev-Physics-Ext (35F94A83-E258-406C-A318-09F59610247C): 41
LogDevObjectVersion:   Dev-PhysicsMaterial-Chaos (B68FC16E-8B1B-42E2-B453-215C058844FE): 1
LogDevObjectVersion:   Dev-CineCamera (B2E18506-4273-CFC2-A54E-F4BB758BBA07): 1
LogDevObjectVersion:   Dev-VirtualProduction (64F58936-FD1B-42BA-BA96-7289D5D0FA4E): 1
LogDevObjectVersion:   Dev-MediaFramework (6F0ED827-A609-4895-9C91-998D90180EA4): 2
LogInit: Presizing for max 25165824 objects, including 0 objects not considered by GC, pre-allocating 0 bytes for permanent pool.
LogConfig: Applying CVar settings from Section [/Script/Engine.StreamingSettings] File [C:/Users/jowet/OneDrive/Documents/UNI Year 2/TechDemo4-UnrealShooter/Tech_Demo_4/Saved/Config/Windows/Engine.ini]
LogConfig: Setting CVar [[s.MinBulkDataSizeForAsyncLoading:131072]]
LogConfig: Setting CVar [[s.AsyncLoadingThreadEnabled:0]]
LogConfig: Setting CVar [[s.EventDrivenLoaderEnabled:1]]
LogConfig: Setting CVar [[s.WarnIfTimeLimitExceeded:0]]
LogConfig: Setting CVar [[s.TimeLimitExceededMultiplier:1.5]]
LogConfig: Setting CVar [[s.TimeLimitExceededMinTime:0.005]]
LogConfig: Setting CVar [[s.UseBackgroundLevelStreaming:1]]
LogConfig: Setting CVar [[s.PriorityAsyncLoadingExtraTime:15.0]]
LogConfig: Setting CVar [[s.LevelStreamingActorsUpdateTimeLimit:5.0]]
LogConfig: Setting CVar [[s.PriorityLevelStreamingActorsUpdateExtraTime:5.0]]
LogConfig: Setting CVar [[s.LevelStreamingComponentsRegistrationGranularity:10]]
LogConfig: Setting CVar [[s.UnregisterComponentsTimeLimit:1.0]]
LogConfig: Setting CVar [[s.LevelStreamingComponentsUnregistrationGranularity:5]]
LogConfig: Setting CVar [[s.FlushStreamingOnExit:1]]
LogInit: Object subsystem initialized
LogConfig: Setting CVar [[con.DebugEarlyDefault:1]]
LogConfig: Setting CVar [[r.setres:1280x720]]
[2024.01.03-16.51.24:018][  0]LogConfig: Setting CVar [[con.DebugEarlyDefault:1]]
[2024.01.03-16.51.24:018][  0]LogConfig: Setting CVar [[r.setres:1280x720]]
[2024.01.03-16.51.24:018][  0]LogConfig: Applying CVar settings from Section [/Script/Engine.RendererSettings] File [C:/Users/jowet/OneDrive/Documents/UNI Year 2/TechDemo4-UnrealShooter/Tech_Demo_4/Saved/Config/Windows/Engine.ini]
[2024.01.03-16.51.24:018][  0]LogConfig: Setting CVar [[r.GPUCrashDebugging:0]]
[2024.01.03-16.51.24:018][  0]LogConfig: Applying CVar settings from Section [/Script/Engine.RendererOverrideSettings] File [C:/Users/jowet/OneDrive/Documents/UNI Year 2/TechDemo4-UnrealShooter/Tech_Demo_4/Saved/Config/Windows/Engine.ini]
[2024.01.03-16.51.24:018][  0]LogConfig: Applying CVar settings from Section [/Script/Engine.StreamingSettings] File [C:/Users/jowet/OneDrive/Documents/UNI Year 2/TechDemo4-UnrealShooter/Tech_Demo_4/Saved/Config/Windows/Engine.ini]
[2024.01.03-16.51.24:019][  0]LogConfig: Setting CVar [[s.MinBulkDataSizeForAsyncLoading:131072]]
[2024.01.03-16.51.24:019][  0]LogConfig: Setting CVar [[s.AsyncLoadingThreadEnabled:0]]
[2024.01.03-16.51.24:019][  0]LogConfig: Setting CVar [[s.EventDrivenLoaderEnabled:1]]
[2024.01.03-16.51.24:019][  0]LogConfig: Setting CVar [[s.WarnIfTimeLimitExceeded:0]]
[2024.01.03-16.51.24:019][  0]LogConfig: Setting CVar [[s.TimeLimitExceededMultiplier:1.5]]
[2024.01.03-16.51.24:019][  0]LogConfig: Setting CVar [[s.TimeLimitExceededMinTime:0.005]]
[2024.01.03-16.51.24:019][  0]LogConfig: Setting CVar [[s.UseBackgroundLevelStreaming:1]]
[2024.01.03-16.51.24:019][  0]LogConfig: Setting CVar [[s.PriorityAsyncLoadingExtraTime:15.0]]
[2024.01.03-16.51.24:019][  0]LogConfig: Setting CVar [[s.LevelStreamingActorsUpdateTimeLimit:5.0]]
[2024.01.03-16.51.24:019][  0]LogConfig: Setting CVar [[s.PriorityLevelStreamingActorsUpdateExtraTime:5.0]]
[2024.01.03-16.51.24:019][  0]LogConfig: Setting CVar [[s.LevelStreamingComponentsRegistrationGranularity:10]]
[2024.01.03-16.51.24:019][  0]LogConfig: Setting CVar [[s.UnregisterComponentsTimeLimit:1.0]]
[2024.01.03-16.51.24:019][  0]LogConfig: Setting CVar [[s.LevelStreamingComponentsUnregistrationGranularity:5]]
[2024.01.03-16.51.24:019][  0]LogConfig: Setting CVar [[s.FlushStreamingOnExit:1]]
[2024.01.03-16.51.24:019][  0]LogConfig: Applying CVar settings from Section [/Script/Engine.GarbageCollectionSettings] File [C:/Users/jowet/OneDrive/Documents/UNI Year 2/TechDemo4-UnrealShooter/Tech_Demo_4/Saved/Config/Windows/Engine.ini]
[2024.01.03-16.51.24:019][  0]LogConfig: Setting CVar [[gc.MaxObjectsNotConsideredByGC:1]]
[2024.01.03-16.51.24:019][  0]LogConfig: Setting CVar [[gc.SizeOfPermanentObjectPool:0]]
[2024.01.03-16.51.24:019][  0]LogConfig: Setting CVar [[gc.FlushStreamingOnGC:0]]
[2024.01.03-16.51.24:019][  0]LogConfig: Setting CVar [[gc.NumRetriesBeforeForcingGC:10]]
[2024.01.03-16.51.24:019][  0]LogConfig: Setting CVar [[gc.AllowParallelGC:1]]
[2024.01.03-16.51.24:019][  0]LogConfig: Setting CVar [[gc.TimeBetweenPurgingPendingKillObjects:61.1]]
[2024.01.03-16.51.24:019][  0]LogConfig: Setting CVar [[gc.MaxObjectsInEditor:25165824]]
[2024.01.03-16.51.24:019][  0]LogConfig: Setting CVar [[gc.IncrementalBeginDestroyEnabled:1]]
[2024.01.03-16.51.24:019][  0]LogConfig: Setting CVar [[gc.CreateGCClusters:1]]
[2024.01.03-16.51.24:019][  0]LogConfig: Setting CVar [[gc.MinGCClusterSize:5]]
[2024.01.03-16.51.24:019][  0]LogConfig: Setting CVar [[gc.ActorClusteringEnabled:0]]
[2024.01.03-16.51.24:019][  0]LogConfig: Setting CVar [[gc.BlueprintClusteringEnabled:0]]
[2024.01.03-16.51.24:019][  0]LogConfig: Setting CVar [[gc.UseDisregardForGCOnDedicatedServers:0]]
[2024.01.03-16.51.24:019][  0]LogConfig: Setting CVar [[gc.MultithreadedDestructionEnabled:1]]
[2024.01.03-16.51.24:019][  0]LogConfig: Applying CVar settings from Section [/Script/Engine.NetworkSettings] File [C:/Users/jowet/OneDrive/Documents/UNI Year 2/TechDemo4-UnrealShooter/Tech_Demo_4/Saved/Config/Windows/Engine.ini]
[2024.01.03-16.51.24:019][  0]LogConfig: Applying CVar settings from Section [/Script/UnrealEd.CookerSettings] File [C:/Users/jowet/OneDrive/Documents/UNI Year 2/TechDemo4-UnrealShooter/Tech_Demo_4/Saved/Config/Windows/Engine.ini]
[2024.01.03-16.51.24:019][  0]LogConfig: Applying CVar settings from Section [ViewDistanceQuality@3] File [C:/Users/jowet/OneDrive/Documents/UNI Year 2/TechDemo4-UnrealShooter/Tech_Demo_4/Saved/Config/Windows/Scalability.ini]
[2024.01.03-16.51.24:019][  0]LogConfig: Setting CVar [[r.SkeletalMeshLODBias:0]]
[2024.01.03-16.51.24:019][  0]LogConfig: Setting CVar [[r.ViewDistanceScale:1.0]]
[2024.01.03-16.51.24:019][  0]LogConfig: Applying CVar settings from Section [AntiAliasingQuality@3] File [C:/Users/jowet/OneDrive/Documents/UNI Year 2/TechDemo4-UnrealShooter/Tech_Demo_4/Saved/Config/Windows/Scalability.ini]
[2024.01.03-16.51.24:019][  0]LogConfig: Setting CVar [[r.PostProcessAAQuality:4]]
[2024.01.03-16.51.24:019][  0]LogConfig: Applying CVar settings from Section [ShadowQuality@3] File [C:/Users/jowet/OneDrive/Documents/UNI Year 2/TechDemo4-UnrealShooter/Tech_Demo_4/Saved/Config/Windows/Scalability.ini]
[2024.01.03-16.51.24:019][  0]LogConfig: Setting CVar [[r.LightFunctionQuality:1]]
[2024.01.03-16.51.24:019][  0]LogConfig: Setting CVar [[r.ShadowQuality:5]]
[2024.01.03-16.51.24:019][  0]LogConfig: Setting CVar [[r.Shadow.CSM.MaxCascades:10]]
[2024.01.03-16.51.24:019][  0]LogConfig: Setting CVar [[r.Shadow.MaxResolution:2048]]
[2024.01.03-16.51.24:019][  0]LogConfig: Setting CVar [[r.Shadow.MaxCSMResolution:2048]]
[2024.01.03-16.51.24:019][  0]LogConfig: Setting CVar [[r.Shadow.RadiusThreshold:0.01]]
[2024.01.03-16.51.24:019][  0]LogConfig: Setting CVar [[r.Shadow.DistanceScale:1.0]]
[2024.01.03-16.51.24:019][  0]LogConfig: Setting CVar [[r.Shadow.CSM.TransitionScale:1.0]]
[2024.01.03-16.51.24:019][  0]LogConfig: Setting CVar [[r.Shadow.PreShadowResolutionFactor:1.0]]
[2024.01.03-16.51.24:019][  0]LogConfig: Setting CVar [[r.DistanceFieldShadowing:1]]
[2024.01.03-16.51.24:019][  0]LogConfig: Setting CVar [[r.DistanceFieldAO:1]]
[2024.01.03-16.51.24:019][  0]LogConfig: Setting CVar [[r.AOQuality:2]]
[2024.01.03-16.51.24:019][  0]LogConfig: Setting CVar [[r.VolumetricFog:1]]
[2024.01.03-16.51.24:019][  0]LogConfig: Setting CVar [[r.VolumetricFog.GridPixelSize:8]]
[2024.01.03-16.51.24:019][  0]LogConfig: Setting CVar [[r.VolumetricFog.GridSizeZ:128]]
[2024.01.03-16.51.24:019][  0]LogConfig: Setting CVar [[r.VolumetricFog.HistoryMissSupersampleCount:4]]
[2024.01.03-16.51.24:019][  0]LogConfig: Setting CVar [[r.LightMaxDrawDistanceScale:1]]
[2024.01.03-16.51.24:019][  0]LogConfig: Setting CVar [[r.CapsuleShadows:1]]
[2024.01.03-16.51.24:019][  0]LogConfig: Applying CVar settings from Section [PostProcessQuality@3] File [C:/Users/jowet/OneDrive/Documents/UNI Year 2/TechDemo4-UnrealShooter/Tech_Demo_4/Saved/Config/Windows/Scalability.ini]
[2024.01.03-16.51.24:019][  0]LogConfig: Setting CVar [[r.MotionBlurQuality:4]]
[2024.01.03-16.51.24:019][  0]LogConfig: Setting CVar [[r.AmbientOcclusionMipLevelFactor:0.4]]
[2024.01.03-16.51.24:019][  0]LogConfig: Setting CVar [[r.AmbientOcclusionMaxQuality:100]]
[2024.01.03-16.51.24:019][  0]LogConfig: Setting CVar [[r.AmbientOcclusionLevels:-1]]
[2024.01.03-16.51.24:019][  0]LogConfig: Setting CVar [[r.AmbientOcclusionRadiusScale:1.0]]
[2024.01.03-16.51.24:019][  0]LogConfig: Setting CVar [[r.DepthOfFieldQuality:2]]
[2024.01.03-16.51.24:019][  0]LogConfig: Setting CVar [[r.RenderTargetPoolMin:400]]
[2024.01.03-16.51.24:019][  0]LogConfig: Setting CVar [[r.LensFlareQuality:2]]
[2024.01.03-16.51.24:019][  0]LogConfig: Setting CVar [[r.SceneColorFringeQuality:1]]
[2024.01.03-16.51.24:019][  0]LogConfig: Setting CVar [[r.EyeAdaptationQuality:2]]
[2024.01.03-16.51.24:019][  0]LogConfig: Setting CVar [[r.BloomQuality:5]]
[2024.01.03-16.51.24:019][  0]LogConfig: Setting CVar [[r.FastBlurThreshold:100]]
[2024.01.03-16.51.24:019][  0]LogConfig: Setting CVar [[r.Upscale.Quality:3]]
[2024.01.03-16.51.24:019][  0]LogConfig: Setting CVar [[r.Tonemapper.GrainQuantization:1]]
[2024.01.03-16.51.24:019][  0]LogConfig: Setting CVar [[r.LightShaftQuality:1]]
[2024.01.03-16.51.24:019][  0]LogConfig: Setting CVar [[r.Filter.SizeScale:1]]
[2024.01.03-16.51.24:019][  0]LogConfig: Setting CVar [[r.Tonemapper.Quality:5]]
[2024.01.03-16.51.24:019][  0]LogConfig: Setting CVar [[r.DOF.Gather.AccumulatorQuality:1        ; higher gathering accumulator quality]]
[2024.01.03-16.51.24:019][  0]LogConfig: Setting CVar [[r.DOF.Gather.PostfilterMethod:1          ; Median3x3 postfilering method]]
[2024.01.03-16.51.24:019][  0]LogConfig: Setting CVar [[r.DOF.Gather.EnableBokehSettings:0       ; no bokeh simulation when gathering]]
[2024.01.03-16.51.24:019][  0]LogConfig: Setting CVar [[r.DOF.Gather.RingCount:4                 ; medium number of samples when gathering]]
[2024.01.03-16.51.24:019][  0]LogConfig: Setting CVar [[r.DOF.Scatter.ForegroundCompositing:1    ; additive foreground scattering]]
[2024.01.03-16.51.24:019][  0]LogConfig: Setting CVar [[r.DOF.Scatter.BackgroundCompositing:2    ; additive background scattering]]
[2024.01.03-16.51.24:019][  0]LogConfig: Setting CVar [[r.DOF.Scatter.EnableBokehSettings:1      ; bokeh simulation when scattering]]
[2024.01.03-16.51.24:019][  0]LogConfig: Setting CVar [[r.DOF.Scatter.MaxSpriteRatio:0.1         ; only a maximum of 10% of scattered bokeh]]
[2024.01.03-16.51.24:019][  0]LogConfig: Setting CVar [[r.DOF.Recombine.Quality:1                ; cheap slight out of focus]]
[2024.01.03-16.51.24:019][  0]LogConfig: Setting CVar [[r.DOF.Recombine.EnableBokehSettings:0    ; no bokeh simulation on slight out of focus]]
[2024.01.03-16.51.24:019][  0]LogConfig: Setting CVar [[r.DOF.TemporalAAQuality:1                ; more stable temporal accumulation]]
[2024.01.03-16.51.24:019][  0]LogConfig: Setting CVar [[r.DOF.Kernel.MaxForegroundRadius:0.025]]
[2024.01.03-16.51.24:019][  0]LogConfig: Setting CVar [[r.DOF.Kernel.MaxBackgroundRadius:0.025]]
[2024.01.03-16.51.24:019][  0]LogConfig: Applying CVar settings from Section [TextureQuality@3] File [C:/Users/jowet/OneDrive/Documents/UNI Year 2/TechDemo4-UnrealShooter/Tech_Demo_4/Saved/Config/Windows/Scalability.ini]
[2024.01.03-16.51.24:019][  0]LogConfig: Setting CVar [[r.Streaming.MipBias:0]]
[2024.01.03-16.51.24:019][  0]LogConfig: Setting CVar [[r.Streaming.AmortizeCPUToGPUCopy:0]]
[2024.01.03-16.51.24:019][  0]LogConfig: Setting CVar [[r.Streaming.MaxNumTexturesToStreamPerFrame:0]]
[2024.01.03-16.51.24:019][  0]LogConfig: Setting CVar [[r.Streaming.Boost:1]]
[2024.01.03-16.51.24:019][  0]LogConfig: Setting CVar [[r.MaxAnisotropy:8]]
[2024.01.03-16.51.24:019][  0]LogConfig: Setting CVar [[r.VT.MaxAnisotropy:8]]
[2024.01.03-16.51.24:019][  0]LogConfig: Setting CVar [[r.Streaming.LimitPoolSizeToVRAM:0]]
[2024.01.03-16.51.24:019][  0]LogConfig: Setting CVar [[r.Streaming.PoolSize:1000]]
[2024.01.03-16.51.24:019][  0]LogConfig: Setting CVar [[r.Streaming.MaxEffectiveScreenSize:0]]
[2024.01.03-16.51.24:019][  0]LogConfig: Applying CVar settings from Section [EffectsQuality@3] File [C:/Users/jowet/OneDrive/Documents/UNI Year 2/TechDemo4-UnrealShooter/Tech_Demo_4/Saved/Config/Windows/Scalability.ini]
[2024.01.03-16.51.24:020][  0]LogConfig: Setting CVar [[r.TranslucencyLightingVolumeDim:64]]
[2024.01.03-16.51.24:020][  0]LogConfig: Setting CVar [[r.RefractionQuality:2]]
[2024.01.03-16.51.24:020][  0]LogConfig: Setting CVar [[r.SSR.Quality:3]]
[2024.01.03-16.51.24:020][  0]LogConfig: Setting CVar [[r.SSR.HalfResSceneColor:0]]
[2024.01.03-16.51.24:020][  0]LogConfig: Setting CVar [[r.SceneColorFormat:4]]
[2024.01.03-16.51.24:020][  0]LogConfig: Setting CVar [[r.DetailMode:2]]
[2024.01.03-16.51.24:020][  0]LogConfig: Setting CVar [[r.TranslucencyVolumeBlur:1]]
[2024.01.03-16.51.24:020][  0]LogConfig: Setting CVar [[r.MaterialQualityLevel:1 ; High quality]]
[2024.01.03-16.51.24:020][  0]LogConfig: Setting CVar [[r.AnisotropicMaterials:1]]
[2024.01.03-16.51.24:020][  0]LogConfig: Setting CVar [[r.SSS.Scale:1]]
[2024.01.03-16.51.24:020][  0]LogConfig: Setting CVar [[r.SSS.SampleSet:2]]
[2024.01.03-16.51.24:020][  0]LogConfig: Setting CVar [[r.SSS.Quality:1]]
[2024.01.03-16.51.24:020][  0]LogConfig: Setting CVar [[r.SSS.HalfRes:0]]
[2024.01.03-16.51.24:020][  0]LogConfig: Setting CVar [[r.SSGI.Quality:3]]
[2024.01.03-16.51.24:020][  0]LogConfig: Setting CVar [[r.EmitterSpawnRateScale:1.0]]
[2024.01.03-16.51.24:020][  0]LogConfig: Setting CVar [[r.ParticleLightQuality:2]]
[2024.01.03-16.51.24:020][  0]LogConfig: Setting CVar [[r.SkyAtmosphere.AerialPerspectiveLUT.FastApplyOnOpaque:1 ; Always have FastSkyLUT 1 in this case to avoid wrong sky]]
[2024.01.03-16.51.24:020][  0]LogConfig: Setting CVar [[r.SkyAtmosphere.AerialPerspectiveLUT.SampleCountMaxPerSlice:4]]
[2024.01.03-16.51.24:020][  0]LogConfig: Setting CVar [[r.SkyAtmosphere.AerialPerspectiveLUT.DepthResolution:16.0]]
[2024.01.03-16.51.24:020][  0]LogConfig: Setting CVar [[r.SkyAtmosphere.FastSkyLUT:1]]
[2024.01.03-16.51.24:020][  0]LogConfig: Setting CVar [[r.SkyAtmosphere.FastSkyLUT.SampleCountMin:4.0]]
[2024.01.03-16.51.24:020][  0]LogConfig: Setting CVar [[r.SkyAtmosphere.FastSkyLUT.SampleCountMax:128.0]]
[2024.01.03-16.51.24:020][  0]LogConfig: Setting CVar [[r.SkyAtmosphere.SampleCountMin:4.0]]
[2024.01.03-16.51.24:020][  0]LogConfig: Setting CVar [[r.SkyAtmosphere.SampleCountMax:128.0]]
[2024.01.03-16.51.24:020][  0]LogConfig: Setting CVar [[r.SkyAtmosphere.TransmittanceLUT.UseSmallFormat:0]]
[2024.01.03-16.51.24:020][  0]LogConfig: Setting CVar [[r.SkyAtmosphere.TransmittanceLUT.SampleCount:10.0]]
[2024.01.03-16.51.24:020][  0]LogConfig: Setting CVar [[r.SkyAtmosphere.MultiScatteringLUT.SampleCount:15.0]]
[2024.01.03-16.51.24:020][  0]LogConfig: Setting CVar [[r.SkyLight.RealTimeReflectionCapture:1]]
[2024.01.03-16.51.24:020][  0]LogConfig: Applying CVar settings from Section [FoliageQuality@3] File [C:/Users/jowet/OneDrive/Documents/UNI Year 2/TechDemo4-UnrealShooter/Tech_Demo_4/Saved/Config/Windows/Scalability.ini]
[2024.01.03-16.51.24:020][  0]LogConfig: Setting CVar [[foliage.DensityScale:1.0]]
[2024.01.03-16.51.24:020][  0]LogConfig: Setting CVar [[grass.DensityScale:1.0]]
[2024.01.03-16.51.24:020][  0]LogConfig: Applying CVar settings from Section [ShadingQuality@3] File [C:/Users/jowet/OneDrive/Documents/UNI Year 2/TechDemo4-UnrealShooter/Tech_Demo_4/Saved/Config/Windows/Scalability.ini]
[2024.01.03-16.51.24:020][  0]LogConfig: Setting CVar [[r.HairStrands.SkyLighting.IntegrationType:2]]
[2024.01.03-16.51.24:020][  0]LogConfig: Setting CVar [[r.HairStrands.SkyAO.SampleCount:4]]
[2024.01.03-16.51.24:020][  0]LogConfig: Setting CVar [[r.HairStrands.Visibility.MSAA.SamplePerPixel:4]]
[2024.01.03-16.51.24:023][  0]LogInit: Selected Device Profile: [Windows]
[2024.01.03-16.51.24:023][  0]LogInit: Applying CVar settings loaded from the selected device profile: [Windows]
[2024.01.03-16.51.24:023][  0]LogHAL: Display: Platform has ~ 8 GB [8417239040 / 8589934592 / 8], which maps to Default [LargestMinGB=32, LargerMinGB=12, DefaultMinGB=8, SmallerMinGB=6, SmallestMinGB=0)
[2024.01.03-16.51.24:024][  0]LogInit: Going up to parent DeviceProfile []
[2024.01.03-16.51.24:024][  0]LogConfig: Applying CVar settings from Section [ViewDistanceQuality@3] File [C:/Users/jowet/OneDrive/Documents/UNI Year 2/TechDemo4-UnrealShooter/Tech_Demo_4/Saved/Config/Windows/Scalability.ini]
[2024.01.03-16.51.24:024][  0]LogConfig: Setting CVar [[r.SkeletalMeshLODBias:0]]
[2024.01.03-16.51.24:024][  0]LogConfig: Setting CVar [[r.ViewDistanceScale:1.0]]
[2024.01.03-16.51.24:024][  0]LogConfig: Applying CVar settings from Section [AntiAliasingQuality@3] File [C:/Users/jowet/OneDrive/Documents/UNI Year 2/TechDemo4-UnrealShooter/Tech_Demo_4/Saved/Config/Windows/Scalability.ini]
[2024.01.03-16.51.24:024][  0]LogConfig: Setting CVar [[r.PostProcessAAQuality:4]]
[2024.01.03-16.51.24:024][  0]LogConfig: Applying CVar settings from Section [ShadowQuality@3] File [C:/Users/jowet/OneDrive/Documents/UNI Year 2/TechDemo4-UnrealShooter/Tech_Demo_4/Saved/Config/Windows/Scalability.ini]
[2024.01.03-16.51.24:024][  0]LogConfig: Setting CVar [[r.LightFunctionQuality:1]]
[2024.01.03-16.51.24:024][  0]LogConfig: Setting CVar [[r.ShadowQuality:5]]
[2024.01.03-16.51.24:024][  0]LogConfig: Setting CVar [[r.Shadow.CSM.MaxCascades:10]]
[2024.01.03-16.51.24:024][  0]LogConfig: Setting CVar [[r.Shadow.MaxResolution:2048]]
[2024.01.03-16.51.24:024][  0]LogConfig: Setting CVar [[r.Shadow.MaxCSMResolution:2048]]
[2024.01.03-16.51.24:024][  0]LogConfig: Setting CVar [[r.Shadow.RadiusThreshold:0.01]]
[2024.01.03-16.51.24:024][  0]LogConfig: Setting CVar [[r.Shadow.DistanceScale:1.0]]
[2024.01.03-16.51.24:024][  0]LogConfig: Setting CVar [[r.Shadow.CSM.TransitionScale:1.0]]
[2024.01.03-16.51.24:024][  0]LogConfig: Setting CVar [[r.Shadow.PreShadowResolutionFactor:1.0]]
[2024.01.03-16.51.24:024][  0]LogConfig: Setting CVar [[r.DistanceFieldShadowing:1]]
[2024.01.03-16.51.24:024][  0]LogConfig: Setting CVar [[r.DistanceFieldAO:1]]
[2024.01.03-16.51.24:024][  0]LogConfig: Setting CVar [[r.AOQuality:2]]
[2024.01.03-16.51.24:024][  0]LogConfig: Setting CVar [[r.VolumetricFog:1]]
[2024.01.03-16.51.24:024][  0]LogConfig: Setting CVar [[r.VolumetricFog.GridPixelSize:8]]
[2024.01.03-16.51.24:024][  0]LogConfig: Setting CVar [[r.VolumetricFog.GridSizeZ:128]]
[2024.01.03-16.51.24:024][  0]LogConfig: Setting CVar [[r.VolumetricFog.HistoryMissSupersampleCount:4]]
[2024.01.03-16.51.24:024][  0]LogConfig: Setting CVar [[r.LightMaxDrawDistanceScale:1]]
[2024.01.03-16.51.24:024][  0]LogConfig: Setting CVar [[r.CapsuleShadows:1]]
[2024.01.03-16.51.24:024][  0]LogConfig: Applying CVar settings from Section [PostProcessQuality@3] File [C:/Users/jowet/OneDrive/Documents/UNI Year 2/TechDemo4-UnrealShooter/Tech_Demo_4/Saved/Config/Windows/Scalability.ini]
[2024.01.03-16.51.24:024][  0]LogConfig: Setting CVar [[r.MotionBlurQuality:4]]
[2024.01.03-16.51.24:024][  0]LogConfig: Setting CVar [[r.AmbientOcclusionMipLevelFactor:0.4]]
[2024.01.03-16.51.24:024][  0]LogConfig: Setting CVar [[r.AmbientOcclusionMaxQuality:100]]
[2024.01.03-16.51.24:024][  0]LogConfig: Setting CVar [[r.AmbientOcclusionLevels:-1]]
[2024.01.03-16.51.24:024][  0]LogConfig: Setting CVar [[r.AmbientOcclusionRadiusScale:1.0]]
[2024.01.03-16.51.24:024][  0]LogConfig: Setting CVar [[r.DepthOfFieldQuality:2]]
[2024.01.03-16.51.24:024][  0]LogConfig: Setting CVar [[r.RenderTargetPoolMin:400]]
[2024.01.03-16.51.24:024][  0]LogConfig: Setting CVar [[r.LensFlareQuality:2]]
[2024.01.03-16.51.24:024][  0]LogConfig: Setting CVar [[r.SceneColorFringeQuality:1]]
[2024.01.03-16.51.24:024][  0]LogConfig: Setting CVar [[r.EyeAdaptationQuality:2]]
[2024.01.03-16.51.24:024][  0]LogConfig: Setting CVar [[r.BloomQuality:5]]
[2024.01.03-16.51.24:024][  0]LogConfig: Setting CVar [[r.FastBlurThreshold:100]]
[2024.01.03-16.51.24:024][  0]LogConfig: Setting CVar [[r.Upscale.Quality:3]]
[2024.01.03-16.51.24:024][  0]LogConfig: Setting CVar [[r.Tonemapper.GrainQuantization:1]]
[2024.01.03-16.51.24:024][  0]LogConfig: Setting CVar [[r.LightShaftQuality:1]]
[2024.01.03-16.51.24:024][  0]LogConfig: Setting CVar [[r.Filter.SizeScale:1]]
[2024.01.03-16.51.24:024][  0]LogConfig: Setting CVar [[r.Tonemapper.Quality:5]]
[2024.01.03-16.51.24:024][  0]LogConfig: Setting CVar [[r.DOF.Gather.AccumulatorQuality:1        ; higher gathering accumulator quality]]
[2024.01.03-16.51.24:024][  0]LogConfig: Setting CVar [[r.DOF.Gather.PostfilterMethod:1          ; Median3x3 postfilering method]]
[2024.01.03-16.51.24:024][  0]LogConfig: Setting CVar [[r.DOF.Gather.EnableBokehSettings:0       ; no bokeh simulation when gathering]]
[2024.01.03-16.51.24:024][  0]LogConfig: Setting CVar [[r.DOF.Gather.RingCount:4                 ; medium number of samples when gathering]]
[2024.01.03-16.51.24:024][  0]LogConfig: Setting CVar [[r.DOF.Scatter.ForegroundCompositing:1    ; additive foreground scattering]]
[2024.01.03-16.51.24:024][  0]LogConfig: Setting CVar [[r.DOF.Scatter.BackgroundCompositing:2    ; additive background scattering]]
[2024.01.03-16.51.24:024][  0]LogConfig: Setting CVar [[r.DOF.Scatter.EnableBokehSettings:1      ; bokeh simulation when scattering]]
[2024.01.03-16.51.24:025][  0]LogConfig: Setting CVar [[r.DOF.Scatter.MaxSpriteRatio:0.1         ; only a maximum of 10% of scattered bokeh]]
[2024.01.03-16.51.24:025][  0]LogConfig: Setting CVar [[r.DOF.Recombine.Quality:1                ; cheap slight out of focus]]
[2024.01.03-16.51.24:025][  0]LogConfig: Setting CVar [[r.DOF.Recombine.EnableBokehSettings:0    ; no bokeh simulation on slight out of focus]]
[2024.01.03-16.51.24:025][  0]LogConfig: Setting CVar [[r.DOF.TemporalAAQuality:1                ; more stable temporal accumulation]]
[2024.01.03-16.51.24:025][  0]LogConfig: Setting CVar [[r.DOF.Kernel.MaxForegroundRadius:0.025]]
[2024.01.03-16.51.24:025][  0]LogConfig: Setting CVar [[r.DOF.Kernel.MaxBackgroundRadius:0.025]]
[2024.01.03-16.51.24:025][  0]LogConfig: Applying CVar settings from Section [TextureQuality@3] File [C:/Users/jowet/OneDrive/Documents/UNI Year 2/TechDemo4-UnrealShooter/Tech_Demo_4/Saved/Config/Windows/Scalability.ini]
[2024.01.03-16.51.24:025][  0]LogConfig: Setting CVar [[r.Streaming.MipBias:0]]
[2024.01.03-16.51.24:025][  0]LogConfig: Setting CVar [[r.Streaming.AmortizeCPUToGPUCopy:0]]
[2024.01.03-16.51.24:025][  0]LogConfig: Setting CVar [[r.Streaming.MaxNumTexturesToStreamPerFrame:0]]
[2024.01.03-16.51.24:025][  0]LogConfig: Setting CVar [[r.Streaming.Boost:1]]
[2024.01.03-16.51.24:025][  0]LogConfig: Setting CVar [[r.MaxAnisotropy:8]]
[2024.01.03-16.51.24:025][  0]LogConfig: Setting CVar [[r.VT.MaxAnisotropy:8]]
[2024.01.03-16.51.24:025][  0]LogConfig: Setting CVar [[r.Streaming.LimitPoolSizeToVRAM:0]]
[2024.01.03-16.51.24:025][  0]LogConfig: Setting CVar [[r.Streaming.PoolSize:1000]]
[2024.01.03-16.51.24:025][  0]LogConfig: Setting CVar [[r.Streaming.MaxEffectiveScreenSize:0]]
[2024.01.03-16.51.24:025][  0]LogConfig: Applying CVar settings from Section [EffectsQuality@3] File [C:/Users/jowet/OneDrive/Documents/UNI Year 2/TechDemo4-UnrealShooter/Tech_Demo_4/Saved/Config/Windows/Scalability.ini]
[2024.01.03-16.51.24:025][  0]LogConfig: Setting CVar [[r.TranslucencyLightingVolumeDim:64]]
[2024.01.03-16.51.24:025][  0]LogConfig: Setting CVar [[r.RefractionQuality:2]]
[2024.01.03-16.51.24:025][  0]LogConfig: Setting CVar [[r.SSR.Quality:3]]
[2024.01.03-16.51.24:025][  0]LogConfig: Setting CVar [[r.SSR.HalfResSceneColor:0]]
[2024.01.03-16.51.24:025][  0]LogConfig: Setting CVar [[r.SceneColorFormat:4]]
[2024.01.03-16.51.24:025][  0]LogConfig: Setting CVar [[r.DetailMode:2]]
[2024.01.03-16.51.24:025][  0]LogConfig: Setting CVar [[r.TranslucencyVolumeBlur:1]]
[2024.01.03-16.51.24:025][  0]LogConfig: Setting CVar [[r.MaterialQualityLevel:1 ; High quality]]
[2024.01.03-16.51.24:025][  0]LogConfig: Setting CVar [[r.AnisotropicMaterials:1]]
[2024.01.03-16.51.24:025][  0]LogConfig: Setting CVar [[r.SSS.Scale:1]]
[2024.01.03-16.51.24:025][  0]LogConfig: Setting CVar [[r.SSS.SampleSet:2]]
[2024.01.03-16.51.24:025][  0]LogConfig: Setting CVar [[r.SSS.Quality:1]]
[2024.01.03-16.51.24:025][  0]LogConfig: Setting CVar [[r.SSS.HalfRes:0]]
[2024.01.03-16.51.24:025][  0]LogConfig: Setting CVar [[r.SSGI.Quality:3]]
[2024.01.03-16.51.24:025][  0]LogConfig: Setting CVar [[r.EmitterSpawnRateScale:1.0]]
[2024.01.03-16.51.24:025][  0]LogConfig: Setting CVar [[r.ParticleLightQuality:2]]
[2024.01.03-16.51.24:025][  0]LogConfig: Setting CVar [[r.SkyAtmosphere.AerialPerspectiveLUT.FastApplyOnOpaque:1 ; Always have FastSkyLUT 1 in this case to avoid wrong sky]]
[2024.01.03-16.51.24:025][  0]LogConfig: Setting CVar [[r.SkyAtmosphere.AerialPerspectiveLUT.SampleCountMaxPerSlice:4]]
[2024.01.03-16.51.24:025][  0]LogConfig: Setting CVar [[r.SkyAtmosphere.AerialPerspectiveLUT.DepthResolution:16.0]]
[2024.01.03-16.51.24:025][  0]LogConfig: Setting CVar [[r.SkyAtmosphere.FastSkyLUT:1]]
[2024.01.03-16.51.24:025][  0]LogConfig: Setting CVar [[r.SkyAtmosphere.FastSkyLUT.SampleCountMin:4.0]]
[2024.01.03-16.51.24:025][  0]LogConfig: Setting CVar [[r.SkyAtmosphere.FastSkyLUT.SampleCountMax:128.0]]
[2024.01.03-16.51.24:025][  0]LogConfig: Setting CVar [[r.SkyAtmosphere.SampleCountMin:4.0]]
[2024.01.03-16.51.24:025][  0]LogConfig: Setting CVar [[r.SkyAtmosphere.SampleCountMax:128.0]]
[2024.01.03-16.51.24:025][  0]LogConfig: Setting CVar [[r.SkyAtmosphere.TransmittanceLUT.UseSmallFormat:0]]
[2024.01.03-16.51.24:025][  0]LogConfig: Setting CVar [[r.SkyAtmosphere.TransmittanceLUT.SampleCount:10.0]]
[2024.01.03-16.51.24:025][  0]LogConfig: Setting CVar [[r.SkyAtmosphere.MultiScatteringLUT.SampleCount:15.0]]
[2024.01.03-16.51.24:025][  0]LogConfig: Setting CVar [[r.SkyLight.RealTimeReflectionCapture:1]]
[2024.01.03-16.51.24:025][  0]LogConfig: Applying CVar settings from Section [FoliageQuality@3] File [C:/Users/jowet/OneDrive/Documents/UNI Year 2/TechDemo4-UnrealShooter/Tech_Demo_4/Saved/Config/Windows/Scalability.ini]
[2024.01.03-16.51.24:025][  0]LogConfig: Setting CVar [[foliage.DensityScale:1.0]]
[2024.01.03-16.51.24:025][  0]LogConfig: Setting CVar [[grass.DensityScale:1.0]]
[2024.01.03-16.51.24:025][  0]LogConfig: Applying CVar settings from Section [ShadingQuality@3] File [C:/Users/jowet/OneDrive/Documents/UNI Year 2/TechDemo4-UnrealShooter/Tech_Demo_4/Saved/Config/Windows/Scalability.ini]
[2024.01.03-16.51.24:025][  0]LogConfig: Setting CVar [[r.HairStrands.SkyLighting.IntegrationType:2]]
[2024.01.03-16.51.24:025][  0]LogConfig: Setting CVar [[r.HairStrands.SkyAO.SampleCount:4]]
[2024.01.03-16.51.24:025][  0]LogConfig: Setting CVar [[r.HairStrands.Visibility.MSAA.SamplePerPixel:4]]
[2024.01.03-16.51.24:025][  0]LogConfig: Applying CVar settings from Section [Startup] File [../../../Engine/Config/ConsoleVariables.ini]
[2024.01.03-16.51.24:026][  0]LogConfig: Setting CVar [[net.UseAdaptiveNetUpdateFrequency:0]]
[2024.01.03-16.51.24:026][  0]LogConfig: Setting CVar [[p.chaos.AllowCreatePhysxBodies:1]]
[2024.01.03-16.51.24:026][  0]LogConfig: Setting CVar [[fx.SkipVectorVMBackendOptimizations:1]]
[2024.01.03-16.51.24:026][  0]LogConfig: Applying CVar settings from Section [ConsoleVariables] File [C:/Users/jowet/OneDrive/Documents/UNI Year 2/TechDemo4-UnrealShooter/Tech_Demo_4/Saved/Config/Windows/Engine.ini]
[2024.01.03-16.51.24:026][  0]LogConfig: Applying CVar settings from Section [ConsoleVariables] File [C:/Users/jowet/OneDrive/Documents/UNI Year 2/TechDemo4-UnrealShooter/Tech_Demo_4/Saved/Config/Windows/Editor.ini]
[2024.01.03-16.51.24:027][  0]LogInit: Computer: LAPTOP-8T9BADUD
[2024.01.03-16.51.24:027][  0]LogInit: User: jowet
[2024.01.03-16.51.24:027][  0]LogInit: CPU Page size=4096, Cores=6
[2024.01.03-16.51.24:027][  0]LogInit: High frequency timer resolution =10.000000 MHz
[2024.01.03-16.51.24:027][  0]LogMemory: Memory total: Physical=7.8GB (8GB approx)
[2024.01.03-16.51.24:027][  0]LogMemory: Platform Memory Stats for Windows
[2024.01.03-16.51.24:027][  0]LogMemory: Process Physical Memory: 136.41 MB used, 136.41 MB peak
[2024.01.03-16.51.24:027][  0]LogMemory: Process Virtual Memory: 112.70 MB used, 112.70 MB peak
[2024.01.03-16.51.24:027][  0]LogMemory: Physical Memory: 7706.33 MB used,  320.98 MB free, 8027.30 MB total
[2024.01.03-16.51.24:027][  0]LogMemory: Virtual Memory: 134215400.00 MB used,  2331.07 MB free, 134217728.00 MB total
[2024.01.03-16.51.24:060][  0]LogWindows: WindowsPlatformFeatures enabled
[2024.01.03-16.51.24:156][  0]LogInit: Physics initialised using underlying interface: PhysX
[2024.01.03-16.51.24:156][  0]LogInit: Using OS detected language (en-US).
[2024.01.03-16.51.24:157][  0]LogInit: Using OS detected locale (en-GB).
[2024.01.03-16.51.24:176][  0]LogTextLocalizationManager: No specific localization for 'en-US' exists, so the 'en' localization will be used.
[2024.01.03-16.51.28:169][  0]LogTargetPlatformManager: Display: Loaded TargetPlatform 'AllDesktop'
[2024.01.03-16.51.28:192][  0]LogTargetPlatformManager: Display: Loaded TargetPlatform 'Android'
[2024.01.03-16.51.28:192][  0]LogTargetPlatformManager: Display: Loaded TargetPlatform 'Android_ASTC'
[2024.01.03-16.51.28:192][  0]LogTargetPlatformManager: Display: Loaded TargetPlatform 'Android_DXT'
[2024.01.03-16.51.28:192][  0]LogTargetPlatformManager: Display: Loaded TargetPlatform 'Android_ETC2'
[2024.01.03-16.51.28:192][  0]LogTargetPlatformManager: Display: Loaded TargetPlatform 'AndroidClient'
[2024.01.03-16.51.28:192][  0]LogTargetPlatformManager: Display: Loaded TargetPlatform 'Android_ASTCClient'
[2024.01.03-16.51.28:192][  0]LogTargetPlatformManager: Display: Loaded TargetPlatform 'Android_DXTClient'
[2024.01.03-16.51.28:192][  0]LogTargetPlatformManager: Display: Loaded TargetPlatform 'Android_ETC2Client'
[2024.01.03-16.51.28:192][  0]LogTargetPlatformManager: Display: Loaded TargetPlatform 'Android_Multi'
[2024.01.03-16.51.28:192][  0]LogTargetPlatformManager: Display: Loaded TargetPlatform 'Android_MultiClient'
[2024.01.03-16.51.28:214][  0]LogTargetPlatformManager: Display: Loaded TargetPlatform 'IOSClient'
[2024.01.03-16.51.28:214][  0]LogTargetPlatformManager: Display: Loaded TargetPlatform 'IOS'
[2024.01.03-16.51.28:238][  0]LogTargetPlatformManager: Display: Loaded TargetPlatform 'Linux'
[2024.01.03-16.51.28:243][  0]LogTargetPlatformManager: Display: Loaded TargetPlatform 'LinuxNoEditor'
[2024.01.03-16.51.28:249][  0]LogTargetPlatformManager: Display: Loaded TargetPlatform 'LinuxClient'
[2024.01.03-16.51.28:253][  0]LogTargetPlatformManager: Display: Loaded TargetPlatform 'LinuxServer'
[2024.01.03-16.51.28:270][  0]LogTargetPlatformManager: Display: Loaded TargetPlatform 'LinuxAArch64NoEditor'
[2024.01.03-16.51.28:275][  0]LogTargetPlatformManager: Display: Loaded TargetPlatform 'LinuxAArch64Client'
[2024.01.03-16.51.28:279][  0]LogTargetPlatformManager: Display: Loaded TargetPlatform 'LinuxAArch64Server'
[2024.01.03-16.51.28:312][  0]LogTargetPlatformManager: Display: Loaded TargetPlatform 'Lumin'
[2024.01.03-16.51.28:312][  0]LogTargetPlatformManager: Display: Loaded TargetPlatform 'LuminClient'
[2024.01.03-16.51.28:342][  0]LogTargetPlatformManager: Display: Loaded TargetPlatform 'MacNoEditor'
[2024.01.03-16.51.28:349][  0]LogTargetPlatformManager: Display: Loaded TargetPlatform 'Mac'
[2024.01.03-16.51.28:355][  0]LogTargetPlatformManager: Display: Loaded TargetPlatform 'MacClient'
[2024.01.03-16.51.28:361][  0]LogTargetPlatformManager: Display: Loaded TargetPlatform 'MacServer'
[2024.01.03-16.51.28:373][  0]LogTargetPlatformManager: Display: Loaded TargetPlatform 'TVOSClient'
[2024.01.03-16.51.28:373][  0]LogTargetPlatformManager: Display: Loaded TargetPlatform 'TVOS'
[2024.01.03-16.51.28:385][  0]LogTargetPlatformManager: Display: Loaded TargetPlatform 'WindowsNoEditor'
[2024.01.03-16.51.28:393][  0]LogTargetPlatformManager: Display: Loaded TargetPlatform 'Windows'
[2024.01.03-16.51.28:399][  0]LogTargetPlatformManager: Display: Loaded TargetPlatform 'WindowsClient'
[2024.01.03-16.51.28:405][  0]LogTargetPlatformManager: Display: Loaded TargetPlatform 'WindowsServer'
[2024.01.03-16.51.28:405][  0]LogTargetPlatformManager: Display: Building Assets For Windows
[2024.01.03-16.51.28:418][  0]LogAudioDebug: Display: Lib vorbis DLL was dynamically loaded.
[2024.01.03-16.51.28:468][  0]LogTextureFormatOodle: Display: Oodle Texture 2.9.0 init RDO Off
[2024.01.03-16.51.28:549][  0]LogRendererCore: Ray tracing is disabled. Reason: r.RayTracing=0.
[2024.01.03-16.51.28:555][  0]LogDerivedDataCache: Display: Max Cache Size: 512 MB
[2024.01.03-16.51.28:555][  0]LogDerivedDataCache: Display: Starting with empty Boot cache
[2024.01.03-16.51.28:555][  0]LogDerivedDataCache: FDerivedDataBackendGraph:  Pak pak cache file ../../../../../../Users/jowet/OneDrive/Documents/UNI Year 2/TechDemo4-UnrealShooter/Tech_Demo_4/DerivedDataCache/DDC.ddp not found, will not use a pak cache.
[2024.01.03-16.51.28:555][  0]LogDerivedDataCache: Unable to find inner node Pak for hierarchical cache Hierarchy.
[2024.01.03-16.51.28:620][  0]LogDerivedDataCache: Speed tests for ../../../Engine/DerivedDataCache took 0.06 seconds
[2024.01.03-16.51.28:621][  0]LogDerivedDataCache: Display: Performance to ../../../Engine/DerivedDataCache: Latency=0.14ms. RandomReadSpeed=16.25MBs, RandomWriteSpeed=193.66MBs. Assigned SpeedClass 'Local'
[2024.01.03-16.51.28:621][  0]LogDerivedDataCache: Using Local data cache path ../../../Engine/DerivedDataCache: Writable
[2024.01.03-16.51.28:630][  0]LogAssetRegistry: FAssetRegistry took 0.0027 seconds to start up
[2024.01.03-16.51.28:968][  0]LogInit: Selected Device Profile: [Windows]
[2024.01.03-16.51.28:968][  0]LogInit: Active device profile: [0000021A459F6900][0000021A3BC337C0 49] Windows
[2024.01.03-16.51.28:968][  0]LogInit: Profiles: [0000021A459F6900][0000021A3BC337C0 49] Windows, [0000021A459ADA00][0000021A431DDA80 49] WindowsNoEditor, [0000021A459F5900][0000021A431E01C0 49] WindowsServer, [0000021A459AEC00][0000021A36CBC480 49] WindowsClient, [0000021A459F6A00][0000021A36CC0740 49] IOS, [0000021A459AD800][0000021A36CC4A00 49] iPadAir, [0000021A459F5700][0000021A3BC36C80 49] iPadAir2, [0000021A4596B800][0000021A43017180 49] IPadPro, [0000021A4596B900][0000021A36CC91C0 49] iPadAir3, [0000021A459F4E00][0000021A4300F480 49] iPadAir4, [0000021A45969D00][0000021A36CD7740 49] iPadMini2, [0000021A459F7700][0000021A43013A00 49] iPadMini3, [0000021A4596A200][0000021A43020140 49] iPadMini4, [0000021A459F6500][0000021A43024400 49] iPadMini5, [0000021A4598F100][0000021A43038940 49] iPhone6, [0000021A4598F200][0000021A43028980 49] iPodTouch6, [0000021A45968B00][0000021A4303CE80 49] iPhone7, [0000021A45968A00][0000021A43030EC0 49] iPodTouch7, [0000021A4598DC00][0000021A36CCD140 49] iPhone5S, [0000021A4596A100][0000021A4302D400 49] iPhone6Plus, [0000021A4598E400][0000021A430416C0 49] iPhone6S, [0000021A45968800][0000021A43045980 49] iPhone6SPlus, [0000021A4598DE00][0000021A4459A0C0 49] iPhone7Plus, [0000021A4596BA00][0000021A4459E380 49] iPhoneSE, [0000021A4598E100][0000021A445A2640 49] iPhone8, [0000021A4596BD00][0000021A445A6900 49] iPhone8Plus, [0000021A4598F500][0000021A445AABC0 49] iPhoneX, [0000021A4596BB00][0000021A445AEE80 49] iPhoneXS, [0000021A4598DB00][0000021A43035100 49] iPhoneXSMax, [0000021A45968D00][0000021A445B3380 49] iPhoneXR, [0000021A4598DF00][0000021A445BB640 49] iPhone11, [0000021A4596A000][0000021A445BF900 49] iPhone11Pro, [0000021A4598D400][0000021A445C3BC0 49] iPhone11ProMax, [0000021A4596AF00][0000021A445C6300 49] iPhoneSE2, [0000021A4598EE00][0000021A445CA5C0 49] iPhone12Mini, [0000021A45969000][0000021A445CE880 49] iPhone12, [0000021A4598CC00][0000021A445D2B40 49] iPhone12Pro, [0000021A4596BF00][0000021A445D6E00 49] iPhone12ProMax, [0000021A4598EF00][0000021A445DB0C0 49] iPadPro105, [0000021A45968C00][0000021A445B7340 49] iPadPro129, [0000021A4598DD00][0000021A445DF5C0 49] iPadPro97, [0000021A4596A800][0000021A445E7880 49] iPadPro2_129, [0000021A4598DA00][0000021A445EBB40 49] iPad5, [0000021A45969A00][0000021A445EE280 49] iPad6, [0000021A4598D800][0000021A445F2540 49] iPad7, [0000021A4596BE00][0000021A445F6800 49] iPad8, [0000021A4598F700][0000021A445FAAC0 49] iPadPro11, [0000021A4596AA00][0000021A445FED80 49] iPadPro2_11, [0000021A4598CD00][0000021A44603040 49] iPadPro3_129, [0000021A45A38700][0000021A44607300 49] iPadPro4_129, [0000021A459AF800][0000021A445E3580 49] AppleTV, [0000021A45A38300][0000021A4460B800 49] AppleTV4K, [0000021A459ADB00][0000021A44613AC0 49] TVOS, [0000021A45A39000][0000021A44616200 49] Mac, [0000021A459AD400][0000021A4461A4C0 49] MacClient, [0000021A45A38200][0000021A4461E780 49] MacNoEditor, [0000021A459AE000][0000021A44622A40 49] MacServer, [0000021A45A38A00][0000021A44626D00 49] Linux, [0000021A459AF900][0000021A4462AFC0 49] LinuxAArch64, [0000021A45A39100][0000021A4462F280 49] LinuxNoEditor, [0000021A459AC100][0000021A44633540 49] LinuxAArch64NoEditor, [0000021A45A38E00][0000021A4460F7C0 49] LinuxClient, [0000021A459AF600][0000021A44637A40 49] LinuxAArch64Client, [0000021A4596AE00][0000021A4463E180 49] LinuxServer, [0000021A459AD200][0000021A44642440 49] LinuxAArch64Server, [0000021A4596A400][0000021A44646700 49] Android, [0000021A459AFF00][0000021A4464A9C0 49] Android_Low, [0000021A45969800][0000021A46660C80 49] Android_Mid, [0000021A459AF100][0000021A46664F40 49] Android_High, [0000021A4596B200][0000021A46669200 49] Android_Default, [0000021A459ACA00][0000021A4666D4C0 49] Android_Adreno4xx, [0000021A4596B400][0000021A46671780 49] Android_Adreno5xx_Low, [0000021A459AC400][0000021A4463BA00 49] Android_Adreno5xx, [0000021A4596B500][0000021A46678140 49] Android_Adreno6xx, [0000021A459AF700][0000021A4667C400 49] Android_Adreno6xx_Vulkan, [0000021A45968300][0000021A466806C0 49] Android_Mali_T6xx, [0000021A459AFE00][0000021A46684980 49] Android_Mali_T7xx, [0000021A45968100][0000021A46688C40 49] Android_Mali_T8xx, [0000021A459ACD00][0000021A4668CF00 49] Android_Mali_G71, [0000021A45969E00][0000021A466911C0 49] Android_Mali_G72, [0000021A459AE500][0000021A46695480 49] Android_Mali_G72_Vulkan, [0000021A45969100][0000021A46699740 49] Android_Mali_G76, [0000021A459AEA00][0000021A466759C0 49] Android_Mali_G76_Vulkan, [0000021A4596B700][0000021A4669C0C0 49] Android_Mali_G77, [0000021A459AD300][0000021A466A4380 49] Android_Mali_G77_Vulkan, [0000021A45969300][0000021A466A8640 49] Android_Mali_G78, [0000021A459AE900][0000021A466AC900 49] Android_Mali_G78_Vulkan, [0000021A4596A500][0000021A466B0BC0 49] Android_Mali_G710, [0000021A459AC300][0000021A466B4E80 49] Android_Mali_G710_Vulkan, [0000021A45968500][0000021A466B9140 49] Android_Vulkan_SM5, [0000021A459AED00][0000021A466BD400 49] Android_PowerVR_G6xxx, [0000021A4598D900][0000021A466C16C0 49] Android_PowerVR_GT7xxx, [0000021A459F7A00][0000021A466C5980 49] Android_PowerVR_GE8xxx, [0000021A4598C500][0000021A466A1C00 49] Android_PowerVR_GM9xxx, [0000021A459F7E00][0000021A466C8300 49] Android_PowerVR_GM9xxx_Vulkan, [0000021A4598C600][0000021A466D05C0 49] Android_TegraK1, [0000021A459F7D00][0000021A466D4880 49] Android_Unknown_Vulkan, [0000021A4598ED00][0000021A466D8B40 49] Lumin, [0000021A459F6200][0000021A466DCE00 49] Lumin_Desktop, [0000021A4598EB00][0000021A466E10C0 49] HoloLens, 
[2024.01.03-16.51.29:031][  0]LogMeshReduction: Using QuadricMeshReduction for automatic static mesh reduction
[2024.01.03-16.51.29:031][  0]LogMeshReduction: Using SimplygonMeshReduction for automatic skeletal mesh reduction
[2024.01.03-16.51.29:031][  0]LogMeshReduction: Using ProxyLODMeshReduction for automatic mesh merging
[2024.01.03-16.51.29:031][  0]LogMeshReduction: No distributed automatic mesh merging module available
[2024.01.03-16.51.29:032][  0]LogMeshMerging: No distributed automatic mesh merging module available
[2024.01.03-16.51.29:062][  0]LogNetVersion: Tech_Demo_4 1.0.0, NetCL: 17155196, EngineNetVer: 17, GameNetVer: 0 (Checksum: 4260629819)
[2024.01.03-16.51.29:816][  0]LogCollectionManager: Loaded 0 collections in 0.001323 seconds
[2024.01.03-16.51.29:819][  0]LogFileCache: Scanning file cache for directory 'C:/Users/jowet/OneDrive/Documents/UNI Year 2/TechDemo4-UnrealShooter/Tech_Demo_4/Saved/Collections/' took 0.00s
[2024.01.03-16.51.29:819][  0]LogFileCache: Scanning file cache for directory 'C:/Users/jowet/OneDrive/Documents/UNI Year 2/TechDemo4-UnrealShooter/Tech_Demo_4/Content/Developers/jowet/Collections/' took 0.00s
[2024.01.03-16.51.29:819][  0]LogFileCache: Scanning file cache for directory 'C:/Users/jowet/OneDrive/Documents/UNI Year 2/TechDemo4-UnrealShooter/Tech_Demo_4/Content/Collections/' took 0.00s
[2024.01.03-16.51.29:819][  0]LogCollectionManager: Fixed up redirectors for 0 collections in 0.000157 seconds (updated 0 objects)
[2024.01.03-16.51.29:997][  0]LogNiagaraDebuggerClient: Niagara Debugger Client Initialized | Session: 8C319B2A433E72A927152EB6A5F882AE | Instance: D757983A4FD1ABBB0EAFCE9A35FC292F (LAPTOP-8T9BADUD-8524).
[2024.01.03-16.51.30:187][  0]LogPython: Using Python 3.7.7
[2024.01.03-16.51.30:855][  0]SourceControl: Source control is disabled
[2024.01.03-16.51.30:855][  0]SourceControl: Source control is disabled
[2024.01.03-16.51.30:862][  0]SourceControl: Source control is disabled
[2024.01.03-16.51.30:866][  0]SourceControl: Source control is disabled
[2024.01.03-16.51.30:872][  0]SourceControl: Source control is disabled
[2024.01.03-16.51.30:878][  0]LogUProjectInfo: Found projects:
[2024.01.03-16.51.31:141][  0]LogOpenImageDenoise: OIDN starting up
[2024.01.03-16.51.31:158][  0]LogAndroidPermission: UAndroidPermissionCallbackProxy::GetInstance
[2024.01.03-16.51.31:179][  0]LogAudioCaptureCore: Display: No Audio Capture implementations found. Audio input will be silent.
[2024.01.03-16.51.31:179][  0]LogAudioCaptureCore: Display: No Audio Capture implementations found. Audio input will be silent.
[2024.01.03-16.51.31:300][  0]LogUObjectArray: 22014 objects as part of root set at end of initial load.
[2024.01.03-16.51.31:300][  0]LogUObjectAllocator: 6018192 out of 0 bytes used by permanent object pool.
[2024.01.03-16.51.31:300][  0]LogUObjectArray: CloseDisregardForGC: 0/0 objects in disregard for GC pool
[2024.01.03-16.51.31:305][  0]LogInit: Error: VisualStudioToolsCommandlet looked like a commandlet, but we could not find the class.
[2024.01.03-16.51.31:306][  0]LogCore: Engine exit requested (reason: Failed to find commandlet class VisualStudioToolsCommandlet)
[2024.01.03-16.51.31:307][  0]LogCore: Engine exit requested (reason: EngineExit() was called; note: exit was already requested)
[2024.01.03-16.51.31:314][  0]LogExit: Preparing to exit.
[2024.01.03-16.51.31:328][  0]LogUObjectHash: Compacting FUObjectHashTables data took   0.58ms
[2024.01.03-16.51.31:408][  0]LogDemo: Cleaned up 0 splitscreen connections with owner deletion
[2024.01.03-16.51.31:500][  0]LogExit: Object subsystem successfully closed.
[2024.01.03-16.51.31:562][  0]LogModuleManager: Shutting down and abandoning module AudioSynesthesiaEditor (556)
[2024.01.03-16.51.31:562][  0]LogModuleManager: Shutting down and abandoning module ContentBrowserFileDataSource (554)
[2024.01.03-16.51.31:562][  0]LogModuleManager: Shutting down and abandoning module ContentBrowserClassDataSource (552)
[2024.01.03-16.51.31:562][  0]LogModuleManager: Shutting down and abandoning module ContentBrowserAssetDataSource (550)
[2024.01.03-16.51.31:562][  0]LogModuleManager: Shutting down and abandoning module ToolMenus (549)
[2024.01.03-16.51.31:562][  0]LogModuleManager: Shutting down and abandoning module OodleNetworkHandlerComponent (546)
[2024.01.03-16.51.31:562][  0]LogModuleManager: Shutting down and abandoning module SynthesisEditor (544)
[2024.01.03-16.51.31:562][  0]LogModuleManager: Shutting down and abandoning module Synthesis (542)
[2024.01.03-16.51.31:563][  0]LogModuleManager: Shutting down and abandoning module ScreenshotTools (540)
[2024.01.03-16.51.31:563][  0]LogModuleManager: Shutting down and abandoning module ProceduralMeshComponentEditor (538)
[2024.01.03-16.51.31:563][  0]LogModuleManager: Shutting down and abandoning module ProceduralMeshComponent (536)
[2024.01.03-16.51.31:563][  0]LogModuleManager: Shutting down and abandoning module MobilePatchingUtils (534)
[2024.01.03-16.51.31:563][  0]LogModuleManager: Shutting down and abandoning module GooglePAD (532)
[2024.01.03-16.51.31:563][  0]LogModuleManager: Shutting down and abandoning module EditableMesh (530)
[2024.01.03-16.51.31:563][  0]LogModuleManager: Shutting down and abandoning module CustomMeshComponent (528)
[2024.01.03-16.51.31:563][  0]LogModuleManager: Shutting down and abandoning module CableComponent (526)
[2024.01.03-16.51.31:563][  0]LogModuleManager: Shutting down and abandoning module AudioCapture (524)
[2024.01.03-16.51.31:563][  0]LogModuleManager: Shutting down and abandoning module AudioCaptureRtAudio (523)
[2024.01.03-16.51.31:563][  0]LogModuleManager: Shutting down and abandoning module AssetTags (520)
[2024.01.03-16.51.31:563][  0]LogModuleManager: Shutting down and abandoning module ArchVisCharacter (518)
[2024.01.03-16.51.31:563][  0]LogModuleManager: Shutting down and abandoning module AppleImageUtilsBlueprintSupport (516)
[2024.01.03-16.51.31:563][  0]LogModuleManager: Shutting down and abandoning module AppleImageUtils (514)
[2024.01.03-16.51.31:563][  0]LogModuleManager: Shutting down and abandoning module AndroidPermission (512)
[2024.01.03-16.51.31:563][  0]LogModuleManager: Shutting down and abandoning module ActorLayerUtilitiesEditor (510)
[2024.01.03-16.51.31:564][  0]LogModuleManager: Shutting down and abandoning module ActorLayerUtilities (508)
[2024.01.03-16.51.31:564][  0]LogModuleManager: Shutting down and abandoning module TemplateSequence (506)
[2024.01.03-16.51.31:564][  0]LogModuleManager: Shutting down and abandoning module MediaCompositing (504)
[2024.01.03-16.51.31:564][  0]LogModuleManager: Shutting down and abandoning module OpenImageDenoise (502)
[2024.01.03-16.51.31:564][  0]LogOpenImageDenoise: OIDN shutting down
[2024.01.03-16.51.31:564][  0]LogModuleManager: Shutting down and abandoning module MotoSynthEditor (500)
[2024.01.03-16.51.31:564][  0]LogModuleManager: Shutting down and abandoning module MotoSynth (498)
[2024.01.03-16.51.31:564][  0]LogModuleManager: Shutting down and abandoning module MeshConversion (496)
[2024.01.03-16.51.31:564][  0]LogModuleManager: Shutting down and abandoning module DynamicMesh (494)
[2024.01.03-16.51.31:564][  0]LogModuleManager: Shutting down and abandoning module GeometryAlgorithms (492)
[2024.01.03-16.51.31:565][  0]LogModuleManager: Shutting down and abandoning module GeometricObjects (490)
[2024.01.03-16.51.31:565][  0]LogModuleManager: Shutting down and abandoning module VariantManagerContentEditor (488)
[2024.01.03-16.51.31:565][  0]LogModuleManager: Shutting down and abandoning module MagicLeapSharedWorld (486)
[2024.01.03-16.51.31:565][  0]LogModuleManager: Shutting down and abandoning module MagicLeapLightEstimation (484)
[2024.01.03-16.51.31:565][  0]LogModuleManager: Shutting down and abandoning module DatasmithContentEditor (482)
[2024.01.03-16.51.31:566][  0]LogModuleManager: Shutting down and abandoning module GeometryCollectionTracks (480)
[2024.01.03-16.51.31:566][  0]LogModuleManager: Shutting down and abandoning module GeometryCollectionSequencer (479)
[2024.01.03-16.51.31:566][  0]LogModuleManager: Shutting down and abandoning module GeometryCollectionEditor (476)
[2024.01.03-16.51.31:566][  0]LogModuleManager: Shutting down and abandoning module GeometryCacheTracks (474)
[2024.01.03-16.51.31:566][  0]LogModuleManager: Shutting down and abandoning module GeometryCacheStreamer (472)
[2024.01.03-16.51.31:566][  0]LogModuleManager: Shutting down and abandoning module GeometryCacheSequencer (470)
[2024.01.03-16.51.31:566][  0]LogModuleManager: Shutting down and abandoning module MagicLeapHelperVulkan (468)
[2024.01.03-16.51.31:566][  0]LogModuleManager: Shutting down and abandoning module MagicLeapHelperOpenGL (466)
[2024.01.03-16.51.31:566][  0]LogModuleManager: Shutting down and abandoning module MagicLeapAudio (464)
[2024.01.03-16.51.31:566][  0]LogModuleManager: Shutting down and abandoning module ChaosSolverEditor (462)
[2024.01.03-16.51.31:566][  0]LogModuleManager: Shutting down and abandoning module FractureEditor (460)
[2024.01.03-16.51.31:566][  0]LogModuleManager: Shutting down and abandoning module ChaosNiagara (458)
[2024.01.03-16.51.31:567][  0]LogModuleManager: Shutting down and abandoning module FieldSystemEngine (457)
[2024.01.03-16.51.31:567][  0]LogModuleManager: Shutting down and abandoning module ChaosClothEditor (454)
[2024.01.03-16.51.31:567][  0]LogModuleManager: Shutting down and abandoning module AutomationUtilsEditor (452)
[2024.01.03-16.51.31:567][  0]LogModuleManager: Shutting down and abandoning module AutomationUtils (450)
[2024.01.03-16.51.31:567][  0]LogModuleManager: Shutting down and abandoning module AlembicImporter (448)
[2024.01.03-16.51.31:567][  0]LogModuleManager: Shutting down and abandoning module AlembicLibrary (447)
[2024.01.03-16.51.31:567][  0]LogModuleManager: Shutting down and abandoning module GeometryCache (446)
[2024.01.03-16.51.31:567][  0]LogModuleManager: Shutting down and abandoning module GeometryCacheEd (445)
[2024.01.03-16.51.31:567][  0]LogModuleManager: Shutting down and abandoning module NiagaraEditorWidgets (440)
[2024.01.03-16.51.31:567][  0]LogModuleManager: Shutting down and abandoning module SpeedTreeImporter (438)
[2024.01.03-16.51.31:568][  0]LogModuleManager: Shutting down and abandoning module MobileLauncherProfileWizard (436)
[2024.01.03-16.51.31:568][  0]LogModuleManager: Shutting down and abandoning module PluginBrowser (434)
[2024.01.03-16.51.31:569][  0]LogModuleManager: Shutting down and abandoning module MaterialAnalyzer (432)
[2024.01.03-16.51.31:570][  0]LogModuleManager: Shutting down and abandoning module VisualStudioSourceCodeAccess (430)
[2024.01.03-16.51.31:570][  0]LogModuleManager: Shutting down and abandoning module CurveEditorTools (428)
[2024.01.03-16.51.31:570][  0]LogModuleManager: Shutting down and abandoning module CryptoKeysOpenSSL (426)
[2024.01.03-16.51.31:570][  0]LogModuleManager: Shutting down and abandoning module CryptoKeys (424)
[2024.01.03-16.51.31:570][  0]LogModuleManager: Shutting down and abandoning module VisualStudioCodeSourceCodeAccess (422)
[2024.01.03-16.51.31:570][  0]LogModuleManager: Shutting down and abandoning module UObjectPlugin (420)
[2024.01.03-16.51.31:570][  0]LogModuleManager: Shutting down and abandoning module SubversionSourceControl (418)
[2024.01.03-16.51.31:571][  0]LogModuleManager: Shutting down and abandoning module PluginUtils (416)
[2024.01.03-16.51.31:571][  0]LogModuleManager: Shutting down and abandoning module PlasticSourceControl (414)
[2024.01.03-16.51.31:571][  0]LogModuleManager: Shutting down and abandoning module PerforceSourceControl (412)
[2024.01.03-16.51.31:572][  0]LogModuleManager: Shutting down and abandoning module GitSourceControl (410)
[2024.01.03-16.51.31:573][  0]LogModuleManager: Shutting down and abandoning module SourceControl (409)
[2024.01.03-16.51.31:573][  0]LogModuleManager: Shutting down and abandoning module CLionSourceCodeAccess (406)
[2024.01.03-16.51.31:573][  0]LogModuleManager: Shutting down and abandoning module AnimationSharingEd (404)
[2024.01.03-16.51.31:573][  0]LogModuleManager: Shutting down and abandoning module LightPropagationVolumeEditor (402)
[2024.01.03-16.51.31:573][  0]LogModuleManager: Shutting down and abandoning module PaperTiledImporter (400)
[2024.01.03-16.51.31:573][  0]LogModuleManager: Shutting down and abandoning module PaperSpriteSheetImporter (398)
[2024.01.03-16.51.31:573][  0]LogModuleManager: Shutting down and abandoning module Paper2DEditor (396)
[2024.01.03-16.51.31:574][  0]LogModuleManager: Shutting down and abandoning module MeshPaintingToolset (394)
[2024.01.03-16.51.31:574][  0]LogModuleManager: Shutting down and abandoning module MeshPaintEditorMode (392)
[2024.01.03-16.51.31:575][  0]LogModuleManager: Shutting down and abandoning module Tech_Demo_4 (390)
[2024.01.03-16.51.31:575][  0]LogModuleManager: Shutting down and abandoning module SoundFields (388)
[2024.01.03-16.51.31:575][  0]LogModuleManager: Shutting down and abandoning module SignificanceManager (386)
[2024.01.03-16.51.31:575][  0]LogModuleManager: Shutting down and abandoning module RuntimePhysXCooking (384)
[2024.01.03-16.51.31:575][  0]LogModuleManager: Shutting down and abandoning module PropertyAccessEditor (382)
[2024.01.03-16.51.31:575][  0]LogModuleManager: Shutting down and abandoning module PhysXVehiclesEditor (380)
[2024.01.03-16.51.31:575][  0]LogModuleManager: Shutting down and abandoning module LocationServicesBPLibrary (376)
[2024.01.03-16.51.31:575][  0]LogModuleManager: Shutting down and abandoning module AudioSynesthesia (374)
[2024.01.03-16.51.31:575][  0]LogModuleManager: Shutting down and abandoning module AudioSynesthesiaCore (372)
[2024.01.03-16.51.31:575][  0]LogModuleManager: Shutting down and abandoning module UdpMessaging (370)
[2024.01.03-16.51.31:576][  0]LogModuleManager: Shutting down and abandoning module TcpMessaging (368)
[2024.01.03-16.51.31:576][  0]LogModuleManager: Shutting down and abandoning module ActorSequence (366)
[2024.01.03-16.51.31:576][  0]LogModuleManager: Shutting down and abandoning module PythonScriptPlugin (364)
[2024.01.03-16.51.31:576][  0]LogModuleManager: Shutting down and abandoning module MagicLeapARPin (362)
[2024.01.03-16.51.31:576][  0]LogModuleManager: Shutting down and abandoning module GameplayCameras (360)
[2024.01.03-16.51.31:576][  0]LogModuleManager: Shutting down and abandoning module MagicLeapHandMeshing (358)
[2024.01.03-16.51.31:576][  0]LogModuleManager: Shutting down and abandoning module MagicLeapSecureStorage (356)
[2024.01.03-16.51.31:576][  0]LogModuleManager: Shutting down and abandoning module MagicLeapPrivileges (354)
[2024.01.03-16.51.31:576][  0]LogModuleManager: Shutting down and abandoning module MagicLeapPlanes (352)
[2024.01.03-16.51.31:576][  0]LogMagicLeapPlanes: Planes tracker already destroyed.
[2024.01.03-16.51.31:576][  0]LogModuleManager: Shutting down and abandoning module MagicLeapImageTracker (350)
[2024.01.03-16.51.31:576][  0]LogModuleManager: Shutting down and abandoning module MagicLeapIdentity (348)
[2024.01.03-16.51.31:576][  0]LogModuleManager: Shutting down and abandoning module MagicLeapHandTracking (346)
[2024.01.03-16.51.31:577][  0]LogModuleManager: Shutting down and abandoning module MagicLeapEyeTracker (344)
[2024.01.03-16.51.31:577][  0]LogModuleManager: Shutting down and abandoning module MagicLeapController (342)
[2024.01.03-16.51.31:577][  0]LogModuleManager: Shutting down and abandoning module MagicLeapARPinImpl (340)
[2024.01.03-16.51.31:577][  0]LogModuleManager: Shutting down and abandoning module MagicLeapAR (338)
[2024.01.03-16.51.31:577][  0]LogModuleManager: Shutting down and abandoning module AugmentedReality (337)
[2024.01.03-16.51.31:577][  0]LogModuleManager: Shutting down and abandoning module NiagaraAnimNotifies (334)
[2024.01.03-16.51.31:577][  0]LogModuleManager: Shutting down and abandoning module Niagara (332)
[2024.01.03-16.51.31:577][  0]LogModuleManager: Shutting down and abandoning module SignalProcessing (331)
[2024.01.03-16.51.31:577][  0]LogModuleManager: Shutting down and abandoning module NiagaraEditor (329)
[2024.01.03-16.51.31:578][  0]LogModuleManager: Shutting down and abandoning module NiagaraCore (326)
[2024.01.03-16.51.31:578][  0]LogModuleManager: Shutting down and abandoning module GameplayTagsEditor (324)
[2024.01.03-16.51.31:578][  0]LogModuleManager: Shutting down and abandoning module FacialAnimationEditor (322)
[2024.01.03-16.51.31:578][  0]LogModuleManager: Shutting down and abandoning module FacialAnimation (320)
[2024.01.03-16.51.31:578][  0]LogModuleManager: Shutting down and abandoning module DataValidation (318)
[2024.01.03-16.51.31:578][  0]LogModuleManager: Shutting down and abandoning module AssetManagerEditor (316)
[2024.01.03-16.51.31:578][  0]LogModuleManager: Shutting down and abandoning module TreeMap (315)
[2024.01.03-16.51.31:578][  0]LogModuleManager: Shutting down and abandoning module PropertyAccessNode (312)
[2024.01.03-16.51.31:578][  0]LogModuleManager: Shutting down and abandoning module AnimationSharing (310)
[2024.01.03-16.51.31:578][  0]LogModuleManager: Shutting down and abandoning module LightPropagationVolumeRuntime (308)
[2024.01.03-16.51.31:578][  0]LogModuleManager: Shutting down and abandoning module EnvironmentQueryEditor (306)
[2024.01.03-16.51.31:579][  0]LogModuleManager: Shutting down and abandoning module Paper2D (304)
[2024.01.03-16.51.31:579][  0]LogModuleManager: Shutting down and abandoning module NetworkReplayStreaming (302)
[2024.01.03-16.51.31:579][  0]LogModuleManager: Shutting down and abandoning module PacketHandler (300)
[2024.01.03-16.51.31:579][  0]LogModuleManager: Shutting down and abandoning module ClothingSystemEditor (298)
[2024.01.03-16.51.31:579][  0]LogModuleManager: Shutting down and abandoning module ClothingSystemRuntimeNv (296)
[2024.01.03-16.51.31:579][  0]LogModuleManager: Shutting down and abandoning module MediaAssets (294)
[2024.01.03-16.51.31:579][  0]LogModuleManager: Shutting down and abandoning module Overlay (292)
[2024.01.03-16.51.31:579][  0]LogModuleManager: Shutting down and abandoning module OverlayEditor (291)
[2024.01.03-16.51.31:579][  0]LogModuleManager: Shutting down and abandoning module Blutility (288)
[2024.01.03-16.51.31:579][  0]LogModuleManager: Shutting down and abandoning module LevelEditor (287)
[2024.01.03-16.51.31:581][  0]LogModuleManager: Shutting down and abandoning module PixelInspectorModule (286)
[2024.01.03-16.51.31:581][  0]LogModuleManager: Shutting down and abandoning module CommonMenuExtensions (284)
[2024.01.03-16.51.31:581][  0]LogModuleManager: Shutting down and abandoning module MainFrame (282)
[2024.01.03-16.51.31:581][  0]LogModuleManager: Shutting down and abandoning module HotReload (281)
[2024.01.03-16.51.31:581][  0]LogModuleManager: Shutting down and abandoning module ContentBrowser (277)
[2024.01.03-16.51.31:582][  0]LogModuleManager: Shutting down and abandoning module CollectionManager (276)
[2024.01.03-16.51.31:582][  0]LogModuleManager: Shutting down and abandoning module ContentBrowserData (274)
[2024.01.03-16.51.31:582][  0]LogModuleManager: Shutting down and abandoning module IntroTutorials (270)
[2024.01.03-16.51.31:583][  0]LogModuleManager: Shutting down and abandoning module VREditor (268)
[2024.01.03-16.51.31:583][  0]LogModuleManager: Shutting down and abandoning module StringTableEditor (266)
[2024.01.03-16.51.31:583][  0]LogModuleManager: Shutting down and abandoning module GameplayTasksEditor (264)
[2024.01.03-16.51.31:583][  0]LogModuleManager: Shutting down and abandoning module BehaviorTreeEditor (262)
[2024.01.03-16.51.31:584][  0]LogModuleManager: Shutting down and abandoning module FunctionalTesting (260)
[2024.01.03-16.51.31:584][  0]LogModuleManager: Shutting down and abandoning module CollisionAnalyzer (258)
[2024.01.03-16.51.31:584][  0]LogModuleManager: Shutting down and abandoning module WorkspaceMenuStructure (257)
[2024.01.03-16.51.31:584][  0]LogModuleManager: Shutting down and abandoning module UMG (254)
[2024.01.03-16.51.31:584][  0]LogModuleManager: Shutting down and abandoning module UMGEditor (253)
[2024.01.03-16.51.31:584][  0]LogModuleManager: Shutting down and abandoning module MessageLog (251)
[2024.01.03-16.51.31:584][  0]LogModuleManager: Shutting down and abandoning module SlateReflector (246)
[2024.01.03-16.51.31:585][  0]LogModuleManager: Shutting down and abandoning module Slate (244)
[2024.01.03-16.51.31:585][  0]LogModuleManager: Shutting down and abandoning module SlateCore (242)
[2024.01.03-16.51.31:586][  0]LogModuleManager: Shutting down and abandoning module LandscapeEditorUtilities (240)
[2024.01.03-16.51.31:586][  0]LogModuleManager: Shutting down and abandoning module UnrealEd (238)
[2024.01.03-16.51.31:586][  0]LogModuleManager: Shutting down and abandoning module MRMesh (236)
[2024.01.03-16.51.31:586][  0]LogModuleManager: Shutting down and abandoning module SourceCodeAccess (234)
[2024.01.03-16.51.31:586][  0]LogModuleManager: Shutting down and abandoning module HeadMountedDisplay (232)
[2024.01.03-16.51.31:586][  0]LogModuleManager: Shutting down and abandoning module XAudio2 (230)
[2024.01.03-16.51.31:586][  0]LogModuleManager: Shutting down and abandoning module Networking (228)
[2024.01.03-16.51.31:586][  0]LogModuleManager: Shutting down and abandoning module Core (226)
[2024.01.03-16.51.31:586][  0]LogModuleManager: Shutting down and abandoning module MaterialEditor (224)
[2024.01.03-16.51.31:587][  0]LogModuleManager: Shutting down and abandoning module Settings (223)
[2024.01.03-16.51.31:587][  0]LogModuleManager: Shutting down and abandoning module MovieSceneTools (220)
[2024.01.03-16.51.31:588][  0]LogModuleManager: Shutting down and abandoning module CurveEditor (219)
[2024.01.03-16.51.31:589][  0]LogModuleManager: Shutting down and abandoning module Sequencer (217)
[2024.01.03-16.51.31:590][  0]LogModuleManager: Shutting down and abandoning module EditorStyle (216)
[2024.01.03-16.51.31:591][  0]LogModuleManager: Shutting down and abandoning module KismetCompiler (212)
[2024.01.03-16.51.31:591][  0]LogModuleManager: Shutting down and abandoning module MeshBuilder (210)
[2024.01.03-16.51.31:591][  0]LogModuleManager: Shutting down and abandoning module MeshUtilities (208)
[2024.01.03-16.51.31:591][  0]LogModuleManager: Shutting down and abandoning module MeshMergeUtilities (207)
[2024.01.03-16.51.31:592][  0]LogModuleManager: Shutting down and abandoning module MeshReductionInterface (206)
[2024.01.03-16.51.31:592][  0]LogModuleManager: Shutting down and abandoning module MeshBoneReduction (205)
[2024.01.03-16.51.31:592][  0]LogModuleManager: Shutting down and abandoning module SkeletalMeshReduction (203)
[2024.01.03-16.51.31:592][  0]LogModuleManager: Shutting down and abandoning module ProxyLODMeshReduction (201)
[2024.01.03-16.51.31:592][  0]LogModuleManager: Shutting down and abandoning module QuadricMeshReduction (199)
[2024.01.03-16.51.31:592][  0]LogModuleManager: Shutting down and abandoning module MaterialBaking (195)
[2024.01.03-16.51.31:593][  0]LogModuleManager: Shutting down and abandoning module DirectoryWatcher (191)
[2024.01.03-16.51.31:593][  0]LogModuleManager: Shutting down and abandoning module NullInstallBundleManager (188)
[2024.01.03-16.51.31:593][  0]LogModuleManager: Shutting down and abandoning module DerivedDataCache (186)
[2024.01.03-16.51.31:630][  0]LogModuleManager: Shutting down and abandoning module TargetPlatform (184)
[2024.01.03-16.51.31:630][  0]LogModuleManager: Shutting down and abandoning module VulkanShaderFormat (183)
[2024.01.03-16.51.31:631][  0]LogModuleManager: Shutting down and abandoning module ShaderFormatVectorVM (181)
[2024.01.03-16.51.31:631][  0]LogModuleManager: Shutting down and abandoning module ShaderFormatOpenGL (179)
[2024.01.03-16.51.31:631][  0]LogModuleManager: Shutting down and abandoning module ShaderFormatD3D (177)
[2024.01.03-16.51.31:632][  0]LogModuleManager: Shutting down and abandoning module MetalShaderFormat (175)
[2024.01.03-16.51.31:632][  0]LogModuleManager: Shutting down and abandoning module TextureFormatOodle (173)
[2024.01.03-16.51.31:633][  0]LogModuleManager: Shutting down and abandoning module TextureFormatUncompressed (171)
[2024.01.03-16.51.31:633][  0]LogModuleManager: Shutting down and abandoning module TextureFormatPVR (169)
[2024.01.03-16.51.31:633][  0]LogModuleManager: Shutting down and abandoning module TextureFormatETC2 (167)
[2024.01.03-16.51.31:633][  0]LogModuleManager: Shutting down and abandoning module TextureFormatDXT (165)
[2024.01.03-16.51.31:633][  0]LogModuleManager: Shutting down and abandoning module TextureFormatIntelISPCTexComp (163)
[2024.01.03-16.51.31:633][  0]LogModuleManager: Shutting down and abandoning module TextureFormatASTC (161)
[2024.01.03-16.51.31:633][  0]LogModuleManager: Shutting down and abandoning module ImageWrapper (160)
[2024.01.03-16.51.31:633][  0]LogModuleManager: Shutting down and abandoning module AudioFormatOpus (157)
[2024.01.03-16.51.31:633][  0]LogModuleManager: Shutting down and abandoning module AudioFormatOgg (155)
[2024.01.03-16.51.31:633][  0]LogModuleManager: Shutting down and abandoning module AudioFormatADPCM (153)
[2024.01.03-16.51.31:633][  0]LogModuleManager: Shutting down and abandoning module WindowsServerTargetPlatform (151)
[2024.01.03-16.51.31:633][  0]LogModuleManager: Shutting down and abandoning module WindowsClientTargetPlatform (149)
[2024.01.03-16.51.31:633][  0]LogModuleManager: Shutting down and abandoning module WindowsTargetPlatform (147)
[2024.01.03-16.51.31:633][  0]LogModuleManager: Shutting down and abandoning module WindowsNoEditorTargetPlatform (145)
[2024.01.03-16.51.31:633][  0]LogModuleManager: Shutting down and abandoning module TVOSTargetPlatform (143)
[2024.01.03-16.51.31:634][  0]LogModuleManager: Shutting down and abandoning module MacServerTargetPlatform (141)
[2024.01.03-16.51.31:635][  0]LogModuleManager: Shutting down and abandoning module MacClientTargetPlatform (139)
[2024.01.03-16.51.31:635][  0]LogModuleManager: Shutting down and abandoning module MacTargetPlatform (137)
[2024.01.03-16.51.31:635][  0]LogModuleManager: Shutting down and abandoning module MacNoEditorTargetPlatform (135)
[2024.01.03-16.51.31:635][  0]LogModuleManager: Shutting down and abandoning module LuminTargetPlatform (133)
[2024.01.03-16.51.31:636][  0]LogModuleManager: Shutting down and abandoning module LinuxAArch64ServerTargetPlatform (131)
[2024.01.03-16.51.31:636][  0]LogModuleManager: Shutting down and abandoning module LinuxAArch64ClientTargetPlatform (129)
[2024.01.03-16.51.31:636][  0]LogModuleManager: Shutting down and abandoning module LinuxAArch64NoEditorTargetPlatform (127)
[2024.01.03-16.51.31:636][  0]LogModuleManager: Shutting down and abandoning module LinuxServerTargetPlatform (125)
[2024.01.03-16.51.31:636][  0]LogModuleManager: Shutting down and abandoning module LinuxClientTargetPlatform (123)
[2024.01.03-16.51.31:636][  0]LogModuleManager: Shutting down and abandoning module LinuxNoEditorTargetPlatform (121)
[2024.01.03-16.51.31:636][  0]LogModuleManager: Shutting down and abandoning module LinuxTargetPlatform (119)
[2024.01.03-16.51.31:636][  0]LogModuleManager: Shutting down and abandoning module Messaging (117)
[2024.01.03-16.51.31:636][  0]LogModuleManager: Shutting down and abandoning module IOSTargetPlatform (115)
[2024.01.03-16.51.31:639][  0]LogModuleManager: Shutting down and abandoning module AndroidTargetPlatform (113)
[2024.01.03-16.51.31:642][  0]LogModuleManager: Shutting down and abandoning module AllDesktopTargetPlatform (111)
[2024.01.03-16.51.31:642][  0]LogModuleManager: Shutting down and abandoning module NullDrv (108)
[2024.01.03-16.51.31:642][  0]LogModuleManager: Shutting down and abandoning module PhysXCooking (106)
[2024.01.03-16.51.31:642][  0]LogModuleManager: Shutting down and abandoning module Chaos (104)
[2024.01.03-16.51.31:642][  0]LogModuleManager: Shutting down and abandoning module WindowsPlatformFeatures (102)
[2024.01.03-16.51.31:643][  0]LogModuleManager: Shutting down and abandoning module GameplayMediaEncoder (101)
[2024.01.03-16.51.31:643][  0]LogModuleManager: Shutting down and abandoning module AVEncoder (100)
[2024.01.03-16.51.31:643][  0]LogModuleManager: Shutting down and abandoning module ExampleDeviceProfileSelector (96)
[2024.01.03-16.51.31:643][  0]LogModuleManager: Shutting down and abandoning module LauncherChunkInstaller (94)
[2024.01.03-16.51.31:643][  0]LogModuleManager: Shutting down and abandoning module ChunkDownloader (92)
[2024.01.03-16.51.31:643][  0]LogModuleManager: Shutting down and abandoning module OnlineBlueprintSupport (90)
[2024.01.03-16.51.31:643][  0]LogModuleManager: Shutting down and abandoning module OnlineSubsystem (86)
[2024.01.03-16.51.31:646][  0]LogModuleManager: Shutting down and abandoning module XMPP (81)
[2024.01.03-16.51.31:647][  0]LogModuleManager: Shutting down and abandoning module WebSockets (80)
[2024.01.03-16.51.31:672][  0]LogModuleManager: Shutting down and abandoning module HTTP (77)
[2024.01.03-16.51.31:672][  0]LogHttp: Display: cleaning up 0 outstanding Http requests.
[2024.01.03-16.51.31:700][  0]LogModuleManager: Shutting down and abandoning module SSL (76)
[2024.01.03-16.51.31:701][  0]LogModuleManager: Shutting down and abandoning module WmfMedia (72)
[2024.01.03-16.51.31:703][  0]LogModuleManager: Shutting down and abandoning module Media (71)
[2024.01.03-16.51.31:703][  0]LogModuleManager: Shutting down and abandoning module MediaInfo (70)
[2024.01.03-16.51.31:703][  0]LogModuleManager: Shutting down and abandoning module ExrReaderGpu (66)
[2024.01.03-16.51.31:703][  0]LogModuleManager: Shutting down and abandoning module VariantManagerContent (64)
[2024.01.03-16.51.31:703][  0]LogModuleManager: Shutting down and abandoning module MLSDK (62)
[2024.01.03-16.51.31:704][  0]LogModuleManager: Shutting down and abandoning module DatasmithContent (60)
[2024.01.03-16.51.31:704][  0]LogModuleManager: Shutting down and abandoning module MagicLeap (58)
[2024.01.03-16.51.31:704][  0]LogModuleManager: Shutting down and abandoning module ChaosCloth (56)
[2024.01.03-16.51.31:704][  0]LogModuleManager: Shutting down and abandoning module NiagaraVertexFactories (54)
[2024.01.03-16.51.31:705][  0]LogModuleManager: Shutting down and abandoning module NiagaraShader (52)
[2024.01.03-16.51.31:705][  0]LogModuleManager: Shutting down and abandoning module PixWinPlugin (50)
[2024.01.03-16.51.31:705][  0]LogModuleManager: Shutting down and abandoning module AISupportModule (48)
[2024.01.03-16.51.31:705][  0]LogModuleManager: Shutting down and abandoning module OodleDataCompressionFormat (46)
[2024.01.03-16.51.31:705][  0]LogModuleManager: Shutting down and abandoning module PlatformCryptoOpenSSL (44)
[2024.01.03-16.51.31:705][  0]LogModuleManager: Shutting down and abandoning module PlatformCryptoTypes (42)
[2024.01.03-16.51.31:705][  0]LogModuleManager: Shutting down and abandoning module PlatformCrypto (40)
[2024.01.03-16.51.31:705][  0]LogModuleManager: Shutting down and abandoning module PythonScriptPluginPreload (38)
[2024.01.03-16.51.31:705][  0]LogModuleManager: Shutting down and abandoning module XGEController (36)
[2024.01.03-16.51.31:705][  0]LogXGEController: Cannot use XGE Controller as Incredibuild is not installed on this machine.
[2024.01.03-16.51.31:706][  0]LogModuleManager: Shutting down and abandoning module AnimationModifiers (34)
[2024.01.03-16.51.31:706][  0]LogModuleManager: Shutting down and abandoning module AudioEditor (32)
[2024.01.03-16.51.31:707][  0]LogModuleManager: Shutting down and abandoning module PropertyEditor (31)
[2024.01.03-16.51.31:708][  0]LogModuleManager: Shutting down and abandoning module TextureCompressor (28)
[2024.01.03-16.51.31:709][  0]LogModuleManager: Shutting down and abandoning module RenderCore (26)
[2024.01.03-16.51.31:709][  0]LogModuleManager: Shutting down and abandoning module Landscape (24)
[2024.01.03-16.51.31:709][  0]LogModuleManager: Shutting down and abandoning module SlateRHIRenderer (22)
[2024.01.03-16.51.31:709][  0]LogModuleManager: Shutting down and abandoning module AnimGraphRuntime (20)
[2024.01.03-16.51.31:709][  0]LogModuleManager: Shutting down and abandoning module Renderer (18)
[2024.01.03-16.51.31:709][  0]LogModuleManager: Shutting down and abandoning module Engine (16)
[2024.01.03-16.51.31:709][  0]LogModuleManager: Shutting down and abandoning module CoreUObject (14)
[2024.01.03-16.51.31:709][  0]LogModuleManager: Shutting down and abandoning module NetworkFile (12)
[2024.01.03-16.51.31:709][  0]LogModuleManager: Shutting down and abandoning module CookedIterativeFile (10)
[2024.01.03-16.51.31:709][  0]LogModuleManager: Shutting down and abandoning module StreamingFile (8)
[2024.01.03-16.51.31:710][  0]LogModuleManager: Shutting down and abandoning module SandboxFile (6)
[2024.01.03-16.51.31:710][  0]LogModuleManager: Shutting down and abandoning module PakFile (4)
[2024.01.03-16.51.31:711][  0]LogModuleManager: Shutting down and abandoning module RSA (3)
[2024.01.03-16.51.32:066][  0]LogContentStreaming: Display: There are 1 unreleased StreamingManagers
[2024.01.03-16.51.32:075][  0]LogExit: Exiting.
[2024.01.03-16.51.32:103][  0]Log file closed, 01/03/24 16:51:32
