Log file open, 12/24/23 00:12:21
LogWindows: Failed to load 'aqProf.dll' (GetLastError=126)
LogWindows: File 'aqProf.dll' does not exist
LogWindows: Failed to load 'VtuneApi.dll' (GetLastError=126)
LogWindows: File 'VtuneApi.dll' does not exist
LogWindows: Failed to load 'VtuneApi32e.dll' (GetLastError=126)
LogWindows: File 'VtuneApi32e.dll' does not exist
LogConsoleResponse: Display: Failed to find resolution value strings in scalability ini. Falling back to default.
LogConsoleResponse: Display: Failed to find resolution value strings in scalability ini. Falling back to default.
LogInit: Display: Running engine for game: Tech_Demo_4
LogPlatformFile: Not using cached read wrapper
LogTaskGraph: Started task graph with 5 named threads and 35 total threads with 3 sets of task threads.
LogStats: Stats thread started at 0.566091
LogICUInternationalization: ICU TimeZone Detection - Raw Offset: +0:00, Platform Override: ''
LogInit: Display: Loading text-based GConfig....
LogPluginManager: Mounting plugin MeshPainting
LogPluginManager: Mounting plugin XGEController
LogPluginManager: Mounting plugin Paper2D
LogPluginManager: Mounting plugin AISupport
LogPluginManager: Mounting plugin EnvironmentQueryEditor
LogPluginManager: Mounting plugin LightPropagationVolume
LogPluginManager: Mounting plugin OodleData
LogPluginManager: Mounting plugin OodleNetwork
LogPluginManager: Mounting plugin CameraShakePreviewer
LogPluginManager: Mounting plugin AssetManagerEditor
LogPluginManager: Mounting plugin GameplayCameras
LogPluginManager: Mounting plugin CLionSourceCodeAccess
LogPluginManager: Mounting plugin GitSourceControl
LogPluginManager: Mounting plugin Niagara
LogPluginManager: Mounting plugin NullSourceCodeAccess
LogPluginManager: Mounting plugin KDevelopSourceCodeAccess
LogPluginManager: Mounting plugin NiagaraExtras
LogPluginManager: Mounting plugin PerforceSourceControl
LogPluginManager: Mounting plugin AnimationSharing
LogPluginManager: Mounting plugin DatasmithContent
LogPluginManager: Mounting plugin PixWinPlugin
LogPluginManager: Mounting plugin CurveEditorTools
LogPluginManager: Mounting plugin CryptoKeys
LogPluginManager: Mounting plugin DataValidation
LogPluginManager: Mounting plugin FacialAnimation
LogPluginManager: Mounting plugin GameplayTagsEditor
LogPluginManager: Mounting plugin GeometryMode
LogPluginManager: Mounting plugin MacGraphicsSwitching
LogPluginManager: Mounting plugin VariantManagerContent
LogPluginManager: Mounting plugin MaterialAnalyzer
LogPluginManager: Mounting plugin MobileLauncherProfileWizard
LogPluginManager: Mounting plugin PluginBrowser
LogPluginManager: Mounting plugin SpeedTreeImporter
LogPluginManager: Mounting plugin RiderSourceCodeAccess
LogPluginManager: Mounting plugin SubversionSourceControl
LogPluginManager: Mounting plugin TextureFormatOodle
LogPluginManager: Mounting plugin PlasticSourceControl
LogPluginManager: Mounting plugin PluginUtils
LogPluginManager: Mounting plugin PropertyAccessNode
LogPluginManager: Mounting plugin VisualStudioSourceCodeAccess
LogPluginManager: Mounting plugin UObjectPlugin
LogPluginManager: Mounting plugin XCodeSourceCodeAccess
LogPluginManager: Mounting plugin VisualStudioCodeSourceCodeAccess
LogPluginManager: Mounting plugin LuminPlatformFeatures
LogPluginManager: Mounting plugin CodeLiteSourceCodeAccess
LogPluginManager: Mounting plugin MagicLeapLightEstimation
LogPluginManager: Mounting plugin MagicLeapMedia
LogPluginManager: Mounting plugin MLSDK
LogPluginManager: Mounting plugin AndroidMedia
LogPluginManager: Mounting plugin AvfMedia
LogPluginManager: Mounting plugin MagicLeapPassableWorld
LogPluginManager: Mounting plugin ImgMedia
LogPluginManager: Mounting plugin MediaCompositing
LogPluginManager: Mounting plugin MediaPlayerEditor
LogPluginManager: Mounting plugin WebMMedia
LogPluginManager: Mounting plugin WmfMedia
LogPluginManager: Mounting plugin TcpMessaging
LogPluginManager: Mounting plugin MatineeToLevelSequence
LogPluginManager: Mounting plugin LevelSequenceEditor
LogPluginManager: Mounting plugin ActorSequence
LogPluginManager: Mounting plugin UdpMessaging
LogPluginManager: Mounting plugin TemplateSequence
LogPluginManager: Mounting plugin LauncherChunkInstaller
LogPluginManager: Mounting plugin OnlineSubsystem
LogPluginManager: Mounting plugin OnlineSubsystemNull
LogPluginManager: Mounting plugin ActorLayerUtilities
LogPluginManager: Mounting plugin OnlineSubsystemUtils
LogPluginManager: Mounting plugin AndroidDeviceProfileSelector
LogPluginManager: Mounting plugin AndroidPermission
LogPluginManager: Mounting plugin AndroidMoviePlayer
LogPluginManager: Mounting plugin AppleMoviePlayer
LogPluginManager: Mounting plugin AppleImageUtils
LogPluginManager: Mounting plugin AssetTags
LogPluginManager: Mounting plugin MagicLeap
LogPluginManager: Mounting plugin AudioCapture
LogPluginManager: Mounting plugin ChunkDownloader
LogPluginManager: Mounting plugin AudioSynesthesia
LogPluginManager: Mounting plugin CableComponent
LogPluginManager: Mounting plugin ExampleDeviceProfileSelector
LogPluginManager: Mounting plugin GoogleCloudMessaging
LogPluginManager: Mounting plugin EditableMesh
LogPluginManager: Mounting plugin CustomMeshComponent
LogPluginManager: Mounting plugin GooglePAD
LogPluginManager: Mounting plugin ScreenshotTools
LogPluginManager: Mounting plugin IOSDeviceProfileSelector
LogPluginManager: Mounting plugin LinuxDeviceProfileSelector
LogPluginManager: Mounting plugin LocationServicesBPLibrary
LogPluginManager: Mounting plugin PostSplashScreen
LogPluginManager: Mounting plugin ArchVisCharacter
LogPluginManager: Mounting plugin ProceduralMeshComponent
LogPluginManager: Mounting plugin PropertyAccessEditor
LogPluginManager: Mounting plugin MobilePatchingUtils
LogPluginManager: Mounting plugin RuntimePhysXCooking
LogPluginManager: Mounting plugin SignificanceManager
LogPluginManager: Mounting plugin SoundFields
LogPluginManager: Mounting plugin Synthesis
LogPluginManager: Mounting plugin PhysXVehicles
LogPluginManager: Mounting plugin WindowsMoviePlayer
LogPluginManager: Mounting plugin AlembicImporter
LogPluginManager: Mounting plugin ChaosClothEditor
LogPluginManager: Mounting plugin AutomationUtils
LogPluginManager: Mounting plugin ChaosCloth
LogPluginManager: Mounting plugin WebMMoviePlayer
LogPluginManager: Mounting plugin ChaosEditor
LogPluginManager: Mounting plugin ChaosNiagara
LogPluginManager: Mounting plugin ChaosSolverPlugin
LogPluginManager: Mounting plugin CharacterAI
LogPluginManager: Mounting plugin BackChannel
LogPluginManager: Mounting plugin GeometryCollectionPlugin
LogPluginManager: Mounting plugin GeometryCache
LogPluginManager: Mounting plugin GeometryProcessing
LogPluginManager: Mounting plugin OpenImageDenoise
LogPluginManager: Mounting plugin MotoSynth
LogPluginManager: Mounting plugin PlanarCut
LogPluginManager: Mounting plugin PlatformCrypto
LogPluginManager: Mounting plugin ProxyLODPlugin
LogPluginManager: Mounting plugin PythonScriptPlugin
LogPluginManager: Mounting plugin SkeletalReduction
LogPluginManager: Mounting plugin ContentBrowserAssetDataSource
LogPluginManager: Mounting plugin ContentBrowserClassDataSource
LogPluginManager: Mounting plugin ContentBrowserFileDataSource
LogPluginManager: Mounting plugin OnlineSubsystemGooglePlay
LogPluginManager: Mounting plugin OnlineSubsystemIOS
PixWinPlugin: PIX capture plugin failed to initialize! Check that the process is launched from PIX.
LogInit: Using libcurl 7.55.1-DEV
LogInit:  - built for x86_64-pc-win32
LogInit:  - supports SSL with OpenSSL/1.1.1
LogInit:  - supports HTTP deflate (compression) using libz 1.2.8
LogInit:  - other features:
LogInit:      CURL_VERSION_SSL
LogInit:      CURL_VERSION_LIBZ
LogInit:      CURL_VERSION_IPV6
LogInit:      CURL_VERSION_ASYNCHDNS
LogInit:      CURL_VERSION_LARGEFILE
LogInit:      CURL_VERSION_IDN
LogInit:  CurlRequestOptions (configurable via config and command line):
LogInit:  - bVerifyPeer = true  - Libcurl will verify peer certificate
LogInit:  - bUseHttpProxy = false  - Libcurl will NOT use HTTP proxy
LogInit:  - bDontReuseConnections = false  - Libcurl will reuse connections
LogInit:  - MaxHostConnections = 16  - Libcurl will limit the number of connections to a host
LogInit:  - LocalHostAddr = Default
LogInit:  - BufferSize = 65536
LogOnline: OSS: Creating online subsystem instance for: NULL
LogInit: WinSock: version 1.1 (2.2), MaxSocks=32767, MaxUdp=65467
LogOnline: OSS: TryLoadSubsystemAndSetDefault: Loaded subsystem for module [NULL]
LogInit: Build: ++UE4+Release-4.27-CL-18319896
LogInit: Engine Version: 4.27.2-18319896+++UE4+Release-4.27
LogInit: Compatible Engine Version: 4.27.0-17155196+++UE4+Release-4.27
LogInit: Net CL: 17155196
LogInit: OS: Windows 10 (Release 2009) (), CPU: 11th Gen Intel(R) Core(TM) i7-11600H @ 2.90GHz, GPU: NVIDIA GeForce RTX 3060 Laptop GPU
LogInit: Compiled (64-bit): Nov 30 2021 07:12:08
LogInit: Compiled with Visual C++: 19.24.28315.00
LogInit: Build Configuration: Development
LogInit: Branch Name: ++UE4+Release-4.27
LogInit: Command Line:  "C:\Users\jowet\OneDrive\Documents\UNI Year 2\TechDemo4-UnrealShooter\Tech_Demo_4\Tech_Demo_4.uproject" -run=VisualStudioTools -unattended -noshadercompile -nosound -nullrhi -nocpuprofilertrace -nocrashreports -nosplash -ddc=noshared -output=C:\Users\jowet\AppData\Local\Temp\tmpA878.tmp
LogInit: Base Directory: C:/Program Files/Epic Games/UE_4.27/Engine/Binaries/Win64/
LogInit: Allocator: TBB
LogInit: Installed Engine Build: 1
LogDevObjectVersion: Number of dev versions registered: 29
LogDevObjectVersion:   Dev-Blueprints (B0D832E4-1F89-4F0D-ACCF-7EB736FD4AA2): 10
LogDevObjectVersion:   Dev-Build (E1C64328-A22C-4D53-A36C-8E866417BD8C): 0
LogDevObjectVersion:   Dev-Core (375EC13C-06E4-48FB-B500-84F0262A717E): 4
LogDevObjectVersion:   Dev-Editor (E4B068ED-F494-42E9-A231-DA0B2E46BB41): 40
LogDevObjectVersion:   Dev-Framework (CFFC743F-43B0-4480-9391-14DF171D2073): 37
LogDevObjectVersion:   Dev-Mobile (B02B49B5-BB20-44E9-A304-32B752E40360): 3
LogDevObjectVersion:   Dev-Networking (A4E4105C-59A1-49B5-A7C5-40C4547EDFEE): 0
LogDevObjectVersion:   Dev-Online (39C831C9-5AE6-47DC-9A44-9C173E1C8E7C): 0
LogDevObjectVersion:   Dev-Physics (78F01B33-EBEA-4F98-B9B4-84EACCB95AA2): 14
LogDevObjectVersion:   Dev-Platform (6631380F-2D4D-43E0-8009-CF276956A95A): 0
LogDevObjectVersion:   Dev-Rendering (12F88B9F-8875-4AFC-A67C-D90C383ABD29): 45
LogDevObjectVersion:   Dev-Sequencer (7B5AE74C-D270-4C10-A958-57980B212A5A): 13
LogDevObjectVersion:   Dev-VR (D7296918-1DD6-4BDD-9DE2-64A83CC13884): 3
LogDevObjectVersion:   Dev-LoadTimes (C2A15278-BFE7-4AFE-6C17-90FF531DF755): 1
LogDevObjectVersion:   Private-Geometry (6EACA3D4-40EC-4CC1-B786-8BED09428FC5): 3
LogDevObjectVersion:   Dev-AnimPhys (29E575DD-E0A3-4627-9D10-D276232CDCEA): 17
LogDevObjectVersion:   Dev-Anim (AF43A65D-7FD3-4947-9873-3E8ED9C1BB05): 15
LogDevObjectVersion:   Dev-ReflectionCapture (6B266CEC-1EC7-4B8F-A30B-E4D90942FC07): 1
LogDevObjectVersion:   Dev-Automation (0DF73D61-A23F-47EA-B727-89E90C41499A): 1
LogDevObjectVersion:   FortniteMain (601D1886-AC64-4F84-AA16-D3DE0DEAC7D6): 47
LogDevObjectVersion:   FortniteRelease (E7086368-6B23-4C58-8439-1B7016265E91): 1
LogDevObjectVersion:   Dev-Enterprise (9DFFBCD6-494F-0158-E221-12823C92A888): 10
LogDevObjectVersion:   Dev-Niagara (F2AED0AC-9AFE-416F-8664-AA7FFA26D6FC): 1
LogDevObjectVersion:   Dev-Destruction (174F1F0B-B4C6-45A5-B13F-2EE8D0FB917D): 10
LogDevObjectVersion:   Dev-Physics-Ext (35F94A83-E258-406C-A318-09F59610247C): 41
LogDevObjectVersion:   Dev-PhysicsMaterial-Chaos (B68FC16E-8B1B-42E2-B453-215C058844FE): 1
LogDevObjectVersion:   Dev-CineCamera (B2E18506-4273-CFC2-A54E-F4BB758BBA07): 1
LogDevObjectVersion:   Dev-VirtualProduction (64F58936-FD1B-42BA-BA96-7289D5D0FA4E): 1
LogDevObjectVersion:   Dev-MediaFramework (6F0ED827-A609-4895-9C91-998D90180EA4): 2
LogInit: Presizing for max 25165824 objects, including 0 objects not considered by GC, pre-allocating 0 bytes for permanent pool.
LogConfig: Applying CVar settings from Section [/Script/Engine.StreamingSettings] File [C:/Users/jowet/OneDrive/Documents/UNI Year 2/TechDemo4-UnrealShooter/Tech_Demo_4/Saved/Config/Windows/Engine.ini]
LogConfig: Setting CVar [[s.MinBulkDataSizeForAsyncLoading:131072]]
LogConfig: Setting CVar [[s.AsyncLoadingThreadEnabled:0]]
LogConfig: Setting CVar [[s.EventDrivenLoaderEnabled:1]]
LogConfig: Setting CVar [[s.WarnIfTimeLimitExceeded:0]]
LogConfig: Setting CVar [[s.TimeLimitExceededMultiplier:1.5]]
LogConfig: Setting CVar [[s.TimeLimitExceededMinTime:0.005]]
LogConfig: Setting CVar [[s.UseBackgroundLevelStreaming:1]]
LogConfig: Setting CVar [[s.PriorityAsyncLoadingExtraTime:15.0]]
LogConfig: Setting CVar [[s.LevelStreamingActorsUpdateTimeLimit:5.0]]
LogConfig: Setting CVar [[s.PriorityLevelStreamingActorsUpdateExtraTime:5.0]]
LogConfig: Setting CVar [[s.LevelStreamingComponentsRegistrationGranularity:10]]
LogConfig: Setting CVar [[s.UnregisterComponentsTimeLimit:1.0]]
LogConfig: Setting CVar [[s.LevelStreamingComponentsUnregistrationGranularity:5]]
LogConfig: Setting CVar [[s.FlushStreamingOnExit:1]]
LogInit: Object subsystem initialized
LogConfig: Setting CVar [[con.DebugEarlyDefault:1]]
LogConfig: Setting CVar [[r.setres:1280x720]]
[2023.12.24-00.12.22:690][  0]LogConfig: Setting CVar [[con.DebugEarlyDefault:1]]
[2023.12.24-00.12.22:690][  0]LogConfig: Setting CVar [[r.setres:1280x720]]
[2023.12.24-00.12.22:691][  0]LogConfig: Applying CVar settings from Section [/Script/Engine.RendererSettings] File [C:/Users/jowet/OneDrive/Documents/UNI Year 2/TechDemo4-UnrealShooter/Tech_Demo_4/Saved/Config/Windows/Engine.ini]
[2023.12.24-00.12.22:691][  0]LogConfig: Setting CVar [[r.GPUCrashDebugging:0]]
[2023.12.24-00.12.22:691][  0]LogConfig: Applying CVar settings from Section [/Script/Engine.RendererOverrideSettings] File [C:/Users/jowet/OneDrive/Documents/UNI Year 2/TechDemo4-UnrealShooter/Tech_Demo_4/Saved/Config/Windows/Engine.ini]
[2023.12.24-00.12.22:691][  0]LogConfig: Applying CVar settings from Section [/Script/Engine.StreamingSettings] File [C:/Users/jowet/OneDrive/Documents/UNI Year 2/TechDemo4-UnrealShooter/Tech_Demo_4/Saved/Config/Windows/Engine.ini]
[2023.12.24-00.12.22:691][  0]LogConfig: Setting CVar [[s.MinBulkDataSizeForAsyncLoading:131072]]
[2023.12.24-00.12.22:691][  0]LogConfig: Setting CVar [[s.AsyncLoadingThreadEnabled:0]]
[2023.12.24-00.12.22:691][  0]LogConfig: Setting CVar [[s.EventDrivenLoaderEnabled:1]]
[2023.12.24-00.12.22:691][  0]LogConfig: Setting CVar [[s.WarnIfTimeLimitExceeded:0]]
[2023.12.24-00.12.22:691][  0]LogConfig: Setting CVar [[s.TimeLimitExceededMultiplier:1.5]]
[2023.12.24-00.12.22:691][  0]LogConfig: Setting CVar [[s.TimeLimitExceededMinTime:0.005]]
[2023.12.24-00.12.22:691][  0]LogConfig: Setting CVar [[s.UseBackgroundLevelStreaming:1]]
[2023.12.24-00.12.22:691][  0]LogConfig: Setting CVar [[s.PriorityAsyncLoadingExtraTime:15.0]]
[2023.12.24-00.12.22:691][  0]LogConfig: Setting CVar [[s.LevelStreamingActorsUpdateTimeLimit:5.0]]
[2023.12.24-00.12.22:691][  0]LogConfig: Setting CVar [[s.PriorityLevelStreamingActorsUpdateExtraTime:5.0]]
[2023.12.24-00.12.22:691][  0]LogConfig: Setting CVar [[s.LevelStreamingComponentsRegistrationGranularity:10]]
[2023.12.24-00.12.22:691][  0]LogConfig: Setting CVar [[s.UnregisterComponentsTimeLimit:1.0]]
[2023.12.24-00.12.22:691][  0]LogConfig: Setting CVar [[s.LevelStreamingComponentsUnregistrationGranularity:5]]
[2023.12.24-00.12.22:691][  0]LogConfig: Setting CVar [[s.FlushStreamingOnExit:1]]
[2023.12.24-00.12.22:691][  0]LogConfig: Applying CVar settings from Section [/Script/Engine.GarbageCollectionSettings] File [C:/Users/jowet/OneDrive/Documents/UNI Year 2/TechDemo4-UnrealShooter/Tech_Demo_4/Saved/Config/Windows/Engine.ini]
[2023.12.24-00.12.22:691][  0]LogConfig: Setting CVar [[gc.MaxObjectsNotConsideredByGC:1]]
[2023.12.24-00.12.22:691][  0]LogConfig: Setting CVar [[gc.SizeOfPermanentObjectPool:0]]
[2023.12.24-00.12.22:691][  0]LogConfig: Setting CVar [[gc.FlushStreamingOnGC:0]]
[2023.12.24-00.12.22:691][  0]LogConfig: Setting CVar [[gc.NumRetriesBeforeForcingGC:10]]
[2023.12.24-00.12.22:691][  0]LogConfig: Setting CVar [[gc.AllowParallelGC:1]]
[2023.12.24-00.12.22:691][  0]LogConfig: Setting CVar [[gc.TimeBetweenPurgingPendingKillObjects:61.1]]
[2023.12.24-00.12.22:691][  0]LogConfig: Setting CVar [[gc.MaxObjectsInEditor:25165824]]
[2023.12.24-00.12.22:691][  0]LogConfig: Setting CVar [[gc.IncrementalBeginDestroyEnabled:1]]
[2023.12.24-00.12.22:691][  0]LogConfig: Setting CVar [[gc.CreateGCClusters:1]]
[2023.12.24-00.12.22:691][  0]LogConfig: Setting CVar [[gc.MinGCClusterSize:5]]
[2023.12.24-00.12.22:691][  0]LogConfig: Setting CVar [[gc.ActorClusteringEnabled:0]]
[2023.12.24-00.12.22:691][  0]LogConfig: Setting CVar [[gc.BlueprintClusteringEnabled:0]]
[2023.12.24-00.12.22:691][  0]LogConfig: Setting CVar [[gc.UseDisregardForGCOnDedicatedServers:0]]
[2023.12.24-00.12.22:691][  0]LogConfig: Setting CVar [[gc.MultithreadedDestructionEnabled:1]]
[2023.12.24-00.12.22:691][  0]LogConfig: Applying CVar settings from Section [/Script/Engine.NetworkSettings] File [C:/Users/jowet/OneDrive/Documents/UNI Year 2/TechDemo4-UnrealShooter/Tech_Demo_4/Saved/Config/Windows/Engine.ini]
[2023.12.24-00.12.22:691][  0]LogConfig: Applying CVar settings from Section [/Script/UnrealEd.CookerSettings] File [C:/Users/jowet/OneDrive/Documents/UNI Year 2/TechDemo4-UnrealShooter/Tech_Demo_4/Saved/Config/Windows/Engine.ini]
[2023.12.24-00.12.22:691][  0]LogConfig: Applying CVar settings from Section [ViewDistanceQuality@3] File [C:/Users/jowet/OneDrive/Documents/UNI Year 2/TechDemo4-UnrealShooter/Tech_Demo_4/Saved/Config/Windows/Scalability.ini]
[2023.12.24-00.12.22:691][  0]LogConfig: Setting CVar [[r.SkeletalMeshLODBias:0]]
[2023.12.24-00.12.22:691][  0]LogConfig: Setting CVar [[r.ViewDistanceScale:1.0]]
[2023.12.24-00.12.22:691][  0]LogConfig: Applying CVar settings from Section [AntiAliasingQuality@3] File [C:/Users/jowet/OneDrive/Documents/UNI Year 2/TechDemo4-UnrealShooter/Tech_Demo_4/Saved/Config/Windows/Scalability.ini]
[2023.12.24-00.12.22:691][  0]LogConfig: Setting CVar [[r.PostProcessAAQuality:4]]
[2023.12.24-00.12.22:691][  0]LogConfig: Applying CVar settings from Section [ShadowQuality@3] File [C:/Users/jowet/OneDrive/Documents/UNI Year 2/TechDemo4-UnrealShooter/Tech_Demo_4/Saved/Config/Windows/Scalability.ini]
[2023.12.24-00.12.22:691][  0]LogConfig: Setting CVar [[r.LightFunctionQuality:1]]
[2023.12.24-00.12.22:691][  0]LogConfig: Setting CVar [[r.ShadowQuality:5]]
[2023.12.24-00.12.22:691][  0]LogConfig: Setting CVar [[r.Shadow.CSM.MaxCascades:10]]
[2023.12.24-00.12.22:691][  0]LogConfig: Setting CVar [[r.Shadow.MaxResolution:2048]]
[2023.12.24-00.12.22:691][  0]LogConfig: Setting CVar [[r.Shadow.MaxCSMResolution:2048]]
[2023.12.24-00.12.22:691][  0]LogConfig: Setting CVar [[r.Shadow.RadiusThreshold:0.01]]
[2023.12.24-00.12.22:691][  0]LogConfig: Setting CVar [[r.Shadow.DistanceScale:1.0]]
[2023.12.24-00.12.22:691][  0]LogConfig: Setting CVar [[r.Shadow.CSM.TransitionScale:1.0]]
[2023.12.24-00.12.22:691][  0]LogConfig: Setting CVar [[r.Shadow.PreShadowResolutionFactor:1.0]]
[2023.12.24-00.12.22:691][  0]LogConfig: Setting CVar [[r.DistanceFieldShadowing:1]]
[2023.12.24-00.12.22:691][  0]LogConfig: Setting CVar [[r.DistanceFieldAO:1]]
[2023.12.24-00.12.22:691][  0]LogConfig: Setting CVar [[r.AOQuality:2]]
[2023.12.24-00.12.22:691][  0]LogConfig: Setting CVar [[r.VolumetricFog:1]]
[2023.12.24-00.12.22:691][  0]LogConfig: Setting CVar [[r.VolumetricFog.GridPixelSize:8]]
[2023.12.24-00.12.22:691][  0]LogConfig: Setting CVar [[r.VolumetricFog.GridSizeZ:128]]
[2023.12.24-00.12.22:691][  0]LogConfig: Setting CVar [[r.VolumetricFog.HistoryMissSupersampleCount:4]]
[2023.12.24-00.12.22:691][  0]LogConfig: Setting CVar [[r.LightMaxDrawDistanceScale:1]]
[2023.12.24-00.12.22:691][  0]LogConfig: Setting CVar [[r.CapsuleShadows:1]]
[2023.12.24-00.12.22:691][  0]LogConfig: Applying CVar settings from Section [PostProcessQuality@3] File [C:/Users/jowet/OneDrive/Documents/UNI Year 2/TechDemo4-UnrealShooter/Tech_Demo_4/Saved/Config/Windows/Scalability.ini]
[2023.12.24-00.12.22:691][  0]LogConfig: Setting CVar [[r.MotionBlurQuality:4]]
[2023.12.24-00.12.22:691][  0]LogConfig: Setting CVar [[r.AmbientOcclusionMipLevelFactor:0.4]]
[2023.12.24-00.12.22:691][  0]LogConfig: Setting CVar [[r.AmbientOcclusionMaxQuality:100]]
[2023.12.24-00.12.22:691][  0]LogConfig: Setting CVar [[r.AmbientOcclusionLevels:-1]]
[2023.12.24-00.12.22:691][  0]LogConfig: Setting CVar [[r.AmbientOcclusionRadiusScale:1.0]]
[2023.12.24-00.12.22:691][  0]LogConfig: Setting CVar [[r.DepthOfFieldQuality:2]]
[2023.12.24-00.12.22:691][  0]LogConfig: Setting CVar [[r.RenderTargetPoolMin:400]]
[2023.12.24-00.12.22:691][  0]LogConfig: Setting CVar [[r.LensFlareQuality:2]]
[2023.12.24-00.12.22:691][  0]LogConfig: Setting CVar [[r.SceneColorFringeQuality:1]]
[2023.12.24-00.12.22:691][  0]LogConfig: Setting CVar [[r.EyeAdaptationQuality:2]]
[2023.12.24-00.12.22:691][  0]LogConfig: Setting CVar [[r.BloomQuality:5]]
[2023.12.24-00.12.22:691][  0]LogConfig: Setting CVar [[r.FastBlurThreshold:100]]
[2023.12.24-00.12.22:691][  0]LogConfig: Setting CVar [[r.Upscale.Quality:3]]
[2023.12.24-00.12.22:691][  0]LogConfig: Setting CVar [[r.Tonemapper.GrainQuantization:1]]
[2023.12.24-00.12.22:691][  0]LogConfig: Setting CVar [[r.LightShaftQuality:1]]
[2023.12.24-00.12.22:692][  0]LogConfig: Setting CVar [[r.Filter.SizeScale:1]]
[2023.12.24-00.12.22:692][  0]LogConfig: Setting CVar [[r.Tonemapper.Quality:5]]
[2023.12.24-00.12.22:692][  0]LogConfig: Setting CVar [[r.DOF.Gather.AccumulatorQuality:1        ; higher gathering accumulator quality]]
[2023.12.24-00.12.22:692][  0]LogConfig: Setting CVar [[r.DOF.Gather.PostfilterMethod:1          ; Median3x3 postfilering method]]
[2023.12.24-00.12.22:692][  0]LogConfig: Setting CVar [[r.DOF.Gather.EnableBokehSettings:0       ; no bokeh simulation when gathering]]
[2023.12.24-00.12.22:692][  0]LogConfig: Setting CVar [[r.DOF.Gather.RingCount:4                 ; medium number of samples when gathering]]
[2023.12.24-00.12.22:692][  0]LogConfig: Setting CVar [[r.DOF.Scatter.ForegroundCompositing:1    ; additive foreground scattering]]
[2023.12.24-00.12.22:692][  0]LogConfig: Setting CVar [[r.DOF.Scatter.BackgroundCompositing:2    ; additive background scattering]]
[2023.12.24-00.12.22:692][  0]LogConfig: Setting CVar [[r.DOF.Scatter.EnableBokehSettings:1      ; bokeh simulation when scattering]]
[2023.12.24-00.12.22:692][  0]LogConfig: Setting CVar [[r.DOF.Scatter.MaxSpriteRatio:0.1         ; only a maximum of 10% of scattered bokeh]]
[2023.12.24-00.12.22:692][  0]LogConfig: Setting CVar [[r.DOF.Recombine.Quality:1                ; cheap slight out of focus]]
[2023.12.24-00.12.22:692][  0]LogConfig: Setting CVar [[r.DOF.Recombine.EnableBokehSettings:0    ; no bokeh simulation on slight out of focus]]
[2023.12.24-00.12.22:692][  0]LogConfig: Setting CVar [[r.DOF.TemporalAAQuality:1                ; more stable temporal accumulation]]
[2023.12.24-00.12.22:692][  0]LogConfig: Setting CVar [[r.DOF.Kernel.MaxForegroundRadius:0.025]]
[2023.12.24-00.12.22:692][  0]LogConfig: Setting CVar [[r.DOF.Kernel.MaxBackgroundRadius:0.025]]
[2023.12.24-00.12.22:692][  0]LogConfig: Applying CVar settings from Section [TextureQuality@3] File [C:/Users/jowet/OneDrive/Documents/UNI Year 2/TechDemo4-UnrealShooter/Tech_Demo_4/Saved/Config/Windows/Scalability.ini]
[2023.12.24-00.12.22:692][  0]LogConfig: Setting CVar [[r.Streaming.MipBias:0]]
[2023.12.24-00.12.22:692][  0]LogConfig: Setting CVar [[r.Streaming.AmortizeCPUToGPUCopy:0]]
[2023.12.24-00.12.22:692][  0]LogConfig: Setting CVar [[r.Streaming.MaxNumTexturesToStreamPerFrame:0]]
[2023.12.24-00.12.22:692][  0]LogConfig: Setting CVar [[r.Streaming.Boost:1]]
[2023.12.24-00.12.22:692][  0]LogConfig: Setting CVar [[r.MaxAnisotropy:8]]
[2023.12.24-00.12.22:692][  0]LogConfig: Setting CVar [[r.VT.MaxAnisotropy:8]]
[2023.12.24-00.12.22:692][  0]LogConfig: Setting CVar [[r.Streaming.LimitPoolSizeToVRAM:0]]
[2023.12.24-00.12.22:692][  0]LogConfig: Setting CVar [[r.Streaming.PoolSize:1000]]
[2023.12.24-00.12.22:692][  0]LogConfig: Setting CVar [[r.Streaming.MaxEffectiveScreenSize:0]]
[2023.12.24-00.12.22:692][  0]LogConfig: Applying CVar settings from Section [EffectsQuality@3] File [C:/Users/jowet/OneDrive/Documents/UNI Year 2/TechDemo4-UnrealShooter/Tech_Demo_4/Saved/Config/Windows/Scalability.ini]
[2023.12.24-00.12.22:692][  0]LogConfig: Setting CVar [[r.TranslucencyLightingVolumeDim:64]]
[2023.12.24-00.12.22:692][  0]LogConfig: Setting CVar [[r.RefractionQuality:2]]
[2023.12.24-00.12.22:692][  0]LogConfig: Setting CVar [[r.SSR.Quality:3]]
[2023.12.24-00.12.22:692][  0]LogConfig: Setting CVar [[r.SSR.HalfResSceneColor:0]]
[2023.12.24-00.12.22:692][  0]LogConfig: Setting CVar [[r.SceneColorFormat:4]]
[2023.12.24-00.12.22:692][  0]LogConfig: Setting CVar [[r.DetailMode:2]]
[2023.12.24-00.12.22:692][  0]LogConfig: Setting CVar [[r.TranslucencyVolumeBlur:1]]
[2023.12.24-00.12.22:692][  0]LogConfig: Setting CVar [[r.MaterialQualityLevel:1 ; High quality]]
[2023.12.24-00.12.22:692][  0]LogConfig: Setting CVar [[r.AnisotropicMaterials:1]]
[2023.12.24-00.12.22:692][  0]LogConfig: Setting CVar [[r.SSS.Scale:1]]
[2023.12.24-00.12.22:692][  0]LogConfig: Setting CVar [[r.SSS.SampleSet:2]]
[2023.12.24-00.12.22:692][  0]LogConfig: Setting CVar [[r.SSS.Quality:1]]
[2023.12.24-00.12.22:692][  0]LogConfig: Setting CVar [[r.SSS.HalfRes:0]]
[2023.12.24-00.12.22:692][  0]LogConfig: Setting CVar [[r.SSGI.Quality:3]]
[2023.12.24-00.12.22:692][  0]LogConfig: Setting CVar [[r.EmitterSpawnRateScale:1.0]]
[2023.12.24-00.12.22:692][  0]LogConfig: Setting CVar [[r.ParticleLightQuality:2]]
[2023.12.24-00.12.22:692][  0]LogConfig: Setting CVar [[r.SkyAtmosphere.AerialPerspectiveLUT.FastApplyOnOpaque:1 ; Always have FastSkyLUT 1 in this case to avoid wrong sky]]
[2023.12.24-00.12.22:692][  0]LogConfig: Setting CVar [[r.SkyAtmosphere.AerialPerspectiveLUT.SampleCountMaxPerSlice:4]]
[2023.12.24-00.12.22:692][  0]LogConfig: Setting CVar [[r.SkyAtmosphere.AerialPerspectiveLUT.DepthResolution:16.0]]
[2023.12.24-00.12.22:692][  0]LogConfig: Setting CVar [[r.SkyAtmosphere.FastSkyLUT:1]]
[2023.12.24-00.12.22:692][  0]LogConfig: Setting CVar [[r.SkyAtmosphere.FastSkyLUT.SampleCountMin:4.0]]
[2023.12.24-00.12.22:692][  0]LogConfig: Setting CVar [[r.SkyAtmosphere.FastSkyLUT.SampleCountMax:128.0]]
[2023.12.24-00.12.22:692][  0]LogConfig: Setting CVar [[r.SkyAtmosphere.SampleCountMin:4.0]]
[2023.12.24-00.12.22:692][  0]LogConfig: Setting CVar [[r.SkyAtmosphere.SampleCountMax:128.0]]
[2023.12.24-00.12.22:692][  0]LogConfig: Setting CVar [[r.SkyAtmosphere.TransmittanceLUT.UseSmallFormat:0]]
[2023.12.24-00.12.22:692][  0]LogConfig: Setting CVar [[r.SkyAtmosphere.TransmittanceLUT.SampleCount:10.0]]
[2023.12.24-00.12.22:692][  0]LogConfig: Setting CVar [[r.SkyAtmosphere.MultiScatteringLUT.SampleCount:15.0]]
[2023.12.24-00.12.22:692][  0]LogConfig: Setting CVar [[r.SkyLight.RealTimeReflectionCapture:1]]
[2023.12.24-00.12.22:692][  0]LogConfig: Applying CVar settings from Section [FoliageQuality@3] File [C:/Users/jowet/OneDrive/Documents/UNI Year 2/TechDemo4-UnrealShooter/Tech_Demo_4/Saved/Config/Windows/Scalability.ini]
[2023.12.24-00.12.22:692][  0]LogConfig: Setting CVar [[foliage.DensityScale:1.0]]
[2023.12.24-00.12.22:692][  0]LogConfig: Setting CVar [[grass.DensityScale:1.0]]
[2023.12.24-00.12.22:692][  0]LogConfig: Applying CVar settings from Section [ShadingQuality@3] File [C:/Users/jowet/OneDrive/Documents/UNI Year 2/TechDemo4-UnrealShooter/Tech_Demo_4/Saved/Config/Windows/Scalability.ini]
[2023.12.24-00.12.22:692][  0]LogConfig: Setting CVar [[r.HairStrands.SkyLighting.IntegrationType:2]]
[2023.12.24-00.12.22:692][  0]LogConfig: Setting CVar [[r.HairStrands.SkyAO.SampleCount:4]]
[2023.12.24-00.12.22:692][  0]LogConfig: Setting CVar [[r.HairStrands.Visibility.MSAA.SamplePerPixel:4]]
[2023.12.24-00.12.22:697][  0]LogInit: Selected Device Profile: [Windows]
[2023.12.24-00.12.22:697][  0]LogInit: Applying CVar settings loaded from the selected device profile: [Windows]
[2023.12.24-00.12.22:698][  0]LogHAL: Display: Platform has ~ 8 GB [8417239040 / 8589934592 / 8], which maps to Default [LargestMinGB=32, LargerMinGB=12, DefaultMinGB=8, SmallerMinGB=6, SmallestMinGB=0)
[2023.12.24-00.12.22:698][  0]LogInit: Going up to parent DeviceProfile []
[2023.12.24-00.12.22:698][  0]LogConfig: Applying CVar settings from Section [ViewDistanceQuality@3] File [C:/Users/jowet/OneDrive/Documents/UNI Year 2/TechDemo4-UnrealShooter/Tech_Demo_4/Saved/Config/Windows/Scalability.ini]
[2023.12.24-00.12.22:698][  0]LogConfig: Setting CVar [[r.SkeletalMeshLODBias:0]]
[2023.12.24-00.12.22:698][  0]LogConfig: Setting CVar [[r.ViewDistanceScale:1.0]]
[2023.12.24-00.12.22:698][  0]LogConfig: Applying CVar settings from Section [AntiAliasingQuality@3] File [C:/Users/jowet/OneDrive/Documents/UNI Year 2/TechDemo4-UnrealShooter/Tech_Demo_4/Saved/Config/Windows/Scalability.ini]
[2023.12.24-00.12.22:698][  0]LogConfig: Setting CVar [[r.PostProcessAAQuality:4]]
[2023.12.24-00.12.22:698][  0]LogConfig: Applying CVar settings from Section [ShadowQuality@3] File [C:/Users/jowet/OneDrive/Documents/UNI Year 2/TechDemo4-UnrealShooter/Tech_Demo_4/Saved/Config/Windows/Scalability.ini]
[2023.12.24-00.12.22:698][  0]LogConfig: Setting CVar [[r.LightFunctionQuality:1]]
[2023.12.24-00.12.22:698][  0]LogConfig: Setting CVar [[r.ShadowQuality:5]]
[2023.12.24-00.12.22:698][  0]LogConfig: Setting CVar [[r.Shadow.CSM.MaxCascades:10]]
[2023.12.24-00.12.22:698][  0]LogConfig: Setting CVar [[r.Shadow.MaxResolution:2048]]
[2023.12.24-00.12.22:699][  0]LogConfig: Setting CVar [[r.Shadow.MaxCSMResolution:2048]]
[2023.12.24-00.12.22:699][  0]LogConfig: Setting CVar [[r.Shadow.RadiusThreshold:0.01]]
[2023.12.24-00.12.22:699][  0]LogConfig: Setting CVar [[r.Shadow.DistanceScale:1.0]]
[2023.12.24-00.12.22:699][  0]LogConfig: Setting CVar [[r.Shadow.CSM.TransitionScale:1.0]]
[2023.12.24-00.12.22:699][  0]LogConfig: Setting CVar [[r.Shadow.PreShadowResolutionFactor:1.0]]
[2023.12.24-00.12.22:699][  0]LogConfig: Setting CVar [[r.DistanceFieldShadowing:1]]
[2023.12.24-00.12.22:699][  0]LogConfig: Setting CVar [[r.DistanceFieldAO:1]]
[2023.12.24-00.12.22:699][  0]LogConfig: Setting CVar [[r.AOQuality:2]]
[2023.12.24-00.12.22:699][  0]LogConfig: Setting CVar [[r.VolumetricFog:1]]
[2023.12.24-00.12.22:699][  0]LogConfig: Setting CVar [[r.VolumetricFog.GridPixelSize:8]]
[2023.12.24-00.12.22:699][  0]LogConfig: Setting CVar [[r.VolumetricFog.GridSizeZ:128]]
[2023.12.24-00.12.22:699][  0]LogConfig: Setting CVar [[r.VolumetricFog.HistoryMissSupersampleCount:4]]
[2023.12.24-00.12.22:699][  0]LogConfig: Setting CVar [[r.LightMaxDrawDistanceScale:1]]
[2023.12.24-00.12.22:699][  0]LogConfig: Setting CVar [[r.CapsuleShadows:1]]
[2023.12.24-00.12.22:699][  0]LogConfig: Applying CVar settings from Section [PostProcessQuality@3] File [C:/Users/jowet/OneDrive/Documents/UNI Year 2/TechDemo4-UnrealShooter/Tech_Demo_4/Saved/Config/Windows/Scalability.ini]
[2023.12.24-00.12.22:699][  0]LogConfig: Setting CVar [[r.MotionBlurQuality:4]]
[2023.12.24-00.12.22:699][  0]LogConfig: Setting CVar [[r.AmbientOcclusionMipLevelFactor:0.4]]
[2023.12.24-00.12.22:699][  0]LogConfig: Setting CVar [[r.AmbientOcclusionMaxQuality:100]]
[2023.12.24-00.12.22:699][  0]LogConfig: Setting CVar [[r.AmbientOcclusionLevels:-1]]
[2023.12.24-00.12.22:699][  0]LogConfig: Setting CVar [[r.AmbientOcclusionRadiusScale:1.0]]
[2023.12.24-00.12.22:699][  0]LogConfig: Setting CVar [[r.DepthOfFieldQuality:2]]
[2023.12.24-00.12.22:699][  0]LogConfig: Setting CVar [[r.RenderTargetPoolMin:400]]
[2023.12.24-00.12.22:699][  0]LogConfig: Setting CVar [[r.LensFlareQuality:2]]
[2023.12.24-00.12.22:699][  0]LogConfig: Setting CVar [[r.SceneColorFringeQuality:1]]
[2023.12.24-00.12.22:699][  0]LogConfig: Setting CVar [[r.EyeAdaptationQuality:2]]
[2023.12.24-00.12.22:699][  0]LogConfig: Setting CVar [[r.BloomQuality:5]]
[2023.12.24-00.12.22:699][  0]LogConfig: Setting CVar [[r.FastBlurThreshold:100]]
[2023.12.24-00.12.22:699][  0]LogConfig: Setting CVar [[r.Upscale.Quality:3]]
[2023.12.24-00.12.22:699][  0]LogConfig: Setting CVar [[r.Tonemapper.GrainQuantization:1]]
[2023.12.24-00.12.22:699][  0]LogConfig: Setting CVar [[r.LightShaftQuality:1]]
[2023.12.24-00.12.22:699][  0]LogConfig: Setting CVar [[r.Filter.SizeScale:1]]
[2023.12.24-00.12.22:699][  0]LogConfig: Setting CVar [[r.Tonemapper.Quality:5]]
[2023.12.24-00.12.22:699][  0]LogConfig: Setting CVar [[r.DOF.Gather.AccumulatorQuality:1        ; higher gathering accumulator quality]]
[2023.12.24-00.12.22:699][  0]LogConfig: Setting CVar [[r.DOF.Gather.PostfilterMethod:1          ; Median3x3 postfilering method]]
[2023.12.24-00.12.22:699][  0]LogConfig: Setting CVar [[r.DOF.Gather.EnableBokehSettings:0       ; no bokeh simulation when gathering]]
[2023.12.24-00.12.22:699][  0]LogConfig: Setting CVar [[r.DOF.Gather.RingCount:4                 ; medium number of samples when gathering]]
[2023.12.24-00.12.22:699][  0]LogConfig: Setting CVar [[r.DOF.Scatter.ForegroundCompositing:1    ; additive foreground scattering]]
[2023.12.24-00.12.22:699][  0]LogConfig: Setting CVar [[r.DOF.Scatter.BackgroundCompositing:2    ; additive background scattering]]
[2023.12.24-00.12.22:699][  0]LogConfig: Setting CVar [[r.DOF.Scatter.EnableBokehSettings:1      ; bokeh simulation when scattering]]
[2023.12.24-00.12.22:699][  0]LogConfig: Setting CVar [[r.DOF.Scatter.MaxSpriteRatio:0.1         ; only a maximum of 10% of scattered bokeh]]
[2023.12.24-00.12.22:699][  0]LogConfig: Setting CVar [[r.DOF.Recombine.Quality:1                ; cheap slight out of focus]]
[2023.12.24-00.12.22:699][  0]LogConfig: Setting CVar [[r.DOF.Recombine.EnableBokehSettings:0    ; no bokeh simulation on slight out of focus]]
[2023.12.24-00.12.22:699][  0]LogConfig: Setting CVar [[r.DOF.TemporalAAQuality:1                ; more stable temporal accumulation]]
[2023.12.24-00.12.22:699][  0]LogConfig: Setting CVar [[r.DOF.Kernel.MaxForegroundRadius:0.025]]
[2023.12.24-00.12.22:699][  0]LogConfig: Setting CVar [[r.DOF.Kernel.MaxBackgroundRadius:0.025]]
[2023.12.24-00.12.22:699][  0]LogConfig: Applying CVar settings from Section [TextureQuality@3] File [C:/Users/jowet/OneDrive/Documents/UNI Year 2/TechDemo4-UnrealShooter/Tech_Demo_4/Saved/Config/Windows/Scalability.ini]
[2023.12.24-00.12.22:699][  0]LogConfig: Setting CVar [[r.Streaming.MipBias:0]]
[2023.12.24-00.12.22:699][  0]LogConfig: Setting CVar [[r.Streaming.AmortizeCPUToGPUCopy:0]]
[2023.12.24-00.12.22:699][  0]LogConfig: Setting CVar [[r.Streaming.MaxNumTexturesToStreamPerFrame:0]]
[2023.12.24-00.12.22:699][  0]LogConfig: Setting CVar [[r.Streaming.Boost:1]]
[2023.12.24-00.12.22:699][  0]LogConfig: Setting CVar [[r.MaxAnisotropy:8]]
[2023.12.24-00.12.22:699][  0]LogConfig: Setting CVar [[r.VT.MaxAnisotropy:8]]
[2023.12.24-00.12.22:699][  0]LogConfig: Setting CVar [[r.Streaming.LimitPoolSizeToVRAM:0]]
[2023.12.24-00.12.22:699][  0]LogConfig: Setting CVar [[r.Streaming.PoolSize:1000]]
[2023.12.24-00.12.22:699][  0]LogConfig: Setting CVar [[r.Streaming.MaxEffectiveScreenSize:0]]
[2023.12.24-00.12.22:699][  0]LogConfig: Applying CVar settings from Section [EffectsQuality@3] File [C:/Users/jowet/OneDrive/Documents/UNI Year 2/TechDemo4-UnrealShooter/Tech_Demo_4/Saved/Config/Windows/Scalability.ini]
[2023.12.24-00.12.22:699][  0]LogConfig: Setting CVar [[r.TranslucencyLightingVolumeDim:64]]
[2023.12.24-00.12.22:699][  0]LogConfig: Setting CVar [[r.RefractionQuality:2]]
[2023.12.24-00.12.22:699][  0]LogConfig: Setting CVar [[r.SSR.Quality:3]]
[2023.12.24-00.12.22:699][  0]LogConfig: Setting CVar [[r.SSR.HalfResSceneColor:0]]
[2023.12.24-00.12.22:699][  0]LogConfig: Setting CVar [[r.SceneColorFormat:4]]
[2023.12.24-00.12.22:699][  0]LogConfig: Setting CVar [[r.DetailMode:2]]
[2023.12.24-00.12.22:699][  0]LogConfig: Setting CVar [[r.TranslucencyVolumeBlur:1]]
[2023.12.24-00.12.22:699][  0]LogConfig: Setting CVar [[r.MaterialQualityLevel:1 ; High quality]]
[2023.12.24-00.12.22:699][  0]LogConfig: Setting CVar [[r.AnisotropicMaterials:1]]
[2023.12.24-00.12.22:699][  0]LogConfig: Setting CVar [[r.SSS.Scale:1]]
[2023.12.24-00.12.22:699][  0]LogConfig: Setting CVar [[r.SSS.SampleSet:2]]
[2023.12.24-00.12.22:699][  0]LogConfig: Setting CVar [[r.SSS.Quality:1]]
[2023.12.24-00.12.22:699][  0]LogConfig: Setting CVar [[r.SSS.HalfRes:0]]
[2023.12.24-00.12.22:699][  0]LogConfig: Setting CVar [[r.SSGI.Quality:3]]
[2023.12.24-00.12.22:699][  0]LogConfig: Setting CVar [[r.EmitterSpawnRateScale:1.0]]
[2023.12.24-00.12.22:699][  0]LogConfig: Setting CVar [[r.ParticleLightQuality:2]]
[2023.12.24-00.12.22:699][  0]LogConfig: Setting CVar [[r.SkyAtmosphere.AerialPerspectiveLUT.FastApplyOnOpaque:1 ; Always have FastSkyLUT 1 in this case to avoid wrong sky]]
[2023.12.24-00.12.22:699][  0]LogConfig: Setting CVar [[r.SkyAtmosphere.AerialPerspectiveLUT.SampleCountMaxPerSlice:4]]
[2023.12.24-00.12.22:699][  0]LogConfig: Setting CVar [[r.SkyAtmosphere.AerialPerspectiveLUT.DepthResolution:16.0]]
[2023.12.24-00.12.22:699][  0]LogConfig: Setting CVar [[r.SkyAtmosphere.FastSkyLUT:1]]
[2023.12.24-00.12.22:699][  0]LogConfig: Setting CVar [[r.SkyAtmosphere.FastSkyLUT.SampleCountMin:4.0]]
[2023.12.24-00.12.22:699][  0]LogConfig: Setting CVar [[r.SkyAtmosphere.FastSkyLUT.SampleCountMax:128.0]]
[2023.12.24-00.12.22:699][  0]LogConfig: Setting CVar [[r.SkyAtmosphere.SampleCountMin:4.0]]
[2023.12.24-00.12.22:699][  0]LogConfig: Setting CVar [[r.SkyAtmosphere.SampleCountMax:128.0]]
[2023.12.24-00.12.22:699][  0]LogConfig: Setting CVar [[r.SkyAtmosphere.TransmittanceLUT.UseSmallFormat:0]]
[2023.12.24-00.12.22:699][  0]LogConfig: Setting CVar [[r.SkyAtmosphere.TransmittanceLUT.SampleCount:10.0]]
[2023.12.24-00.12.22:699][  0]LogConfig: Setting CVar [[r.SkyAtmosphere.MultiScatteringLUT.SampleCount:15.0]]
[2023.12.24-00.12.22:699][  0]LogConfig: Setting CVar [[r.SkyLight.RealTimeReflectionCapture:1]]
[2023.12.24-00.12.22:699][  0]LogConfig: Applying CVar settings from Section [FoliageQuality@3] File [C:/Users/jowet/OneDrive/Documents/UNI Year 2/TechDemo4-UnrealShooter/Tech_Demo_4/Saved/Config/Windows/Scalability.ini]
[2023.12.24-00.12.22:699][  0]LogConfig: Setting CVar [[foliage.DensityScale:1.0]]
[2023.12.24-00.12.22:699][  0]LogConfig: Setting CVar [[grass.DensityScale:1.0]]
[2023.12.24-00.12.22:699][  0]LogConfig: Applying CVar settings from Section [ShadingQuality@3] File [C:/Users/jowet/OneDrive/Documents/UNI Year 2/TechDemo4-UnrealShooter/Tech_Demo_4/Saved/Config/Windows/Scalability.ini]
[2023.12.24-00.12.22:699][  0]LogConfig: Setting CVar [[r.HairStrands.SkyLighting.IntegrationType:2]]
[2023.12.24-00.12.22:699][  0]LogConfig: Setting CVar [[r.HairStrands.SkyAO.SampleCount:4]]
[2023.12.24-00.12.22:699][  0]LogConfig: Setting CVar [[r.HairStrands.Visibility.MSAA.SamplePerPixel:4]]
[2023.12.24-00.12.22:699][  0]LogConfig: Applying CVar settings from Section [Startup] File [../../../Engine/Config/ConsoleVariables.ini]
[2023.12.24-00.12.22:700][  0]LogConfig: Setting CVar [[net.UseAdaptiveNetUpdateFrequency:0]]
[2023.12.24-00.12.22:700][  0]LogConfig: Setting CVar [[p.chaos.AllowCreatePhysxBodies:1]]
[2023.12.24-00.12.22:700][  0]LogConfig: Setting CVar [[fx.SkipVectorVMBackendOptimizations:1]]
[2023.12.24-00.12.22:700][  0]LogConfig: Applying CVar settings from Section [ConsoleVariables] File [C:/Users/jowet/OneDrive/Documents/UNI Year 2/TechDemo4-UnrealShooter/Tech_Demo_4/Saved/Config/Windows/Engine.ini]
[2023.12.24-00.12.22:700][  0]LogConfig: Applying CVar settings from Section [ConsoleVariables] File [C:/Users/jowet/OneDrive/Documents/UNI Year 2/TechDemo4-UnrealShooter/Tech_Demo_4/Saved/Config/Windows/Editor.ini]
[2023.12.24-00.12.22:701][  0]LogInit: Computer: LAPTOP-8T9BADUD
[2023.12.24-00.12.22:701][  0]LogInit: User: jowet
[2023.12.24-00.12.22:701][  0]LogInit: CPU Page size=4096, Cores=6
[2023.12.24-00.12.22:701][  0]LogInit: High frequency timer resolution =10.000000 MHz
[2023.12.24-00.12.22:701][  0]LogMemory: Memory total: Physical=7.8GB (8GB approx)
[2023.12.24-00.12.22:702][  0]LogMemory: Platform Memory Stats for Windows
[2023.12.24-00.12.22:702][  0]LogMemory: Process Physical Memory: 136.44 MB used, 136.44 MB peak
[2023.12.24-00.12.22:702][  0]LogMemory: Process Virtual Memory: 112.89 MB used, 112.89 MB peak
[2023.12.24-00.12.22:702][  0]LogMemory: Physical Memory: 7593.47 MB used,  433.83 MB free, 8027.30 MB total
[2023.12.24-00.12.22:702][  0]LogMemory: Virtual Memory: 134214120.00 MB used,  3605.57 MB free, 134217728.00 MB total
[2023.12.24-00.12.22:747][  0]LogWindows: WindowsPlatformFeatures enabled
[2023.12.24-00.12.22:856][  0]LogInit: Physics initialised using underlying interface: PhysX
[2023.12.24-00.12.22:857][  0]LogInit: Using OS detected language (en-US).
[2023.12.24-00.12.22:857][  0]LogInit: Using OS detected locale (en-GB).
[2023.12.24-00.12.22:873][  0]LogTextLocalizationManager: No specific localization for 'en-US' exists, so the 'en' localization will be used.
[2023.12.24-00.12.27:575][  0]LogTargetPlatformManager: Display: Loaded TargetPlatform 'AllDesktop'
[2023.12.24-00.12.27:600][  0]LogTargetPlatformManager: Display: Loaded TargetPlatform 'Android'
[2023.12.24-00.12.27:600][  0]LogTargetPlatformManager: Display: Loaded TargetPlatform 'Android_ASTC'
[2023.12.24-00.12.27:600][  0]LogTargetPlatformManager: Display: Loaded TargetPlatform 'Android_DXT'
[2023.12.24-00.12.27:600][  0]LogTargetPlatformManager: Display: Loaded TargetPlatform 'Android_ETC2'
[2023.12.24-00.12.27:600][  0]LogTargetPlatformManager: Display: Loaded TargetPlatform 'AndroidClient'
[2023.12.24-00.12.27:600][  0]LogTargetPlatformManager: Display: Loaded TargetPlatform 'Android_ASTCClient'
[2023.12.24-00.12.27:600][  0]LogTargetPlatformManager: Display: Loaded TargetPlatform 'Android_DXTClient'
[2023.12.24-00.12.27:600][  0]LogTargetPlatformManager: Display: Loaded TargetPlatform 'Android_ETC2Client'
[2023.12.24-00.12.27:600][  0]LogTargetPlatformManager: Display: Loaded TargetPlatform 'Android_Multi'
[2023.12.24-00.12.27:600][  0]LogTargetPlatformManager: Display: Loaded TargetPlatform 'Android_MultiClient'
[2023.12.24-00.12.27:625][  0]LogTargetPlatformManager: Display: Loaded TargetPlatform 'IOSClient'
[2023.12.24-00.12.27:625][  0]LogTargetPlatformManager: Display: Loaded TargetPlatform 'IOS'
[2023.12.24-00.12.27:655][  0]LogTargetPlatformManager: Display: Loaded TargetPlatform 'Linux'
[2023.12.24-00.12.27:662][  0]LogTargetPlatformManager: Display: Loaded TargetPlatform 'LinuxNoEditor'
[2023.12.24-00.12.27:671][  0]LogTargetPlatformManager: Display: Loaded TargetPlatform 'LinuxClient'
[2023.12.24-00.12.27:680][  0]LogTargetPlatformManager: Display: Loaded TargetPlatform 'LinuxServer'
[2023.12.24-00.12.27:704][  0]LogTargetPlatformManager: Display: Loaded TargetPlatform 'LinuxAArch64NoEditor'
[2023.12.24-00.12.27:712][  0]LogTargetPlatformManager: Display: Loaded TargetPlatform 'LinuxAArch64Client'
[2023.12.24-00.12.27:720][  0]LogTargetPlatformManager: Display: Loaded TargetPlatform 'LinuxAArch64Server'
[2023.12.24-00.12.27:761][  0]LogTargetPlatformManager: Display: Loaded TargetPlatform 'Lumin'
[2023.12.24-00.12.27:761][  0]LogTargetPlatformManager: Display: Loaded TargetPlatform 'LuminClient'
[2023.12.24-00.12.27:788][  0]LogTargetPlatformManager: Display: Loaded TargetPlatform 'MacNoEditor'
[2023.12.24-00.12.27:797][  0]LogTargetPlatformManager: Display: Loaded TargetPlatform 'Mac'
[2023.12.24-00.12.27:803][  0]LogTargetPlatformManager: Display: Loaded TargetPlatform 'MacClient'
[2023.12.24-00.12.27:809][  0]LogTargetPlatformManager: Display: Loaded TargetPlatform 'MacServer'
[2023.12.24-00.12.27:820][  0]LogTargetPlatformManager: Display: Loaded TargetPlatform 'TVOSClient'
[2023.12.24-00.12.27:821][  0]LogTargetPlatformManager: Display: Loaded TargetPlatform 'TVOS'
[2023.12.24-00.12.27:832][  0]LogTargetPlatformManager: Display: Loaded TargetPlatform 'WindowsNoEditor'
[2023.12.24-00.12.27:839][  0]LogTargetPlatformManager: Display: Loaded TargetPlatform 'Windows'
[2023.12.24-00.12.27:844][  0]LogTargetPlatformManager: Display: Loaded TargetPlatform 'WindowsClient'
[2023.12.24-00.12.27:850][  0]LogTargetPlatformManager: Display: Loaded TargetPlatform 'WindowsServer'
[2023.12.24-00.12.27:850][  0]LogTargetPlatformManager: Display: Building Assets For Windows
[2023.12.24-00.12.27:862][  0]LogAudioDebug: Display: Lib vorbis DLL was dynamically loaded.
[2023.12.24-00.12.27:910][  0]LogTextureFormatOodle: Display: Oodle Texture 2.9.0 init RDO Off
[2023.12.24-00.12.27:987][  0]LogRendererCore: Ray tracing is disabled. Reason: r.RayTracing=0.
[2023.12.24-00.12.27:995][  0]LogDerivedDataCache: Display: Max Cache Size: 512 MB
[2023.12.24-00.12.27:995][  0]LogDerivedDataCache: Display: Starting with empty Boot cache
[2023.12.24-00.12.27:995][  0]LogDerivedDataCache: FDerivedDataBackendGraph:  Pak pak cache file ../../../../../../Users/jowet/OneDrive/Documents/UNI Year 2/TechDemo4-UnrealShooter/Tech_Demo_4/DerivedDataCache/DDC.ddp not found, will not use a pak cache.
[2023.12.24-00.12.27:995][  0]LogDerivedDataCache: Unable to find inner node Pak for hierarchical cache Hierarchy.
[2023.12.24-00.12.28:068][  0]LogDerivedDataCache: Speed tests for ../../../Engine/DerivedDataCache took 0.07 seconds
[2023.12.24-00.12.28:069][  0]LogDerivedDataCache: Display: Performance to ../../../Engine/DerivedDataCache: Latency=0.17ms. RandomReadSpeed=13.89MBs, RandomWriteSpeed=243.54MBs. Assigned SpeedClass 'Local'
[2023.12.24-00.12.28:069][  0]LogDerivedDataCache: Using Local data cache path ../../../Engine/DerivedDataCache: Writable
[2023.12.24-00.12.28:080][  0]LogAssetRegistry: FAssetRegistry took 0.0025 seconds to start up
[2023.12.24-00.12.28:459][  0]LogInit: Selected Device Profile: [Windows]
[2023.12.24-00.12.28:459][  0]LogInit: Active device profile: [0000017DCFEE2900][0000017DCD4DF240 49] Windows
[2023.12.24-00.12.28:459][  0]LogInit: Profiles: [0000017DCFEE2900][0000017DCD4DF240 49] Windows, [0000017DCFEA1A00][0000017DCD4ED500 49] WindowsNoEditor, [0000017DCFEE1900][0000017DCD4F17C0 49] WindowsServer, [0000017DCFEA2C00][0000017DCD4F5A80 49] WindowsClient, [0000017DCFEE2A00][0000017DCD6721C0 49] IOS, [0000017DCFEA1800][0000017DCD676480 49] iPadAir, [0000017DCFEE1700][0000017DCD67A740 49] iPadAir2, [0000017DCFE47800][0000017DCD2E2C40 49] IPadPro, [0000017DCFE47900][0000017DCD67EC80 49] iPadAir3, [0000017DCFEE0E00][0000017DCD4E2F00 49] iPadAir4, [0000017DCFE45D00][0000017DCD6891C0 49] iPadMini2, [0000017DCFEE3700][0000017DCD2ED480 49] iPadMini3, [0000017DCFE46200][0000017DCD2F1740 49] iPadMini4, [0000017DCFEE2500][0000017DCD2F5A00 49] iPadMini5, [0000017DCFE73100][0000017DC15C83C0 49] iPhone6, [0000017DCFE73200][0000017DC15B8400 49] iPodTouch6, [0000017DCFE44B00][0000017DC15D0940 49] iPhone7, [0000017DCFE44A00][0000017DC15C0980 49] iPodTouch7, [0000017DCFE71C00][0000017DC15C4C40 49] iPhone5S, [0000017DCFE46100][0000017DCD2DEEC0 49] iPhone6Plus, [0000017DCFE72400][0000017DC15BD140 49] iPhone6S, [0000017DCFE44800][0000017DCEAD3400 49] iPhone6SPlus, [0000017DCFE71E00][0000017DCEAD76C0 49] iPhone7Plus, [0000017DCFE47A00][0000017DCEADB980 49] iPhoneSE, [0000017DCFE72100][0000017DCEADE0C0 49] iPhone8, [0000017DCFE47D00][0000017DCEAE2380 49] iPhone8Plus, [0000017DCFE73500][0000017DCEAE6640 49] iPhoneX, [0000017DCFE47B00][0000017DCEAEA900 49] iPhoneXS, [0000017DCFE71B00][0000017DCEAEEBC0 49] iPhoneXSMax, [0000017DCFE44D00][0000017DCEAF2E80 49] iPhoneXR, [0000017DCFE71F00][0000017DC15CD100 49] iPhone11, [0000017DCFE46000][0000017DCEAF7380 49] iPhone11Pro, [0000017DCFE71400][0000017DCEAFF640 49] iPhone11ProMax, [0000017DCFE46F00][0000017DCEB03900 49] iPhoneSE2, [0000017DCFE72E00][0000017DCEB07BC0 49] iPhone12Mini, [0000017DCFE45000][0000017DCEB0A300 49] iPhone12, [0000017DCFE70C00][0000017DCEB0E5C0 49] iPhone12Pro, [0000017DCFE47F00][0000017DCEB12880 49] iPhone12ProMax, [0000017DCFE72F00][0000017DCEB16B40 49] iPadPro105, [0000017DCFE44C00][0000017DCEB1AE00 49] iPadPro129, [0000017DCFE71D00][0000017DC143F0C0 49] iPadPro97, [0000017DCFE46800][0000017DCEAFB340 49] iPadPro2_129, [0000017DCFE71A00][0000017DC14435C0 49] iPad5, [0000017DCFE45A00][0000017DC144B880 49] iPad6, [0000017DCFE71800][0000017DC144FB40 49] iPad7, [0000017DCFE47E00][0000017DC1452280 49] iPad8, [0000017DCFE73700][0000017DC1456540 49] iPadPro11, [0000017DCFE46A00][0000017DC145A800 49] iPadPro2_11, [0000017DCFE70D00][0000017DC145EAC0 49] iPadPro3_129, [0000017DCFF24700][0000017DC1462D80 49] iPadPro4_129, [0000017DCFEA3800][0000017DC1467040 49] AppleTV, [0000017DCFF24300][0000017DC146B300 49] AppleTV4K, [0000017DCFEA1B00][0000017DC1447580 49] TVOS, [0000017DCFF25000][0000017DC146F800 49] Mac, [0000017DCFEA1400][0000017DC1477AC0 49] MacClient, [0000017DCFF24200][0000017DC147A200 49] MacNoEditor, [0000017DCFEA2000][0000017DC147E4C0 49] MacServer, [0000017DCFF24A00][0000017DC1482780 49] Linux, [0000017DCFEA3900][0000017DC1486A40 49] LinuxAArch64, [0000017DCFF25100][0000017DC148AD00 49] LinuxNoEditor, [0000017DCFEA0100][0000017DC148EFC0 49] LinuxAArch64NoEditor, [0000017DCFF24E00][0000017DC1493280 49] LinuxClient, [0000017DCFEA3600][0000017DC1497540 49] LinuxAArch64Client, [0000017DCFE46E00][0000017DC14737C0 49] LinuxServer, [0000017DCFEA1200][0000017DC149BA40 49] LinuxAArch64Server, [0000017DCFE46400][0000017DC14A2180 49] Android, [0000017DCFEA3F00][0000017DC14A6440 49] Android_Low, [0000017DCFE45800][0000017DC14AA700 49] Android_Mid, [0000017DCFEA3100][0000017DC14AE9C0 49] Android_High, [0000017DCFE47200][0000017DC14B2C80 49] Android_Default, [0000017DCFEA0A00][0000017DC14B6F40 49] Android_Adreno4xx, [0000017DCFE47400][0000017DC14BB200 49] Android_Adreno5xx_Low, [0000017DCFEA0400][0000017DD0B314C0 49] Android_Adreno5xx, [0000017DCFE47500][0000017DD0B35780 49] Android_Adreno6xx, [0000017DCFEA3700][0000017DC149FA00 49] Android_Adreno6xx_Vulkan, [0000017DCFE44300][0000017DD0B3C140 49] Android_Mali_T6xx, [0000017DCFEA3E00][0000017DD0B40400 49] Android_Mali_T7xx, [0000017DCFE44100][0000017DD0B446C0 49] Android_Mali_T8xx, [0000017DCFEA0D00][0000017DD0B48980 49] Android_Mali_G71, [0000017DCFE45E00][0000017DD0B4CC40 49] Android_Mali_G72, [0000017DCFEA2500][0000017DD0B50F00 49] Android_Mali_G72_Vulkan, [0000017DCFE45100][0000017DD0B551C0 49] Android_Mali_G76, [0000017DCFEA2A00][0000017DD0B59480 49] Android_Mali_G76_Vulkan, [0000017DCFE47700][0000017DD0B5D740 49] Android_Mali_G77, [0000017DCFEA1300][0000017DD0B399C0 49] Android_Mali_G77_Vulkan, [0000017DCFE45300][0000017DD0B600C0 49] Android_Mali_G78, [0000017DCFEA2900][0000017DD0B68380 49] Android_Mali_G78_Vulkan, [0000017DCFE46500][0000017DD0B6C640 49] Android_Mali_G710, [0000017DCFEA0300][0000017DD0B70900 49] Android_Mali_G710_Vulkan, [0000017DCFE44500][0000017DD0B74BC0 49] Android_Vulkan_SM5, [0000017DCFEA2D00][0000017DD0B78E80 49] Android_PowerVR_G6xxx, [0000017DCFE71900][0000017DD0B7D140 49] Android_PowerVR_GT7xxx, [0000017DCFEE3A00][0000017DD0B81400 49] Android_PowerVR_GE8xxx, [0000017DCFE70500][0000017DD0B856C0 49] Android_PowerVR_GM9xxx, [0000017DCFEE3E00][0000017DD0B89980 49] Android_PowerVR_GM9xxx_Vulkan, [0000017DCFE70600][0000017DD0B65C00 49] Android_TegraK1, [0000017DCFEE3D00][0000017DD0B8C300 49] Android_Unknown_Vulkan, [0000017DCFE72D00][0000017DD0B945C0 49] Lumin, [0000017DCFEE2200][0000017DD0B98880 49] Lumin_Desktop, [0000017DCFE72B00][0000017DD0B9CB40 49] HoloLens, 
[2023.12.24-00.12.28:545][  0]LogMeshReduction: Using QuadricMeshReduction for automatic static mesh reduction
[2023.12.24-00.12.28:545][  0]LogMeshReduction: Using SimplygonMeshReduction for automatic skeletal mesh reduction
[2023.12.24-00.12.28:545][  0]LogMeshReduction: Using ProxyLODMeshReduction for automatic mesh merging
[2023.12.24-00.12.28:545][  0]LogMeshReduction: No distributed automatic mesh merging module available
[2023.12.24-00.12.28:546][  0]LogMeshMerging: No distributed automatic mesh merging module available
[2023.12.24-00.12.28:586][  0]LogNetVersion: Tech_Demo_4 1.0.0, NetCL: 17155196, EngineNetVer: 17, GameNetVer: 0 (Checksum: 4260629819)
[2023.12.24-00.12.29:391][  0]LogCollectionManager: Loaded 0 collections in 0.001663 seconds
[2023.12.24-00.12.29:395][  0]LogFileCache: Scanning file cache for directory 'C:/Users/jowet/OneDrive/Documents/UNI Year 2/TechDemo4-UnrealShooter/Tech_Demo_4/Saved/Collections/' took 0.00s
[2023.12.24-00.12.29:395][  0]LogFileCache: Scanning file cache for directory 'C:/Users/jowet/OneDrive/Documents/UNI Year 2/TechDemo4-UnrealShooter/Tech_Demo_4/Content/Developers/jowet/Collections/' took 0.00s
[2023.12.24-00.12.29:395][  0]LogFileCache: Scanning file cache for directory 'C:/Users/jowet/OneDrive/Documents/UNI Year 2/TechDemo4-UnrealShooter/Tech_Demo_4/Content/Collections/' took 0.00s
[2023.12.24-00.12.29:395][  0]LogCollectionManager: Fixed up redirectors for 0 collections in 0.000271 seconds (updated 0 objects)
[2023.12.24-00.12.29:598][  0]LogNiagaraDebuggerClient: Niagara Debugger Client Initialized | Session: 5C7907A44B8C7052C6435A8B02D9F913 | Instance: A1AD27654F024501864EF3A22310BD03 (LAPTOP-8T9BADUD-4968).
[2023.12.24-00.12.29:989][  0]LogPython: Using Python 3.7.7
[2023.12.24-00.12.31:349][  0]SourceControl: Source control is disabled
[2023.12.24-00.12.31:349][  0]SourceControl: Source control is disabled
[2023.12.24-00.12.31:377][  0]SourceControl: Source control is disabled
[2023.12.24-00.12.31:494][  0]SourceControl: Source control is disabled
[2023.12.24-00.12.31:501][  0]SourceControl: Source control is disabled
[2023.12.24-00.12.31:505][  0]LogUProjectInfo: Found projects:
[2023.12.24-00.12.31:560][  0]LogAndroidPermission: UAndroidPermissionCallbackProxy::GetInstance
[2023.12.24-00.12.31:596][  0]LogAudioCaptureCore: Display: No Audio Capture implementations found. Audio input will be silent.
[2023.12.24-00.12.31:597][  0]LogAudioCaptureCore: Display: No Audio Capture implementations found. Audio input will be silent.
[2023.12.24-00.12.31:985][  0]LogOpenImageDenoise: OIDN starting up
[2023.12.24-00.12.32:174][  0]LogUObjectArray: 22018 objects as part of root set at end of initial load.
[2023.12.24-00.12.32:175][  0]LogUObjectAllocator: 6021040 out of 0 bytes used by permanent object pool.
[2023.12.24-00.12.32:175][  0]LogUObjectArray: CloseDisregardForGC: 0/0 objects in disregard for GC pool
[2023.12.24-00.12.32:189][  0]LogInit: Error: VisualStudioToolsCommandlet looked like a commandlet, but we could not find the class.
[2023.12.24-00.12.32:189][  0]LogCore: Engine exit requested (reason: Failed to find commandlet class VisualStudioToolsCommandlet)
[2023.12.24-00.12.32:190][  0]LogCore: Engine exit requested (reason: EngineExit() was called; note: exit was already requested)
[2023.12.24-00.12.32:194][  0]LogExit: Preparing to exit.
[2023.12.24-00.12.32:314][  0]LogUObjectHash: Compacting FUObjectHashTables data took   0.67ms
[2023.12.24-00.12.32:424][  0]LogDemo: Cleaned up 0 splitscreen connections with owner deletion
[2023.12.24-00.12.32:553][  0]LogExit: Object subsystem successfully closed.
[2023.12.24-00.12.32:653][  0]LogModuleManager: Shutting down and abandoning module AudioSynesthesiaEditor (556)
[2023.12.24-00.12.32:653][  0]LogModuleManager: Shutting down and abandoning module ContentBrowserFileDataSource (554)
[2023.12.24-00.12.32:653][  0]LogModuleManager: Shutting down and abandoning module ContentBrowserClassDataSource (552)
[2023.12.24-00.12.32:653][  0]LogModuleManager: Shutting down and abandoning module ContentBrowserAssetDataSource (550)
[2023.12.24-00.12.32:653][  0]LogModuleManager: Shutting down and abandoning module ToolMenus (549)
[2023.12.24-00.12.32:653][  0]LogModuleManager: Shutting down and abandoning module MotoSynthEditor (546)
[2023.12.24-00.12.32:653][  0]LogModuleManager: Shutting down and abandoning module MotoSynth (544)
[2023.12.24-00.12.32:653][  0]LogModuleManager: Shutting down and abandoning module OpenImageDenoise (542)
[2023.12.24-00.12.32:653][  0]LogOpenImageDenoise: OIDN shutting down
[2023.12.24-00.12.32:653][  0]LogModuleManager: Shutting down and abandoning module MeshConversion (540)
[2023.12.24-00.12.32:653][  0]LogModuleManager: Shutting down and abandoning module DynamicMesh (538)
[2023.12.24-00.12.32:653][  0]LogModuleManager: Shutting down and abandoning module GeometryAlgorithms (536)
[2023.12.24-00.12.32:653][  0]LogModuleManager: Shutting down and abandoning module GeometricObjects (534)
[2023.12.24-00.12.32:654][  0]LogModuleManager: Shutting down and abandoning module GeometryCacheTracks (532)
[2023.12.24-00.12.32:654][  0]LogModuleManager: Shutting down and abandoning module GeometryCacheStreamer (530)
[2023.12.24-00.12.32:654][  0]LogModuleManager: Shutting down and abandoning module GeometryCacheSequencer (528)
[2023.12.24-00.12.32:655][  0]LogModuleManager: Shutting down and abandoning module GeometryCollectionTracks (526)
[2023.12.24-00.12.32:655][  0]LogModuleManager: Shutting down and abandoning module GeometryCollectionSequencer (525)
[2023.12.24-00.12.32:655][  0]LogModuleManager: Shutting down and abandoning module GeometryCollectionEditor (522)
[2023.12.24-00.12.32:655][  0]LogModuleManager: Shutting down and abandoning module ChaosSolverEditor (520)
[2023.12.24-00.12.32:655][  0]LogModuleManager: Shutting down and abandoning module ChaosNiagara (518)
[2023.12.24-00.12.32:655][  0]LogModuleManager: Shutting down and abandoning module FractureEditor (516)
[2023.12.24-00.12.32:656][  0]LogModuleManager: Shutting down and abandoning module AutomationUtilsEditor (514)
[2023.12.24-00.12.32:656][  0]LogModuleManager: Shutting down and abandoning module AutomationUtils (512)
[2023.12.24-00.12.32:656][  0]LogModuleManager: Shutting down and abandoning module ChaosClothEditor (510)
[2023.12.24-00.12.32:656][  0]LogModuleManager: Shutting down and abandoning module AlembicImporter (508)
[2023.12.24-00.12.32:656][  0]LogModuleManager: Shutting down and abandoning module AlembicLibrary (507)
[2023.12.24-00.12.32:656][  0]LogModuleManager: Shutting down and abandoning module GeometryCache (506)
[2023.12.24-00.12.32:656][  0]LogModuleManager: Shutting down and abandoning module GeometryCacheEd (505)
[2023.12.24-00.12.32:656][  0]LogModuleManager: Shutting down and abandoning module SynthesisEditor (500)
[2023.12.24-00.12.32:656][  0]LogModuleManager: Shutting down and abandoning module Synthesis (498)
[2023.12.24-00.12.32:657][  0]LogModuleManager: Shutting down and abandoning module MobilePatchingUtils (496)
[2023.12.24-00.12.32:657][  0]LogModuleManager: Shutting down and abandoning module ProceduralMeshComponentEditor (494)
[2023.12.24-00.12.32:657][  0]LogModuleManager: Shutting down and abandoning module ProceduralMeshComponent (492)
[2023.12.24-00.12.32:657][  0]LogModuleManager: Shutting down and abandoning module ArchVisCharacter (490)
[2023.12.24-00.12.32:657][  0]LogModuleManager: Shutting down and abandoning module ScreenshotTools (488)
[2023.12.24-00.12.32:657][  0]LogModuleManager: Shutting down and abandoning module GooglePAD (486)
[2023.12.24-00.12.32:657][  0]LogModuleManager: Shutting down and abandoning module CustomMeshComponent (484)
[2023.12.24-00.12.32:657][  0]LogModuleManager: Shutting down and abandoning module EditableMesh (482)
[2023.12.24-00.12.32:657][  0]LogModuleManager: Shutting down and abandoning module FieldSystemEngine (481)
[2023.12.24-00.12.32:657][  0]LogModuleManager: Shutting down and abandoning module CableComponent (478)
[2023.12.24-00.12.32:657][  0]LogModuleManager: Shutting down and abandoning module AudioCapture (476)
[2023.12.24-00.12.32:657][  0]LogModuleManager: Shutting down and abandoning module AudioCaptureRtAudio (475)
[2023.12.24-00.12.32:657][  0]LogModuleManager: Shutting down and abandoning module MagicLeapHelperVulkan (472)
[2023.12.24-00.12.32:657][  0]LogModuleManager: Shutting down and abandoning module MagicLeapHelperOpenGL (470)
[2023.12.24-00.12.32:657][  0]LogModuleManager: Shutting down and abandoning module MagicLeapAudio (468)
[2023.12.24-00.12.32:657][  0]LogModuleManager: Shutting down and abandoning module AssetTags (466)
[2023.12.24-00.12.32:657][  0]LogModuleManager: Shutting down and abandoning module AppleImageUtilsBlueprintSupport (464)
[2023.12.24-00.12.32:657][  0]LogModuleManager: Shutting down and abandoning module AppleImageUtils (462)
[2023.12.24-00.12.32:657][  0]LogModuleManager: Shutting down and abandoning module AndroidPermission (460)
[2023.12.24-00.12.32:657][  0]LogModuleManager: Shutting down and abandoning module ActorLayerUtilitiesEditor (458)
[2023.12.24-00.12.32:657][  0]LogModuleManager: Shutting down and abandoning module ActorLayerUtilities (456)
[2023.12.24-00.12.32:657][  0]LogModuleManager: Shutting down and abandoning module TemplateSequence (454)
[2023.12.24-00.12.32:657][  0]LogModuleManager: Shutting down and abandoning module MediaCompositing (452)
[2023.12.24-00.12.32:657][  0]LogModuleManager: Shutting down and abandoning module MagicLeapSharedWorld (450)
[2023.12.24-00.12.32:657][  0]LogModuleManager: Shutting down and abandoning module MagicLeapLightEstimation (448)
[2023.12.24-00.12.32:657][  0]LogModuleManager: Shutting down and abandoning module VisualStudioCodeSourceCodeAccess (446)
[2023.12.24-00.12.32:657][  0]LogModuleManager: Shutting down and abandoning module UObjectPlugin (444)
[2023.12.24-00.12.32:658][  0]LogModuleManager: Shutting down and abandoning module VisualStudioSourceCodeAccess (442)
[2023.12.24-00.12.32:658][  0]LogModuleManager: Shutting down and abandoning module PluginUtils (440)
[2023.12.24-00.12.32:658][  0]LogModuleManager: Shutting down and abandoning module PlasticSourceControl (438)
[2023.12.24-00.12.32:659][  0]LogModuleManager: Shutting down and abandoning module SubversionSourceControl (436)
[2023.12.24-00.12.32:659][  0]LogModuleManager: Shutting down and abandoning module SpeedTreeImporter (434)
[2023.12.24-00.12.32:659][  0]LogModuleManager: Shutting down and abandoning module PluginBrowser (432)
[2023.12.24-00.12.32:660][  0]LogModuleManager: Shutting down and abandoning module MobileLauncherProfileWizard (430)
[2023.12.24-00.12.32:661][  0]LogModuleManager: Shutting down and abandoning module MaterialAnalyzer (428)
[2023.12.24-00.12.32:661][  0]LogModuleManager: Shutting down and abandoning module VariantManagerContentEditor (426)
[2023.12.24-00.12.32:661][  0]LogModuleManager: Shutting down and abandoning module CryptoKeysOpenSSL (424)
[2023.12.24-00.12.32:661][  0]LogModuleManager: Shutting down and abandoning module CryptoKeys (422)
[2023.12.24-00.12.32:661][  0]LogModuleManager: Shutting down and abandoning module CurveEditorTools (420)
[2023.12.24-00.12.32:661][  0]LogModuleManager: Shutting down and abandoning module DatasmithContentEditor (418)
[2023.12.24-00.12.32:662][  0]LogModuleManager: Shutting down and abandoning module AnimationSharingEd (416)
[2023.12.24-00.12.32:662][  0]LogModuleManager: Shutting down and abandoning module PerforceSourceControl (414)
[2023.12.24-00.12.32:663][  0]LogModuleManager: Shutting down and abandoning module NiagaraEditorWidgets (412)
[2023.12.24-00.12.32:665][  0]LogModuleManager: Shutting down and abandoning module GitSourceControl (410)
[2023.12.24-00.12.32:666][  0]LogModuleManager: Shutting down and abandoning module SourceControl (409)
[2023.12.24-00.12.32:666][  0]LogModuleManager: Shutting down and abandoning module CLionSourceCodeAccess (406)
[2023.12.24-00.12.32:666][  0]LogModuleManager: Shutting down and abandoning module OodleNetworkHandlerComponent (404)
[2023.12.24-00.12.32:666][  0]LogModuleManager: Shutting down and abandoning module LightPropagationVolumeEditor (402)
[2023.12.24-00.12.32:666][  0]LogModuleManager: Shutting down and abandoning module PaperTiledImporter (400)
[2023.12.24-00.12.32:666][  0]LogModuleManager: Shutting down and abandoning module PaperSpriteSheetImporter (398)
[2023.12.24-00.12.32:666][  0]LogModuleManager: Shutting down and abandoning module Paper2DEditor (396)
[2023.12.24-00.12.32:667][  0]LogModuleManager: Shutting down and abandoning module MeshPaintingToolset (394)
[2023.12.24-00.12.32:667][  0]LogModuleManager: Shutting down and abandoning module MeshPaintEditorMode (392)
[2023.12.24-00.12.32:667][  0]LogModuleManager: Shutting down and abandoning module Tech_Demo_4 (390)
[2023.12.24-00.12.32:667][  0]LogModuleManager: Shutting down and abandoning module PythonScriptPlugin (388)
[2023.12.24-00.12.32:667][  0]LogModuleManager: Shutting down and abandoning module PhysXVehiclesEditor (386)
[2023.12.24-00.12.32:667][  0]LogModuleManager: Shutting down and abandoning module SoundFields (382)
[2023.12.24-00.12.32:667][  0]LogModuleManager: Shutting down and abandoning module SignificanceManager (380)
[2023.12.24-00.12.32:667][  0]LogModuleManager: Shutting down and abandoning module RuntimePhysXCooking (378)
[2023.12.24-00.12.32:667][  0]LogModuleManager: Shutting down and abandoning module PropertyAccessEditor (376)
[2023.12.24-00.12.32:667][  0]LogModuleManager: Shutting down and abandoning module LocationServicesBPLibrary (374)
[2023.12.24-00.12.32:667][  0]LogModuleManager: Shutting down and abandoning module AudioSynesthesia (372)
[2023.12.24-00.12.32:667][  0]LogModuleManager: Shutting down and abandoning module AudioSynesthesiaCore (370)
[2023.12.24-00.12.32:668][  0]LogModuleManager: Shutting down and abandoning module MagicLeapHandMeshing (368)
[2023.12.24-00.12.32:668][  0]LogModuleManager: Shutting down and abandoning module MagicLeapSecureStorage (366)
[2023.12.24-00.12.32:668][  0]LogModuleManager: Shutting down and abandoning module MagicLeapPrivileges (364)
[2023.12.24-00.12.32:668][  0]LogModuleManager: Shutting down and abandoning module MagicLeapPlanes (362)
[2023.12.24-00.12.32:668][  0]LogMagicLeapPlanes: Planes tracker already destroyed.
[2023.12.24-00.12.32:668][  0]LogModuleManager: Shutting down and abandoning module MagicLeapImageTracker (360)
[2023.12.24-00.12.32:668][  0]LogModuleManager: Shutting down and abandoning module MagicLeapIdentity (358)
[2023.12.24-00.12.32:668][  0]LogModuleManager: Shutting down and abandoning module MagicLeapHandTracking (356)
[2023.12.24-00.12.32:668][  0]LogModuleManager: Shutting down and abandoning module MagicLeapEyeTracker (354)
[2023.12.24-00.12.32:669][  0]LogModuleManager: Shutting down and abandoning module MagicLeapController (352)
[2023.12.24-00.12.32:669][  0]LogModuleManager: Shutting down and abandoning module MagicLeapARPinImpl (350)
[2023.12.24-00.12.32:669][  0]LogModuleManager: Shutting down and abandoning module MagicLeapAR (348)
[2023.12.24-00.12.32:669][  0]LogModuleManager: Shutting down and abandoning module AugmentedReality (347)
[2023.12.24-00.12.32:669][  0]LogModuleManager: Shutting down and abandoning module UdpMessaging (344)
[2023.12.24-00.12.32:669][  0]LogModuleManager: Shutting down and abandoning module ActorSequence (342)
[2023.12.24-00.12.32:669][  0]LogModuleManager: Shutting down and abandoning module TcpMessaging (340)
[2023.12.24-00.12.32:669][  0]LogModuleManager: Shutting down and abandoning module MagicLeapARPin (338)
[2023.12.24-00.12.32:669][  0]LogModuleManager: Shutting down and abandoning module PropertyAccessNode (336)
[2023.12.24-00.12.32:669][  0]LogModuleManager: Shutting down and abandoning module GameplayTagsEditor (334)
[2023.12.24-00.12.32:670][  0]LogModuleManager: Shutting down and abandoning module FacialAnimationEditor (332)
[2023.12.24-00.12.32:670][  0]LogModuleManager: Shutting down and abandoning module FacialAnimation (330)
[2023.12.24-00.12.32:670][  0]LogModuleManager: Shutting down and abandoning module DataValidation (328)
[2023.12.24-00.12.32:670][  0]LogModuleManager: Shutting down and abandoning module AnimationSharing (326)
[2023.12.24-00.12.32:670][  0]LogModuleManager: Shutting down and abandoning module NiagaraAnimNotifies (324)
[2023.12.24-00.12.32:670][  0]LogModuleManager: Shutting down and abandoning module Niagara (322)
[2023.12.24-00.12.32:671][  0]LogModuleManager: Shutting down and abandoning module SignalProcessing (321)
[2023.12.24-00.12.32:671][  0]LogModuleManager: Shutting down and abandoning module NiagaraEditor (319)
[2023.12.24-00.12.32:672][  0]LogModuleManager: Shutting down and abandoning module NiagaraCore (316)
[2023.12.24-00.12.32:673][  0]LogModuleManager: Shutting down and abandoning module GameplayCameras (314)
[2023.12.24-00.12.32:673][  0]LogModuleManager: Shutting down and abandoning module AssetManagerEditor (312)
[2023.12.24-00.12.32:673][  0]LogModuleManager: Shutting down and abandoning module TreeMap (311)
[2023.12.24-00.12.32:673][  0]LogModuleManager: Shutting down and abandoning module LightPropagationVolumeRuntime (308)
[2023.12.24-00.12.32:673][  0]LogModuleManager: Shutting down and abandoning module EnvironmentQueryEditor (306)
[2023.12.24-00.12.32:674][  0]LogModuleManager: Shutting down and abandoning module Paper2D (304)
[2023.12.24-00.12.32:674][  0]LogModuleManager: Shutting down and abandoning module NetworkReplayStreaming (302)
[2023.12.24-00.12.32:674][  0]LogModuleManager: Shutting down and abandoning module PacketHandler (300)
[2023.12.24-00.12.32:674][  0]LogModuleManager: Shutting down and abandoning module ClothingSystemEditor (298)
[2023.12.24-00.12.32:674][  0]LogModuleManager: Shutting down and abandoning module ClothingSystemRuntimeNv (296)
[2023.12.24-00.12.32:675][  0]LogModuleManager: Shutting down and abandoning module MediaAssets (294)
[2023.12.24-00.12.32:675][  0]LogModuleManager: Shutting down and abandoning module Overlay (292)
[2023.12.24-00.12.32:675][  0]LogModuleManager: Shutting down and abandoning module OverlayEditor (291)
[2023.12.24-00.12.32:675][  0]LogModuleManager: Shutting down and abandoning module Blutility (288)
[2023.12.24-00.12.32:675][  0]LogModuleManager: Shutting down and abandoning module LevelEditor (287)
[2023.12.24-00.12.32:678][  0]LogModuleManager: Shutting down and abandoning module PixelInspectorModule (286)
[2023.12.24-00.12.32:678][  0]LogModuleManager: Shutting down and abandoning module CommonMenuExtensions (284)
[2023.12.24-00.12.32:678][  0]LogModuleManager: Shutting down and abandoning module MainFrame (282)
[2023.12.24-00.12.32:679][  0]LogModuleManager: Shutting down and abandoning module HotReload (281)
[2023.12.24-00.12.32:680][  0]LogModuleManager: Shutting down and abandoning module ContentBrowser (277)
[2023.12.24-00.12.32:681][  0]LogModuleManager: Shutting down and abandoning module CollectionManager (276)
[2023.12.24-00.12.32:682][  0]LogModuleManager: Shutting down and abandoning module ContentBrowserData (274)
[2023.12.24-00.12.32:682][  0]LogModuleManager: Shutting down and abandoning module IntroTutorials (270)
[2023.12.24-00.12.32:682][  0]LogModuleManager: Shutting down and abandoning module VREditor (268)
[2023.12.24-00.12.32:683][  0]LogModuleManager: Shutting down and abandoning module StringTableEditor (266)
[2023.12.24-00.12.32:683][  0]LogModuleManager: Shutting down and abandoning module GameplayTasksEditor (264)
[2023.12.24-00.12.32:683][  0]LogModuleManager: Shutting down and abandoning module BehaviorTreeEditor (262)
[2023.12.24-00.12.32:684][  0]LogModuleManager: Shutting down and abandoning module FunctionalTesting (260)
[2023.12.24-00.12.32:684][  0]LogModuleManager: Shutting down and abandoning module CollisionAnalyzer (258)
[2023.12.24-00.12.32:685][  0]LogModuleManager: Shutting down and abandoning module WorkspaceMenuStructure (257)
[2023.12.24-00.12.32:686][  0]LogModuleManager: Shutting down and abandoning module UMG (254)
[2023.12.24-00.12.32:686][  0]LogModuleManager: Shutting down and abandoning module UMGEditor (253)
[2023.12.24-00.12.32:686][  0]LogModuleManager: Shutting down and abandoning module MessageLog (251)
[2023.12.24-00.12.32:687][  0]LogModuleManager: Shutting down and abandoning module SlateReflector (246)
[2023.12.24-00.12.32:689][  0]LogModuleManager: Shutting down and abandoning module Slate (244)
[2023.12.24-00.12.32:689][  0]LogModuleManager: Shutting down and abandoning module SlateCore (242)
[2023.12.24-00.12.32:690][  0]LogModuleManager: Shutting down and abandoning module LandscapeEditorUtilities (240)
[2023.12.24-00.12.32:690][  0]LogModuleManager: Shutting down and abandoning module UnrealEd (238)
[2023.12.24-00.12.32:690][  0]LogModuleManager: Shutting down and abandoning module MRMesh (236)
[2023.12.24-00.12.32:690][  0]LogModuleManager: Shutting down and abandoning module SourceCodeAccess (234)
[2023.12.24-00.12.32:690][  0]LogModuleManager: Shutting down and abandoning module HeadMountedDisplay (232)
[2023.12.24-00.12.32:690][  0]LogModuleManager: Shutting down and abandoning module XAudio2 (230)
[2023.12.24-00.12.32:690][  0]LogModuleManager: Shutting down and abandoning module Networking (228)
[2023.12.24-00.12.32:690][  0]LogModuleManager: Shutting down and abandoning module Core (226)
[2023.12.24-00.12.32:690][  0]LogModuleManager: Shutting down and abandoning module MaterialEditor (224)
[2023.12.24-00.12.32:691][  0]LogModuleManager: Shutting down and abandoning module Settings (223)
[2023.12.24-00.12.32:691][  0]LogModuleManager: Shutting down and abandoning module MovieSceneTools (220)
[2023.12.24-00.12.32:691][  0]LogModuleManager: Shutting down and abandoning module CurveEditor (219)
[2023.12.24-00.12.32:692][  0]LogModuleManager: Shutting down and abandoning module Sequencer (217)
[2023.12.24-00.12.32:692][  0]LogModuleManager: Shutting down and abandoning module EditorStyle (216)
[2023.12.24-00.12.32:693][  0]LogModuleManager: Shutting down and abandoning module KismetCompiler (212)
[2023.12.24-00.12.32:693][  0]LogModuleManager: Shutting down and abandoning module MeshBuilder (210)
[2023.12.24-00.12.32:693][  0]LogModuleManager: Shutting down and abandoning module MeshUtilities (208)
[2023.12.24-00.12.32:693][  0]LogModuleManager: Shutting down and abandoning module MeshMergeUtilities (207)
[2023.12.24-00.12.32:694][  0]LogModuleManager: Shutting down and abandoning module MeshReductionInterface (206)
[2023.12.24-00.12.32:694][  0]LogModuleManager: Shutting down and abandoning module MeshBoneReduction (205)
[2023.12.24-00.12.32:694][  0]LogModuleManager: Shutting down and abandoning module SkeletalMeshReduction (203)
[2023.12.24-00.12.32:694][  0]LogModuleManager: Shutting down and abandoning module ProxyLODMeshReduction (201)
[2023.12.24-00.12.32:695][  0]LogModuleManager: Shutting down and abandoning module QuadricMeshReduction (199)
[2023.12.24-00.12.32:695][  0]LogModuleManager: Shutting down and abandoning module MaterialBaking (195)
[2023.12.24-00.12.32:695][  0]LogModuleManager: Shutting down and abandoning module DirectoryWatcher (191)
[2023.12.24-00.12.32:695][  0]LogModuleManager: Shutting down and abandoning module NullInstallBundleManager (188)
[2023.12.24-00.12.32:695][  0]LogModuleManager: Shutting down and abandoning module DerivedDataCache (186)
[2023.12.24-00.12.32:696][  0]LogModuleManager: Shutting down and abandoning module TargetPlatform (184)
[2023.12.24-00.12.32:696][  0]LogModuleManager: Shutting down and abandoning module VulkanShaderFormat (183)
[2023.12.24-00.12.32:697][  0]LogModuleManager: Shutting down and abandoning module ShaderFormatVectorVM (181)
[2023.12.24-00.12.32:697][  0]LogModuleManager: Shutting down and abandoning module ShaderFormatOpenGL (179)
[2023.12.24-00.12.32:698][  0]LogModuleManager: Shutting down and abandoning module ShaderFormatD3D (177)
[2023.12.24-00.12.32:698][  0]LogModuleManager: Shutting down and abandoning module MetalShaderFormat (175)
[2023.12.24-00.12.32:698][  0]LogModuleManager: Shutting down and abandoning module TextureFormatOodle (173)
[2023.12.24-00.12.32:699][  0]LogModuleManager: Shutting down and abandoning module TextureFormatUncompressed (171)
[2023.12.24-00.12.32:699][  0]LogModuleManager: Shutting down and abandoning module TextureFormatPVR (169)
[2023.12.24-00.12.32:699][  0]LogModuleManager: Shutting down and abandoning module TextureFormatETC2 (167)
[2023.12.24-00.12.32:699][  0]LogModuleManager: Shutting down and abandoning module TextureFormatDXT (165)
[2023.12.24-00.12.32:699][  0]LogModuleManager: Shutting down and abandoning module TextureFormatIntelISPCTexComp (163)
[2023.12.24-00.12.32:700][  0]LogModuleManager: Shutting down and abandoning module TextureFormatASTC (161)
[2023.12.24-00.12.32:700][  0]LogModuleManager: Shutting down and abandoning module ImageWrapper (160)
[2023.12.24-00.12.32:700][  0]LogModuleManager: Shutting down and abandoning module AudioFormatOpus (157)
[2023.12.24-00.12.32:700][  0]LogModuleManager: Shutting down and abandoning module AudioFormatOgg (155)
[2023.12.24-00.12.32:700][  0]LogModuleManager: Shutting down and abandoning module AudioFormatADPCM (153)
[2023.12.24-00.12.32:700][  0]LogModuleManager: Shutting down and abandoning module WindowsServerTargetPlatform (151)
[2023.12.24-00.12.32:700][  0]LogModuleManager: Shutting down and abandoning module WindowsClientTargetPlatform (149)
[2023.12.24-00.12.32:700][  0]LogModuleManager: Shutting down and abandoning module WindowsTargetPlatform (147)
[2023.12.24-00.12.32:700][  0]LogModuleManager: Shutting down and abandoning module WindowsNoEditorTargetPlatform (145)
[2023.12.24-00.12.32:700][  0]LogModuleManager: Shutting down and abandoning module TVOSTargetPlatform (143)
[2023.12.24-00.12.32:701][  0]LogModuleManager: Shutting down and abandoning module MacServerTargetPlatform (141)
[2023.12.24-00.12.32:701][  0]LogModuleManager: Shutting down and abandoning module MacClientTargetPlatform (139)
[2023.12.24-00.12.32:701][  0]LogModuleManager: Shutting down and abandoning module MacTargetPlatform (137)
[2023.12.24-00.12.32:701][  0]LogModuleManager: Shutting down and abandoning module MacNoEditorTargetPlatform (135)
[2023.12.24-00.12.32:701][  0]LogModuleManager: Shutting down and abandoning module LuminTargetPlatform (133)
[2023.12.24-00.12.32:702][  0]LogModuleManager: Shutting down and abandoning module LinuxAArch64ServerTargetPlatform (131)
[2023.12.24-00.12.32:702][  0]LogModuleManager: Shutting down and abandoning module LinuxAArch64ClientTargetPlatform (129)
[2023.12.24-00.12.32:702][  0]LogModuleManager: Shutting down and abandoning module LinuxAArch64NoEditorTargetPlatform (127)
[2023.12.24-00.12.32:702][  0]LogModuleManager: Shutting down and abandoning module LinuxServerTargetPlatform (125)
[2023.12.24-00.12.32:702][  0]LogModuleManager: Shutting down and abandoning module LinuxClientTargetPlatform (123)
[2023.12.24-00.12.32:703][  0]LogModuleManager: Shutting down and abandoning module LinuxNoEditorTargetPlatform (121)
[2023.12.24-00.12.32:703][  0]LogModuleManager: Shutting down and abandoning module LinuxTargetPlatform (119)
[2023.12.24-00.12.32:703][  0]LogModuleManager: Shutting down and abandoning module Messaging (117)
[2023.12.24-00.12.32:703][  0]LogModuleManager: Shutting down and abandoning module IOSTargetPlatform (115)
[2023.12.24-00.12.32:703][  0]LogModuleManager: Shutting down and abandoning module AndroidTargetPlatform (113)
[2023.12.24-00.12.32:706][  0]LogModuleManager: Shutting down and abandoning module AllDesktopTargetPlatform (111)
[2023.12.24-00.12.32:706][  0]LogModuleManager: Shutting down and abandoning module NullDrv (108)
[2023.12.24-00.12.32:706][  0]LogModuleManager: Shutting down and abandoning module PhysXCooking (106)
[2023.12.24-00.12.32:706][  0]LogModuleManager: Shutting down and abandoning module Chaos (104)
[2023.12.24-00.12.32:706][  0]LogModuleManager: Shutting down and abandoning module WindowsPlatformFeatures (102)
[2023.12.24-00.12.32:706][  0]LogModuleManager: Shutting down and abandoning module GameplayMediaEncoder (101)
[2023.12.24-00.12.32:706][  0]LogModuleManager: Shutting down and abandoning module AVEncoder (100)
[2023.12.24-00.12.32:707][  0]LogModuleManager: Shutting down and abandoning module ExampleDeviceProfileSelector (96)
[2023.12.24-00.12.32:707][  0]LogModuleManager: Shutting down and abandoning module ChaosCloth (94)
[2023.12.24-00.12.32:707][  0]LogModuleManager: Shutting down and abandoning module ChunkDownloader (92)
[2023.12.24-00.12.32:707][  0]LogModuleManager: Shutting down and abandoning module MagicLeap (90)
[2023.12.24-00.12.32:707][  0]LogModuleManager: Shutting down and abandoning module OnlineBlueprintSupport (88)
[2023.12.24-00.12.32:707][  0]LogModuleManager: Shutting down and abandoning module OnlineSubsystem (84)
[2023.12.24-00.12.32:711][  0]LogModuleManager: Shutting down and abandoning module XMPP (79)
[2023.12.24-00.12.32:712][  0]LogModuleManager: Shutting down and abandoning module WebSockets (78)
[2023.12.24-00.12.32:741][  0]LogModuleManager: Shutting down and abandoning module HTTP (75)
[2023.12.24-00.12.32:742][  0]LogHttp: Display: cleaning up 0 outstanding Http requests.
[2023.12.24-00.12.32:767][  0]LogModuleManager: Shutting down and abandoning module SSL (74)
[2023.12.24-00.12.32:774][  0]LogModuleManager: Shutting down and abandoning module LauncherChunkInstaller (70)
[2023.12.24-00.12.32:774][  0]LogModuleManager: Shutting down and abandoning module WmfMedia (68)
[2023.12.24-00.12.32:777][  0]LogModuleManager: Shutting down and abandoning module Media (67)
[2023.12.24-00.12.32:778][  0]LogModuleManager: Shutting down and abandoning module MediaInfo (66)
[2023.12.24-00.12.32:778][  0]LogModuleManager: Shutting down and abandoning module ExrReaderGpu (62)
[2023.12.24-00.12.32:778][  0]LogModuleManager: Shutting down and abandoning module MLSDK (60)
[2023.12.24-00.12.32:778][  0]LogModuleManager: Shutting down and abandoning module VariantManagerContent (58)
[2023.12.24-00.12.32:778][  0]LogModuleManager: Shutting down and abandoning module PixWinPlugin (56)
[2023.12.24-00.12.32:778][  0]LogModuleManager: Shutting down and abandoning module DatasmithContent (54)
[2023.12.24-00.12.32:778][  0]LogModuleManager: Shutting down and abandoning module NiagaraVertexFactories (52)
[2023.12.24-00.12.32:778][  0]LogModuleManager: Shutting down and abandoning module NiagaraShader (50)
[2023.12.24-00.12.32:778][  0]LogModuleManager: Shutting down and abandoning module AISupportModule (48)
[2023.12.24-00.12.32:778][  0]LogModuleManager: Shutting down and abandoning module PythonScriptPluginPreload (46)
[2023.12.24-00.12.32:779][  0]LogModuleManager: Shutting down and abandoning module PlatformCryptoOpenSSL (44)
[2023.12.24-00.12.32:779][  0]LogModuleManager: Shutting down and abandoning module PlatformCryptoTypes (42)
[2023.12.24-00.12.32:779][  0]LogModuleManager: Shutting down and abandoning module PlatformCrypto (40)
[2023.12.24-00.12.32:779][  0]LogModuleManager: Shutting down and abandoning module OodleDataCompressionFormat (38)
[2023.12.24-00.12.32:779][  0]LogModuleManager: Shutting down and abandoning module XGEController (36)
[2023.12.24-00.12.32:779][  0]LogXGEController: Cannot use XGE Controller as Incredibuild is not installed on this machine.
[2023.12.24-00.12.32:779][  0]LogModuleManager: Shutting down and abandoning module AnimationModifiers (34)
[2023.12.24-00.12.32:780][  0]LogModuleManager: Shutting down and abandoning module AudioEditor (32)
[2023.12.24-00.12.32:781][  0]LogModuleManager: Shutting down and abandoning module PropertyEditor (31)
[2023.12.24-00.12.32:783][  0]LogModuleManager: Shutting down and abandoning module TextureCompressor (28)
[2023.12.24-00.12.32:783][  0]LogModuleManager: Shutting down and abandoning module RenderCore (26)
[2023.12.24-00.12.32:783][  0]LogModuleManager: Shutting down and abandoning module Landscape (24)
[2023.12.24-00.12.32:783][  0]LogModuleManager: Shutting down and abandoning module SlateRHIRenderer (22)
[2023.12.24-00.12.32:783][  0]LogModuleManager: Shutting down and abandoning module AnimGraphRuntime (20)
[2023.12.24-00.12.32:783][  0]LogModuleManager: Shutting down and abandoning module Renderer (18)
[2023.12.24-00.12.32:784][  0]LogModuleManager: Shutting down and abandoning module Engine (16)
[2023.12.24-00.12.32:784][  0]LogModuleManager: Shutting down and abandoning module CoreUObject (14)
[2023.12.24-00.12.32:785][  0]LogModuleManager: Shutting down and abandoning module NetworkFile (12)
[2023.12.24-00.12.32:785][  0]LogModuleManager: Shutting down and abandoning module CookedIterativeFile (10)
[2023.12.24-00.12.32:785][  0]LogModuleManager: Shutting down and abandoning module StreamingFile (8)
[2023.12.24-00.12.32:785][  0]LogModuleManager: Shutting down and abandoning module SandboxFile (6)
[2023.12.24-00.12.32:785][  0]LogModuleManager: Shutting down and abandoning module PakFile (4)
[2023.12.24-00.12.32:786][  0]LogModuleManager: Shutting down and abandoning module RSA (3)
[2023.12.24-00.12.33:090][  0]LogContentStreaming: Display: There are 1 unreleased StreamingManagers
[2023.12.24-00.12.33:101][  0]LogExit: Exiting.
[2023.12.24-00.12.33:127][  0]Log file closed, 12/24/23 00:12:33
